<?xml version="1.0" encoding="utf-8"?>
<TestRun id="a72fa52f-63bb-4f61-8be6-3d5f85b38405" name="User@DESKTOP-R4SJ94J 2026-08-08 18:31:52" runUser="DESKTOP-R4SJ94J\User" xmlns="http://microsoft.com/schemas/VisualStudio/TeamTest/2010">
  <Times creation="2026-08-08T18:31:52.4413239+08:00" queuing="2026-08-08T18:31:52.4413240+08:00" start="2026-08-08T18:31:51.7388799+08:00" finish="2026-08-08T18:31:53.5051610+08:00" />
  <TestSettings name="default" id="bb48a491-af40-4fcc-ba99-b4b19cda0b85">
    <Deployment runDeploymentRoot="User_DESKTOP-R4SJ94J_2026-08-08_18_31_52" />
  </TestSettings>
  <Results>
    <UnitTestResult executionId="53bbd181-60c4-4207-ae38-22ee2b181931" testId="accf8d54-1880-9928-6a03-39a8162eda24" testName="StockSense.Tests.ApiErrorMessageTests.Exception_details_are_not_shown(exception: System.Threading.Tasks.TaskCanceledException: fetch aborted, expected: &quot;The request was cancelled.&quot;)" computerName="DESKTOP-R4SJ94J" duration="00:00:00.0001199" startTime="2026-08-08T18:31:52.4307896+08:00" endTime="2026-08-08T18:31:52.4307896+08:00" testType="13cdc9d9-ddb5-4fa4-a97d-d965ccfc6d4b" outcome="Passed" testListId="8c84fa94-04c1-424b-9868-57a2d4851a1d" relativeResultsDirectory="53bbd181-60c4-4207-ae38-22ee2b181931" />
    <UnitTestResult executionId="618f2de7-4308-4ef9-9efb-0c09e280dc56" testId="5c00bf49-4636-56bf-1355-43c94027aa8f" testName="StockSense.Tests.ChatbotOptionsTests.TimeoutSeconds_obeys_declared_range(timeoutSeconds: 1, expectedValid: True)" computerName="DESKTOP-R4SJ94J" duration="00:00:00.0000262" startTime="2026-08-08T18:31:52.4329171+08:00" endTime="2026-08-08T18:31:52.4329171+08:00" testType="13cdc9d9-ddb5-4fa4-a97d-d965ccfc6d4b" outcome="Passed" testListId="8c84fa94-04c1-424b-9868-57a2d4851a1d" relativeResultsDirectory="618f2de7-4308-4ef9-9efb-0c09e280dc56" />
    <UnitTestResult executionId="1095ebe9-bed3-4b8f-80f9-ec9b78b5ab3d" testId="044fedca-5751-5569-eb26-b3a73327804f" testName="StockSense.Tests.BusinessControllerUnitTests.Controllers_DeclareExpectedAuthorization(controllerType: typeof(StockSense.Web.Controllers.AuthController), roles: null)" computerName="DESKTOP-R4SJ94J" duration="00:00:00.0002606" startTime="2026-08-08T18:31:53.2138745+08:00" endTime="2026-08-08T18:31:53.2138746+08:00" testType="13cdc9d9-ddb5-4fa4-a97d-d965ccfc6d4b" outcome="Passed" testListId="8c84fa94-04c1-424b-9868-57a2d4851a1d" relativeResultsDirectory="1095ebe9-bed3-4b8f-80f9-ec9b78b5ab3d" />
    <UnitTestResult executionId="1981a721-5569-40f7-8ecd-fd1fa6e7be70" testId="3ade0afb-e637-2c4e-1890-ec27fe455094" testName="StockSense.Tests.WorkOrderRulesTests.ValidNonCheckoutTransition_IsAccepted(current: &quot;Pending&quot;, target: &quot;Cancelled&quot;)" computerName="DESKTOP-R4SJ94J" duration="00:00:00.0001166" startTime="2026-08-08T18:31:52.4313446+08:00" endTime="2026-08-08T18:31:52.4313447+08:00" testType="13cdc9d9-ddb5-4fa4-a97d-d965ccfc6d4b" outcome="Passed" testListId="8c84fa94-04c1-424b-9868-57a2d4851a1d" relativeResultsDirectory="1981a721-5569-40f7-8ecd-fd1fa6e7be70" />
    <UnitTestResult executionId="4bb454de-d4fd-472d-8c49-3734403961d9" testId="c6651f5e-cef3-312c-229e-e9d5e185a25d" testName="StockSense.Tests.OrderSlipMathTests.MaximumStockLevel_CapsAtWholePackage" computerName="DESKTOP-R4SJ94J" duration="00:00:00.0000499" startTime="2026-08-08T18:31:52.4340467+08:00" endTime="2026-08-08T18:31:52.4340468+08:00" testType="13cdc9d9-ddb5-4fa4-a97d-d965ccfc6d4b" outcome="Passed" testListId="8c84fa94-04c1-424b-9868-57a2d4851a1d" relativeResultsDirectory="4bb454de-d4fd-472d-8c49-3734403961d9" />
    <UnitTestResult executionId="470c8726-bd45-4b8c-800e-6365fde69af6" testId="44437f98-9edb-d626-dd32-7f3ccf961710" testName="StockSense.Tests.SafetyStockMathTests.Calculate_ThirtyToFiftyNineDays_UsesFiftyFiftyBlend" computerName="DESKTOP-R4SJ94J" duration="00:00:00.0001269" startTime="2026-08-08T18:31:52.5441225+08:00" endTime="2026-08-08T18:31:52.5441226+08:00" testType="13cdc9d9-ddb5-4fa4-a97d-d965ccfc6d4b" outcome="Passed" testListId="8c84fa94-04c1-424b-9868-57a2d4851a1d" relativeResultsDirectory="470c8726-bd45-4b8c-800e-6365fde69af6" />
    <UnitTestResult executionId="37a1490a-ce34-4f61-9f5d-39fb1977bfbd" testId="250ad642-7539-9052-8ba0-e61568f53d2d" testName="StockSense.Tests.SafetyStockMathTests.Calculate_SixtyToEightyNineDays_UsesSeventyThirtyBlendAndCeiling" computerName="DESKTOP-R4SJ94J" duration="00:00:00.1214821" startTime="2026-08-08T18:31:52.5404444+08:00" endTime="2026-08-08T18:31:52.5404446+08:00" testType="13cdc9d9-ddb5-4fa4-a97d-d965ccfc6d4b" outcome="Passed" testListId="8c84fa94-04c1-424b-9868-57a2d4851a1d" relativeResultsDirectory="37a1490a-ce34-4f61-9f5d-39fb1977bfbd" />
    <UnitTestResult executionId="9d33afb6-d566-4fff-90b5-427135c24c3c" testId="5f4bfaff-1e67-e8cb-193f-3280a340c493" testName="StockSense.Tests.AssistanceSuggestionsTests.Admin_suggestions_cover_management_operations" computerName="DESKTOP-R4SJ94J" duration="00:00:00.0004003" startTime="2026-08-08T18:31:52.4446376+08:00" endTime="2026-08-08T18:31:52.4446376+08:00" testType="13cdc9d9-ddb5-4fa4-a97d-d965ccfc6d4b" outcome="Passed" testListId="8c84fa94-04c1-424b-9868-57a2d4851a1d" relativeResultsDirectory="9d33afb6-d566-4fff-90b5-427135c24c3c" />
    <UnitTestResult executionId="121d138e-1a36-4d0c-b2b3-690111eb370f" testId="5771ad06-74a0-354e-f7a6-5c13e525ee97" testName="StockSense.Tests.ChatMessageFormatterTests.Parse_recognizes_customer_employee_and_admin_report_tables(content: &quot;Sales summary for August 6, 2026.\n\n| Product | U&quot;···, expectedHeader: &quot;Product&quot;, expectedFirstCell: &quot;Engine Oil&quot;)" computerName="DESKTOP-R4SJ94J" duration="00:00:00.0003155" startTime="2026-08-08T18:31:52.4466209+08:00" endTime="2026-08-08T18:31:52.4466210+08:00" testType="13cdc9d9-ddb5-4fa4-a97d-d965ccfc6d4b" outcome="Passed" testListId="8c84fa94-04c1-424b-9868-57a2d4851a1d" relativeResultsDirectory="121d138e-1a36-4d0c-b2b3-690111eb370f" />
    <UnitTestResult executionId="ca2305c1-c3d8-4eea-aa6a-cb47b47f8fcc" testId="d6b8cbbd-f9f8-23e4-1341-5890db32e3a6" testName="StockSense.Tests.ChatbotOptionsTests.TimeoutSeconds_obeys_declared_range(timeoutSeconds: 120, expectedValid: True)" computerName="DESKTOP-R4SJ94J" duration="00:00:00.0004131" startTime="2026-08-08T18:31:52.4326008+08:00" endTime="2026-08-08T18:31:52.4326008+08:00" testType="13cdc9d9-ddb5-4fa4-a97d-d965ccfc6d4b" outcome="Passed" testListId="8c84fa94-04c1-424b-9868-57a2d4851a1d" relativeResultsDirectory="ca2305c1-c3d8-4eea-aa6a-cb47b47f8fcc" />
    <UnitTestResult executionId="c04e903d-ac62-4bf3-8e58-f54cbe480a3f" testId="be0ee8b2-16cc-4474-7250-ab05eb045755" testName="StockSense.Tests.AssistanceSuggestionsTests.Unknown_role_uses_customer_presentation" computerName="DESKTOP-R4SJ94J" duration="00:00:00.0044431" startTime="2026-08-08T18:31:52.4325425+08:00" endTime="2026-08-08T18:31:52.4325425+08:00" testType="13cdc9d9-ddb5-4fa4-a97d-d965ccfc6d4b" outcome="Passed" testListId="8c84fa94-04c1-424b-9868-57a2d4851a1d" relativeResultsDirectory="c04e903d-ac62-4bf3-8e58-f54cbe480a3f" />
    <UnitTestResult executionId="b097cdc2-ddf9-4581-b0a4-0b554f628375" testId="c6432736-a97e-bf38-abb9-7cdbfdf6f819" testName="StockSense.Tests.ChatMessageFormatterTests.Parse_recognizes_ordered_list_variants(content: &quot;1. First\n2. Second&quot;)" computerName="DESKTOP-R4SJ94J" duration="00:00:00.0041604" startTime="2026-08-08T18:31:52.4465740+08:00" endTime="2026-08-08T18:31:52.4465740+08:00" testType="13cdc9d9-ddb5-4fa4-a97d-d965ccfc6d4b" outcome="Passed" testListId="8c84fa94-04c1-424b-9868-57a2d4851a1d" relativeResultsDirectory="b097cdc2-ddf9-4581-b0a4-0b554f628375" />
    <UnitTestResult executionId="5b04cee9-1968-4210-ae15-356d3744d1ea" testId="64caa3db-d0eb-f516-1cb9-7589a5e21c3d" testName="StockSense.Tests.ProductImageUploadValidationTests.UploadProductImage_RejectsUnsupportedFileTypes(fileName: &quot;image.txt&quot;, contentType: &quot;text/plain&quot;)" computerName="DESKTOP-R4SJ94J" duration="00:00:00.0002654" startTime="2026-08-08T18:31:53.2435384+08:00" endTime="2026-08-08T18:31:53.2435385+08:00" testType="13cdc9d9-ddb5-4fa4-a97d-d965ccfc6d4b" outcome="Passed" testListId="8c84fa94-04c1-424b-9868-57a2d4851a1d" relativeResultsDirectory="5b04cee9-1968-4210-ae15-356d3744d1ea" />
    <UnitTestResult executionId="b52762ff-512f-4d7d-95b9-9511cf5213a5" testId="ae929e14-8641-6d33-cba4-3b5e1ab4208d" testName="StockSense.Tests.OrderSlipMathTests.Cancellation_RejectsOnlyTerminalOrders(status: &quot;Completed&quot;, hasReceivedItems: False)" computerName="DESKTOP-R4SJ94J" duration="00:00:00.0000631" startTime="2026-08-08T18:31:52.4457591+08:00" endTime="2026-08-08T18:31:52.4457591+08:00" testType="13cdc9d9-ddb5-4fa4-a97d-d965ccfc6d4b" outcome="Passed" testListId="8c84fa94-04c1-424b-9868-57a2d4851a1d" relativeResultsDirectory="b52762ff-512f-4d7d-95b9-9511cf5213a5" />
    <UnitTestResult executionId="0c00c4ae-3f24-4066-8a75-25a7268a78f6" testId="4166fb4e-6cdb-0735-fe5d-c6983f60f0f1" testName="StockSense.Tests.OrderSlipMathTests.InvalidStatusTransitions_AreRejected(current: &quot;Draft&quot;, target: &quot;Ordered&quot;)" computerName="DESKTOP-R4SJ94J" duration="00:00:00.0000014" startTime="2026-08-08T18:31:52.4462459+08:00" endTime="2026-08-08T18:31:52.4462459+08:00" testType="13cdc9d9-ddb5-4fa4-a97d-d965ccfc6d4b" outcome="Passed" testListId="8c84fa94-04c1-424b-9868-57a2d4851a1d" relativeResultsDirectory="0c00c4ae-3f24-4066-8a75-25a7268a78f6" />
    <UnitTestResult executionId="8f6c1a72-44c0-4793-b346-1020e9910c2c" testId="60334b26-e14a-9ba3-102b-ed5500eefc92" testName="StockSense.Tests.SafetyStockMathTests.ValidateSetting_RejectsInvalidNumericLimits" computerName="DESKTOP-R4SJ94J" duration="00:00:00.0001702" startTime="2026-08-08T18:31:52.5449017+08:00" endTime="2026-08-08T18:31:52.5449018+08:00" testType="13cdc9d9-ddb5-4fa4-a97d-d965ccfc6d4b" outcome="Passed" testListId="8c84fa94-04c1-424b-9868-57a2d4851a1d" relativeResultsDirectory="8f6c1a72-44c0-4793-b346-1020e9910c2c" />
    <UnitTestResult executionId="4d4ed8d7-7b24-4486-9dad-039b324fc738" testId="843dcb3e-f102-c7db-7ffc-db02ffbc6a5f" testName="StockSense.Tests.AssistanceClientTests.AskAsync_rejects_empty_or_malformed_responses(body: &quot;{\&quot;reply\&quot;:\&quot;   \&quot;}&quot;)" computerName="DESKTOP-R4SJ94J" duration="00:00:00.0004198" startTime="2026-08-08T18:31:52.5629110+08:00" endTime="2026-08-08T18:31:52.5629111+08:00" testType="13cdc9d9-ddb5-4fa4-a97d-d965ccfc6d4b" outcome="Passed" testListId="8c84fa94-04c1-424b-9868-57a2d4851a1d" relativeResultsDirectory="4d4ed8d7-7b24-4486-9dad-039b324fc738" />
    <UnitTestResult executionId="ec347b2f-1829-4fdd-abfd-4a232d506c2e" testId="1e2a5398-df80-855b-d3b3-359165cfb6c3" testName="StockSense.Tests.ProductImageUploadValidationTests.UploadProductImage_RejectsUnsupportedFileTypes(fileName: &quot;image.gif&quot;, contentType: &quot;image/gif&quot;)" computerName="DESKTOP-R4SJ94J" duration="00:00:00.0009345" startTime="2026-08-08T18:31:53.2432156+08:00" endTime="2026-08-08T18:31:53.2432158+08:00" testType="13cdc9d9-ddb5-4fa4-a97d-d965ccfc6d4b" outcome="Passed" testListId="8c84fa94-04c1-424b-9868-57a2d4851a1d" relativeResultsDirectory="ec347b2f-1829-4fdd-abfd-4a232d506c2e" />
    <UnitTestResult executionId="06bf9626-e0a6-44e0-9ab6-c2980b351604" testId="e004a742-c045-60ee-4d74-dd7e0db6a4e3" testName="StockSense.Tests.ApiErrorMessageTests.Technical_or_raw_payloads_use_a_safe_fallback(body: &quot;{\&quot;error\&quot;:\&quot;System.InvalidOperationException: fai&quot;···)" computerName="DESKTOP-R4SJ94J" duration="00:00:00.0001520" startTime="2026-08-08T18:31:52.4332955+08:00" endTime="2026-08-08T18:31:52.4332955+08:00" testType="13cdc9d9-ddb5-4fa4-a97d-d965ccfc6d4b" outcome="Passed" testListId="8c84fa94-04c1-424b-9868-57a2d4851a1d" relativeResultsDirectory="06bf9626-e0a6-44e0-9ab6-c2980b351604" />
    <UnitTestResult executionId="8aaffcac-dc47-430a-bfc0-5a88f36ee10c" testId="d73227c8-4016-ba9b-88ae-d3cbd21e1938" testName="StockSense.Tests.ApiErrorMessageTests.Technical_or_raw_payloads_use_a_safe_fallback(body: &quot;{\&quot;title\&quot;:\&quot;Internal Server Error\&quot;,\&quot;traceId\&quot;:\&quot;···)" computerName="DESKTOP-R4SJ94J" duration="00:00:00.0049512" startTime="2026-08-08T18:31:52.4329973+08:00" endTime="2026-08-08T18:31:52.4329973+08:00" testType="13cdc9d9-ddb5-4fa4-a97d-d965ccfc6d4b" outcome="Passed" testListId="8c84fa94-04c1-424b-9868-57a2d4851a1d" relativeResultsDirectory="8aaffcac-dc47-430a-bfc0-5a88f36ee10c" />
    <UnitTestResult executionId="e1fa7406-04d1-41d2-b0ff-a665faad2d70" testId="25da3c01-2299-24d6-8e25-edd240664ca2" testName="StockSense.Tests.ProductImageUploadValidationTests.UploadProductImage_RejectsExcessiveDecodedDimensionBeforeDatabaseAccess" computerName="DESKTOP-R4SJ94J" duration="00:00:00.0043256" startTime="2026-08-08T18:31:53.2498837+08:00" endTime="2026-08-08T18:31:53.2498838+08:00" testType="13cdc9d9-ddb5-4fa4-a97d-d965ccfc6d4b" outcome="Passed" testListId="8c84fa94-04c1-424b-9868-57a2d4851a1d" relativeResultsDirectory="e1fa7406-04d1-41d2-b0ff-a665faad2d70" />
    <UnitTestResult executionId="67e21f52-4770-41e3-a074-d27848f0f098" testId="1c7468a6-bc65-5648-16ef-441094f3f570" testName="StockSense.Tests.OrderSlipMathTests.InvalidStatusTransitions_AreRejected(current: &quot;Completed&quot;, target: &quot;Approved&quot;)" computerName="DESKTOP-R4SJ94J" duration="00:00:00.0000036" startTime="2026-08-08T18:31:52.4462230+08:00" endTime="2026-08-08T18:31:52.4462230+08:00" testType="13cdc9d9-ddb5-4fa4-a97d-d965ccfc6d4b" outcome="Passed" testListId="8c84fa94-04c1-424b-9868-57a2d4851a1d" relativeResultsDirectory="67e21f52-4770-41e3-a074-d27848f0f098" />
    <UnitTestResult executionId="713f403f-07b3-4558-950d-69aa4e1dc1d4" testId="cd071922-4d6f-8b30-5d09-b5bb76f047ab" testName="StockSense.Tests.BusinessControllerUnitTests.MutatingSupplierAction_IsAdminOnly" computerName="DESKTOP-R4SJ94J" duration="00:00:00.0001885" startTime="2026-08-08T18:31:53.4193243+08:00" endTime="2026-08-08T18:31:53.4193243+08:00" testType="13cdc9d9-ddb5-4fa4-a97d-d965ccfc6d4b" outcome="Passed" testListId="8c84fa94-04c1-424b-9868-57a2d4851a1d" relativeResultsDirectory="713f403f-07b3-4558-950d-69aa4e1dc1d4" />
    <UnitTestResult executionId="337fd704-347d-4318-9d41-0072bcb4c07a" testId="de7eb426-94a9-27f8-8775-e9f116a9b171" testName="StockSense.Tests.WorkOrderRulesTests.UnknownStatusTransition_IsRejected(current: &quot;&quot;, target: &quot;&quot;)" computerName="DESKTOP-R4SJ94J" duration="00:00:00.0000595" startTime="2026-08-08T18:31:52.4316740+08:00" endTime="2026-08-08T18:31:52.4316740+08:00" testType="13cdc9d9-ddb5-4fa4-a97d-d965ccfc6d4b" outcome="Passed" testListId="8c84fa94-04c1-424b-9868-57a2d4851a1d" relativeResultsDirectory="337fd704-347d-4318-9d41-0072bcb4c07a" />
    <UnitTestResult executionId="e6daf039-6ea6-4eb9-a4b1-ac23cc957cbc" testId="c83fe0b8-c882-22f7-76c3-c2f4e58b8910" testName="StockSense.Tests.ChatbotOptionsTests.BaseUrl_accepts_absolute_urls_with_or_without_trailing_slash(baseUrl: &quot;https://internal.example/chatbot&quot;)" computerName="DESKTOP-R4SJ94J" duration="00:00:00.0001104" startTime="2026-08-08T18:31:52.4301038+08:00" endTime="2026-08-08T18:31:52.4301038+08:00" testType="13cdc9d9-ddb5-4fa4-a97d-d965ccfc6d4b" outcome="Passed" testListId="8c84fa94-04c1-424b-9868-57a2d4851a1d" relativeResultsDirectory="e6daf039-6ea6-4eb9-a4b1-ac23cc957cbc" />
    <UnitTestResult executionId="c6bb97cb-d22b-4946-871f-102ca402607c" testId="afb31e81-ba2a-8201-6b74-1864774e710b" testName="StockSense.Tests.ProductInventoryUpdateSqlServerTests.StaleProductVersion_ReturnsConflictAndCreatesNoAudit" computerName="DESKTOP-R4SJ94J" duration="00:00:00.0010000" startTime="2026-08-08T18:31:52.4219017+08:00" endTime="2026-08-08T18:31:52.4219018+08:00" testType="13cdc9d9-ddb5-4fa4-a97d-d965ccfc6d4b" outcome="NotExecuted" testListId="8c84fa94-04c1-424b-9868-57a2d4851a1d" relativeResultsDirectory="c6bb97cb-d22b-4946-871f-102ca402607c">
      <Output>
        <ErrorInfo>
          <Message>Set STOCKSENSE_TEST_SQL_CONNECTION to run SQL Server integration tests.</Message>
        </ErrorInfo>
      </Output>
    </UnitTestResult>
    <UnitTestResult executionId="2a684540-1b6c-4b62-90c7-5133b00db04f" testId="31a02b67-5646-393a-b5d3-2d7033931ddd" testName="StockSense.Tests.ApiErrorMessageTests.Problem_details_validation_errors_are_combined_without_json" computerName="DESKTOP-R4SJ94J" duration="00:00:00.0068623" startTime="2026-08-08T18:31:52.4468923+08:00" endTime="2026-08-08T18:31:52.4468923+08:00" testType="13cdc9d9-ddb5-4fa4-a97d-d965ccfc6d4b" outcome="Passed" testListId="8c84fa94-04c1-424b-9868-57a2d4851a1d" relativeResultsDirectory="2a684540-1b6c-4b62-90c7-5133b00db04f" />
    <UnitTestResult executionId="40d17645-c206-4fc5-b881-4762f34b81fc" testId="7315d1f8-9b10-3fdb-c4e6-f8716ed88c11" testName="StockSense.Tests.AdminControllerRoleTests.ChangeRole_RejectsAuthenticatedAdminsOwnUserId" computerName="DESKTOP-R4SJ94J" duration="00:00:00.0007282" startTime="2026-08-08T18:31:52.5514893+08:00" endTime="2026-08-08T18:31:52.5514894+08:00" testType="13cdc9d9-ddb5-4fa4-a97d-d965ccfc6d4b" outcome="Passed" testListId="8c84fa94-04c1-424b-9868-57a2d4851a1d" relativeResultsDirectory="40d17645-c206-4fc5-b881-4762f34b81fc" />
    <UnitTestResult executionId="c1723cf7-c5e1-41c3-a039-257c86e84451" testId="6cf4a130-f7c6-f366-1112-1411ba24cb9c" testName="StockSense.Tests.WorkOrderRulesTests.CompletionAndTerminalDirect_AreRejectedByGenericStatusFlow(current: &quot;Confirmed&quot;, target: &quot;Completed&quot;)" computerName="DESKTOP-R4SJ94J" duration="00:00:00.0001138" startTime="2026-08-08T18:31:52.4317761+08:00" endTime="2026-08-08T18:31:52.4317761+08:00" testType="13cdc9d9-ddb5-4fa4-a97d-d965ccfc6d4b" outcome="Passed" testListId="8c84fa94-04c1-424b-9868-57a2d4851a1d" relativeResultsDirectory="c1723cf7-c5e1-41c3-a039-257c86e84451" />
    <UnitTestResult executionId="253197b1-4593-442d-be64-02a7c957fc97" testId="8943caaf-54ef-9020-fc66-72189849c1f5" testName="StockSense.Tests.AssistanceControllerTests.Employee_direct_database_wording_is_denied_case_insensitively(message: &quot;SeLeCt * FrOm Products&quot;)" computerName="DESKTOP-R4SJ94J" duration="00:00:00.0003524" startTime="2026-08-08T18:31:52.5581595+08:00" endTime="2026-08-08T18:31:52.5581596+08:00" testType="13cdc9d9-ddb5-4fa4-a97d-d965ccfc6d4b" outcome="Passed" testListId="8c84fa94-04c1-424b-9868-57a2d4851a1d" relativeResultsDirectory="253197b1-4593-442d-be64-02a7c957fc97" />
    <UnitTestResult executionId="6a43472e-5a30-47f2-8cca-09f870a7580d" testId="accf8d54-1880-9928-6a03-39a8162eda24" testName="StockSense.Tests.ApiErrorMessageTests.Exception_details_are_not_shown(exception: System.Net.Http.HttpRequestException: Connection refused at 127.0.0.1, expected: &quot;Unable to reach the server. Check your connection &quot;···)" computerName="DESKTOP-R4SJ94J" duration="00:00:00.0035828" startTime="2026-08-08T18:31:52.4300862+08:00" endTime="2026-08-08T18:31:52.4300862+08:00" testType="13cdc9d9-ddb5-4fa4-a97d-d965ccfc6d4b" outcome="Passed" testListId="8c84fa94-04c1-424b-9868-57a2d4851a1d" relativeResultsDirectory="6a43472e-5a30-47f2-8cca-09f870a7580d" />
    <UnitTestResult executionId="ef7c750e-6ca9-422b-a19b-810aef12ffa6" testId="4b1c2d29-f8e0-4c80-ce82-b990a338b5bb" testName="StockSense.Tests.ChatbotOptionsTests.TimeoutSeconds_obeys_declared_range(timeoutSeconds: 30, expectedValid: True)" computerName="DESKTOP-R4SJ94J" duration="00:00:00.0050934" startTime="2026-08-08T18:31:52.4325628+08:00" endTime="2026-08-08T18:31:52.4325629+08:00" testType="13cdc9d9-ddb5-4fa4-a97d-d965ccfc6d4b" outcome="Passed" testListId="8c84fa94-04c1-424b-9868-57a2d4851a1d" relativeResultsDirectory="ef7c750e-6ca9-422b-a19b-810aef12ffa6" />
    <UnitTestResult executionId="c973b970-3464-4b9c-a91a-04c181bfa169" testId="5ca2167f-6b73-f327-ed24-2589b7f9d562" testName="StockSense.Tests.AssistanceChatLifecycleTests.Expected_navigation_interruptions_are_limited_to_teardown_failures(exception: System.ObjectDisposedException: Cannot access a disposed object.&#xD;&#xA;Object name: 'component'., expected: True)" computerName="DESKTOP-R4SJ94J" duration="00:00:00.0000046" startTime="2026-08-08T18:31:52.4321758+08:00" endTime="2026-08-08T18:31:52.4321758+08:00" testType="13cdc9d9-ddb5-4fa4-a97d-d965ccfc6d4b" outcome="Passed" testListId="8c84fa94-04c1-424b-9868-57a2d4851a1d" relativeResultsDirectory="c973b970-3464-4b9c-a91a-04c181bfa169" />
    <UnitTestResult executionId="1144b77d-7080-450b-872f-781f2f0b4b73" testId="678eba18-8930-0270-e089-c21cee6deb84" testName="StockSense.Tests.AssistanceClientTests.AskAsync_rejects_empty_or_malformed_responses(body: &quot;&quot;)" computerName="DESKTOP-R4SJ94J" duration="00:00:00.0908669" startTime="2026-08-08T18:31:52.6538657+08:00" endTime="2026-08-08T18:31:52.6538663+08:00" testType="13cdc9d9-ddb5-4fa4-a97d-d965ccfc6d4b" outcome="Passed" testListId="8c84fa94-04c1-424b-9868-57a2d4851a1d" relativeResultsDirectory="1144b77d-7080-450b-872f-781f2f0b4b73" />
    <UnitTestResult executionId="8c79eaf1-461b-4852-b338-dc32f945593d" testId="d8de3711-d701-4e2c-78ff-aa7a311a9fcf" testName="StockSense.Tests.OrderSlipMathTests.QuantityValidation_EnforcesOrderingRules(quantity: 12, minimum: 10, package: 5, maximum: 0, expectedErrorFragment: &quot;multiple&quot;)" computerName="DESKTOP-R4SJ94J" duration="00:00:00.0002317" startTime="2026-08-08T18:31:52.4458227+08:00" endTime="2026-08-08T18:31:52.4458227+08:00" testType="13cdc9d9-ddb5-4fa4-a97d-d965ccfc6d4b" outcome="Passed" testListId="8c84fa94-04c1-424b-9868-57a2d4851a1d" relativeResultsDirectory="8c79eaf1-461b-4852-b338-dc32f945593d" />
    <UnitTestResult executionId="3aa74339-b2cd-4e52-8315-0661aad082a8" testId="80115aa5-0e38-30a3-5b86-414bb2e50342" testName="StockSense.Tests.OrderSlipMathTests.ValidStatusTransitions_AreAccepted(current: &quot;PartiallyReceived&quot;, target: &quot;Completed&quot;)" computerName="DESKTOP-R4SJ94J" duration="00:00:00.0001580" startTime="2026-08-08T18:31:52.4337015+08:00" endTime="2026-08-08T18:31:52.4337015+08:00" testType="13cdc9d9-ddb5-4fa4-a97d-d965ccfc6d4b" outcome="Passed" testListId="8c84fa94-04c1-424b-9868-57a2d4851a1d" relativeResultsDirectory="3aa74339-b2cd-4e52-8315-0661aad082a8" />
    <UnitTestResult executionId="aced74f4-adef-4dbf-aa0b-867a145a41d9" testId="832c4c59-4081-38ca-c400-97c81d9922fa" testName="StockSense.Tests.ChatMessageFormatterTests.Parse_empty_content_returns_no_blocks(content: &quot;   \r\n  &quot;)" computerName="DESKTOP-R4SJ94J" duration="00:00:00.0001667" startTime="2026-08-08T18:31:52.4469412+08:00" endTime="2026-08-08T18:31:52.4469412+08:00" testType="13cdc9d9-ddb5-4fa4-a97d-d965ccfc6d4b" outcome="Passed" testListId="8c84fa94-04c1-424b-9868-57a2d4851a1d" relativeResultsDirectory="aced74f4-adef-4dbf-aa0b-867a145a41d9" />
    <UnitTestResult executionId="cf854edb-699c-4168-9f50-eb34de61f2d9" testId="94575129-4383-50fc-3cdc-c665ed89e686" testName="StockSense.Tests.AssistanceControllerTests.Employee_cannot_use_legacy_direct_database_queries" computerName="DESKTOP-R4SJ94J" duration="00:00:00.0002694" startTime="2026-08-08T18:31:52.5595467+08:00" endTime="2026-08-08T18:31:52.5595468+08:00" testType="13cdc9d9-ddb5-4fa4-a97d-d965ccfc6d4b" outcome="Passed" testListId="8c84fa94-04c1-424b-9868-57a2d4851a1d" relativeResultsDirectory="cf854edb-699c-4168-9f50-eb34de61f2d9" />
    <UnitTestResult executionId="41437086-da07-41ab-8a83-a3c1f9778e9d" testId="dbb5a5d0-a402-f59f-f96a-9e7bc24f63b9" testName="StockSense.Tests.ApiErrorMessageTests.Status_fallbacks_never_expose_codes(status: Conflict, expected: &quot;This information changed. Reload and try again.&quot;)" computerName="DESKTOP-R4SJ94J" duration="00:00:00.0000048" startTime="2026-08-08T18:31:52.4443335+08:00" endTime="2026-08-08T18:31:52.4443335+08:00" testType="13cdc9d9-ddb5-4fa4-a97d-d965ccfc6d4b" outcome="Passed" testListId="8c84fa94-04c1-424b-9868-57a2d4851a1d" relativeResultsDirectory="41437086-da07-41ab-8a83-a3c1f9778e9d" />
    <UnitTestResult executionId="64f74df2-c313-4a62-a4eb-80809652da94" testId="997e245e-af40-c057-ac4e-e62806ed1e84" testName="StockSense.Tests.OrderSlipMathTests.CompletedReceipt_RecalculatesAllSupplierProducts" computerName="DESKTOP-R4SJ94J" duration="00:00:00.0032111" startTime="2026-08-08T18:31:52.4454711+08:00" endTime="2026-08-08T18:31:52.4454711+08:00" testType="13cdc9d9-ddb5-4fa4-a97d-d965ccfc6d4b" outcome="Passed" testListId="8c84fa94-04c1-424b-9868-57a2d4851a1d" relativeResultsDirectory="64f74df2-c313-4a62-a4eb-80809652da94" />
    <UnitTestResult executionId="890c430e-cfd0-48e4-8ab3-e0e8e9679b9c" testId="c390983b-4703-8f7c-0e70-255ea0cff489" testName="StockSense.Tests.ChatMessageFormatterTests.Parse_recognizes_headings_lists_code_and_paragraphs_in_order" computerName="DESKTOP-R4SJ94J" duration="00:00:00.0007228" startTime="2026-08-08T18:31:52.4469242+08:00" endTime="2026-08-08T18:31:52.4469243+08:00" testType="13cdc9d9-ddb5-4fa4-a97d-d965ccfc6d4b" outcome="Passed" testListId="8c84fa94-04c1-424b-9868-57a2d4851a1d" relativeResultsDirectory="890c430e-cfd0-48e4-8ab3-e0e8e9679b9c" />
    <UnitTestResult executionId="6095ca48-777c-4aaf-ac44-39ecb964a27b" testId="5ca2167f-6b73-f327-ed24-2589b7f9d562" testName="StockSense.Tests.AssistanceChatLifecycleTests.Expected_navigation_interruptions_are_limited_to_teardown_failures(exception: System.Threading.Tasks.TaskCanceledException: A task was canceled., expected: True)" computerName="DESKTOP-R4SJ94J" duration="00:00:00.0004450" startTime="2026-08-08T18:31:52.4321568+08:00" endTime="2026-08-08T18:31:52.4321568+08:00" testType="13cdc9d9-ddb5-4fa4-a97d-d965ccfc6d4b" outcome="Passed" testListId="8c84fa94-04c1-424b-9868-57a2d4851a1d" relativeResultsDirectory="6095ca48-777c-4aaf-ac44-39ecb964a27b" />
    <UnitTestResult executionId="4bd334c8-bf9e-4d3b-9e4d-b10b5aa204a7" testId="56ae257f-57f3-4295-20cb-077d21116783" testName="StockSense.Tests.ChatMessageFormatterTests.Parse_keeps_html_as_text_instead_of_creating_markup" computerName="DESKTOP-R4SJ94J" duration="00:00:00.0000801" startTime="2026-08-08T18:31:52.4472460+08:00" endTime="2026-08-08T18:31:52.4472461+08:00" testType="13cdc9d9-ddb5-4fa4-a97d-d965ccfc6d4b" outcome="Passed" testListId="8c84fa94-04c1-424b-9868-57a2d4851a1d" relativeResultsDirectory="4bd334c8-bf9e-4d3b-9e4d-b10b5aa204a7" />
    <UnitTestResult executionId="a66cde64-b5e8-47b6-82d2-e40effae5484" testId="305bcab9-32b4-cd9c-f3b0-33a42d555fb1" testName="StockSense.Tests.SafetyStockMathTests.ResolveZScore_ReturnsEverySupportedMapping" computerName="DESKTOP-R4SJ94J" duration="00:00:00.0099056" startTime="2026-08-08T18:31:52.4324975+08:00" endTime="2026-08-08T18:31:52.4324976+08:00" testType="13cdc9d9-ddb5-4fa4-a97d-d965ccfc6d4b" outcome="Passed" testListId="8c84fa94-04c1-424b-9868-57a2d4851a1d" relativeResultsDirectory="a66cde64-b5e8-47b6-82d2-e40effae5484" />
    <UnitTestResult executionId="50f2db12-5e11-4557-b13b-d7506d0f3421" testId="645e3bdb-72ee-33bb-87b6-9773ecb10190" testName="StockSense.Tests.AssistanceSuggestionsTests.Employee_suggestions_stay_within_operational_tasks" computerName="DESKTOP-R4SJ94J" duration="00:00:00.0005883" startTime="2026-08-08T18:31:52.4438570+08:00" endTime="2026-08-08T18:31:52.4438573+08:00" testType="13cdc9d9-ddb5-4fa4-a97d-d965ccfc6d4b" outcome="Passed" testListId="8c84fa94-04c1-424b-9868-57a2d4851a1d" relativeResultsDirectory="50f2db12-5e11-4557-b13b-d7506d0f3421" />
    <UnitTestResult executionId="5a037b69-bf53-4fc4-be49-3418c3775076" testId="7aa14037-2aa3-58c3-e1e8-2a3f25010b7c" testName="StockSense.Tests.OrderSlipMathTests.PartialReceipt_RecalculatesOnlyAffectedProducts" computerName="DESKTOP-R4SJ94J" duration="00:00:00.0002630" startTime="2026-08-08T18:31:52.4465620+08:00" endTime="2026-08-08T18:31:52.4465620+08:00" testType="13cdc9d9-ddb5-4fa4-a97d-d965ccfc6d4b" outcome="Passed" testListId="8c84fa94-04c1-424b-9868-57a2d4851a1d" relativeResultsDirectory="5a037b69-bf53-4fc4-be49-3418c3775076" />
    <UnitTestResult executionId="69b39e88-6442-4085-bc13-cd4b08f23ac5" testId="d50cd8de-3e9e-2225-f959-dd5e75942494" testName="StockSense.Tests.OrderSlipMathTests.StatusClassification_SeparatesDuplicatePreventionFromIncoming(status: &quot;Ordered&quot;, isOpen: True, countsAsIncoming: True)" computerName="DESKTOP-R4SJ94J" duration="00:00:00.0001531" startTime="2026-08-08T18:31:52.4333720+08:00" endTime="2026-08-08T18:31:52.4333721+08:00" testType="13cdc9d9-ddb5-4fa4-a97d-d965ccfc6d4b" outcome="Passed" testListId="8c84fa94-04c1-424b-9868-57a2d4851a1d" relativeResultsDirectory="69b39e88-6442-4085-bc13-cd4b08f23ac5" />
    <UnitTestResult executionId="2da8dde2-30da-48df-aee9-d6b6238e7642" testId="6e2f1e15-d38a-f5c3-24a4-1c713e04a1d1" testName="StockSense.Tests.ChatbotOptionsTests.HasSupportedScheme_allows_only_http_and_https(baseUrl: &quot;https://internal.example/chatbot&quot;, expected: True)" computerName="DESKTOP-R4SJ94J" duration="00:00:00.0000058" startTime="2026-08-08T18:31:52.4329827+08:00" endTime="2026-08-08T18:31:52.4329827+08:00" testType="13cdc9d9-ddb5-4fa4-a97d-d965ccfc6d4b" outcome="Passed" testListId="8c84fa94-04c1-424b-9868-57a2d4851a1d" relativeResultsDirectory="2da8dde2-30da-48df-aee9-d6b6238e7642" />
    <UnitTestResult executionId="11f7fdff-d6f3-4d39-aba9-435001d779fa" testId="b2d848ac-9353-8f18-7ae6-d7f4ea026f24" testName="StockSense.Tests.ChatMessageFormatterTests.Formatter_preserves_links_and_script_payloads_as_plain_text_data" computerName="DESKTOP-R4SJ94J" duration="00:00:00.0000568" startTime="2026-08-08T18:31:52.4472628+08:00" endTime="2026-08-08T18:31:52.4472628+08:00" testType="13cdc9d9-ddb5-4fa4-a97d-d965ccfc6d4b" outcome="Passed" testListId="8c84fa94-04c1-424b-9868-57a2d4851a1d" relativeResultsDirectory="11f7fdff-d6f3-4d39-aba9-435001d779fa" />
    <UnitTestResult executionId="4db71746-c08e-4426-90a6-0b4f3e625d15" testId="ec85c5f8-ab89-4e58-5b93-eacd279ae542" testName="StockSense.Tests.BarcodePdfTests.GenerateBarcodeLabelPdf_RejectsUnsupportedFormat(format: &quot;&quot;)" computerName="DESKTOP-R4SJ94J" duration="00:00:00.0000847" startTime="2026-08-08T18:31:53.3877777+08:00" endTime="2026-08-08T18:31:53.3877778+08:00" testType="13cdc9d9-ddb5-4fa4-a97d-d965ccfc6d4b" outcome="Passed" testListId="8c84fa94-04c1-424b-9868-57a2d4851a1d" relativeResultsDirectory="4db71746-c08e-4426-90a6-0b4f3e625d15" />
    <UnitTestResult executionId="44ac7765-2b74-44fe-a937-07dbc3031798" testId="951cae28-5d21-3657-bda7-194f9cf2d624" testName="StockSense.Tests.GlobalStatusStylesTests.AppStyles_ContainProductStatusStates" computerName="DESKTOP-R4SJ94J" duration="00:00:00.0033879" startTime="2026-08-08T18:31:52.4294962+08:00" endTime="2026-08-08T18:31:52.4294962+08:00" testType="13cdc9d9-ddb5-4fa4-a97d-d965ccfc6d4b" outcome="Passed" testListId="8c84fa94-04c1-424b-9868-57a2d4851a1d" relativeResultsDirectory="44ac7765-2b74-44fe-a937-07dbc3031798" />
    <UnitTestResult executionId="d46d3f47-ff18-406d-b575-3d01a899d5a4" testId="661621c7-fa54-7a65-4f9c-a5ba67f6300b" testName="StockSense.Tests.AssistanceClientTests.AskAsync_propagates_cancellation_token_to_http_handler" computerName="DESKTOP-R4SJ94J" duration="00:00:00.0012669" startTime="2026-08-08T18:31:52.6557676+08:00" endTime="2026-08-08T18:31:52.6557678+08:00" testType="13cdc9d9-ddb5-4fa4-a97d-d965ccfc6d4b" outcome="Passed" testListId="8c84fa94-04c1-424b-9868-57a2d4851a1d" relativeResultsDirectory="d46d3f47-ff18-406d-b575-3d01a899d5a4" />
    <UnitTestResult executionId="22e77f2c-4e4a-45c1-ac6d-8c86d0ce03ca" testId="0214adf9-023f-7bcd-4e53-014499b3b0ae" testName="StockSense.Tests.SafetyStockMathTests.Calculate_EnforcesMinimumSafetyStock" computerName="DESKTOP-R4SJ94J" duration="00:00:00.0000994" startTime="2026-08-08T18:31:52.5450273+08:00" endTime="2026-08-08T18:31:52.5450273+08:00" testType="13cdc9d9-ddb5-4fa4-a97d-d965ccfc6d4b" outcome="Passed" testListId="8c84fa94-04c1-424b-9868-57a2d4851a1d" relativeResultsDirectory="22e77f2c-4e4a-45c1-ac6d-8c86d0ce03ca" />
    <UnitTestResult executionId="804c176e-b276-4e90-b94f-542f18e55dd2" testId="1ee83462-fe3b-e9e2-00db-c9529f9917dc" testName="StockSense.Tests.AccountReturnUrlTests.Normalize_allows_only_local_return_paths(value: &quot;admin/dashboard&quot;, expected: &quot;/admin/dashboard&quot;)" computerName="DESKTOP-R4SJ94J" duration="00:00:00.0000037" startTime="2026-08-08T18:31:52.4308446+08:00" endTime="2026-08-08T18:31:52.4308446+08:00" testType="13cdc9d9-ddb5-4fa4-a97d-d965ccfc6d4b" outcome="Passed" testListId="8c84fa94-04c1-424b-9868-57a2d4851a1d" relativeResultsDirectory="804c176e-b276-4e90-b94f-542f18e55dd2" />
    <UnitTestResult executionId="45d99f00-97d8-4c93-b06f-02163c803e1e" testId="a33d3d17-9f15-b677-59f6-1fac6f57556c" testName="StockSense.Tests.BarcodePdfTests.GenerateBarcodeAndQrImages_ReturnPngPayloads" computerName="DESKTOP-R4SJ94J" duration="00:00:00.0098694" startTime="2026-08-08T18:31:53.3983499+08:00" endTime="2026-08-08T18:31:53.3983501+08:00" testType="13cdc9d9-ddb5-4fa4-a97d-d965ccfc6d4b" outcome="Passed" testListId="8c84fa94-04c1-424b-9868-57a2d4851a1d" relativeResultsDirectory="45d99f00-97d8-4c93-b06f-02163c803e1e" />
    <UnitTestResult executionId="1b250226-c7ce-43a2-b551-6f7e7448c713" testId="55474aa1-cabd-2300-bc7a-7382eaf6ec50" testName="StockSense.Tests.ProductInventoryUpdateSqlServerTests.ProductStatusUpdate_persists_and_returns_new_row_version" computerName="DESKTOP-R4SJ94J" duration="00:00:00.0010000" startTime="2026-08-08T18:31:52.4180787+08:00" endTime="2026-08-08T18:31:52.4181022+08:00" testType="13cdc9d9-ddb5-4fa4-a97d-d965ccfc6d4b" outcome="NotExecuted" testListId="8c84fa94-04c1-424b-9868-57a2d4851a1d" relativeResultsDirectory="1b250226-c7ce-43a2-b551-6f7e7448c713">
      <Output>
        <ErrorInfo>
          <Message>Set STOCKSENSE_TEST_SQL_CONNECTION to run SQL Server integration tests.</Message>
        </ErrorInfo>
      </Output>
    </UnitTestResult>
    <UnitTestResult executionId="4602a04c-169b-4aff-a3aa-5916d8bc2da8" testId="b1c45385-f03a-8891-9503-43dce230f24f" testName="StockSense.Tests.ChatMessageFormatterTests.Parse_preserves_unclosed_code_fence_as_code_text" computerName="DESKTOP-R4SJ94J" duration="00:00:00.0001310" startTime="2026-08-08T18:31:52.4466636+08:00" endTime="2026-08-08T18:31:52.4466637+08:00" testType="13cdc9d9-ddb5-4fa4-a97d-d965ccfc6d4b" outcome="Passed" testListId="8c84fa94-04c1-424b-9868-57a2d4851a1d" relativeResultsDirectory="4602a04c-169b-4aff-a3aa-5916d8bc2da8" />
    <UnitTestResult executionId="32497831-87ae-489e-8b66-5f4f611593b9" testId="8937d9a6-74dd-9712-d3db-1c4daa4e9015" testName="StockSense.Tests.MotorcycleSelectionTests.Motorcycle_options_endpoint_is_authenticated_and_returns_existing_records" computerName="DESKTOP-R4SJ94J" duration="00:00:00.0021572" startTime="2026-08-08T18:31:53.2118924+08:00" endTime="2026-08-08T18:31:53.2118925+08:00" testType="13cdc9d9-ddb5-4fa4-a97d-d965ccfc6d4b" outcome="Passed" testListId="8c84fa94-04c1-424b-9868-57a2d4851a1d" relativeResultsDirectory="32497831-87ae-489e-8b66-5f4f611593b9" />
    <UnitTestResult executionId="67a920e2-ff9c-4f6b-a759-8b59dca769da" testId="b5fef935-7f49-a1c8-d733-54e2764af671" testName="StockSense.Tests.AdminControllerRoleTests.ToggleBlock_AllowsAdminToChangeAnotherUsersStatus" computerName="DESKTOP-R4SJ94J" duration="00:00:00.0007226" startTime="2026-08-08T18:31:52.5549623+08:00" endTime="2026-08-08T18:31:52.5549624+08:00" testType="13cdc9d9-ddb5-4fa4-a97d-d965ccfc6d4b" outcome="Passed" testListId="8c84fa94-04c1-424b-9868-57a2d4851a1d" relativeResultsDirectory="67a920e2-ff9c-4f6b-a759-8b59dca769da" />
    <UnitTestResult executionId="4147e2e6-f0b7-4725-b7bd-aa0d5c98b7b5" testId="912055ca-c444-7b33-0bbe-7cc2eb34e689" testName="StockSense.Tests.ChatMessageFormatterTests.Parse_empty_content_returns_no_blocks(content: &quot;&quot;)" computerName="DESKTOP-R4SJ94J" duration="00:00:00.0000922" startTime="2026-08-08T18:31:52.4469543+08:00" endTime="2026-08-08T18:31:52.4469543+08:00" testType="13cdc9d9-ddb5-4fa4-a97d-d965ccfc6d4b" outcome="Passed" testListId="8c84fa94-04c1-424b-9868-57a2d4851a1d" relativeResultsDirectory="4147e2e6-f0b7-4725-b7bd-aa0d5c98b7b5" />
    <UnitTestResult executionId="ba95e52c-74ea-4505-8c18-9801085e6316" testId="7432030f-a258-6696-0c8d-32cd5b8ace4e" testName="StockSense.Tests.ProductInventoryUpdateSqlServerTests.PriceOnlyEdit_CreatesHeaderAuditWithoutStockItem" computerName="DESKTOP-R4SJ94J" duration="00:00:00.0010000" startTime="2026-08-08T18:31:52.4288346+08:00" endTime="2026-08-08T18:31:52.4288347+08:00" testType="13cdc9d9-ddb5-4fa4-a97d-d965ccfc6d4b" outcome="NotExecuted" testListId="8c84fa94-04c1-424b-9868-57a2d4851a1d" relativeResultsDirectory="ba95e52c-74ea-4505-8c18-9801085e6316">
      <Output>
        <ErrorInfo>
          <Message>Set STOCKSENSE_TEST_SQL_CONNECTION to run SQL Server integration tests.</Message>
        </ErrorInfo>
      </Output>
    </UnitTestResult>
    <UnitTestResult executionId="20f90661-4161-49b2-9088-b18b423c508c" testId="d5806d8d-50c1-ec98-1e32-0b01fa2b209a" testName="StockSense.Tests.OrderSlipWorkflowSqlServerTests.ManualDraft_InvalidConfiguredQuantityCreatesNothing" computerName="DESKTOP-R4SJ94J" duration="00:00:00.0010000" startTime="2026-08-08T18:31:52.4452207+08:00" endTime="2026-08-08T18:31:52.4452207+08:00" testType="13cdc9d9-ddb5-4fa4-a97d-d965ccfc6d4b" outcome="NotExecuted" testListId="8c84fa94-04c1-424b-9868-57a2d4851a1d" relativeResultsDirectory="20f90661-4161-49b2-9088-b18b423c508c">
      <Output>
        <ErrorInfo>
          <Message>Set STOCKSENSE_TEST_SQL_CONNECTION to run SQL Server integration tests.</Message>
        </ErrorInfo>
      </Output>
    </UnitTestResult>
    <UnitTestResult executionId="500c7b66-0b98-4aaa-8ad5-6a7888067d91" testId="16535436-a75b-a610-41c0-efb2b8fa4f78" testName="StockSense.Tests.ApiErrorMessageTests.Technical_or_raw_payloads_use_a_safe_fallback(body: &quot;&lt;html&gt;&lt;body&gt;500 Server Error&lt;/body&gt;&lt;/html&gt;&quot;)" computerName="DESKTOP-R4SJ94J" duration="00:00:00.0000113" startTime="2026-08-08T18:31:52.4333166+08:00" endTime="2026-08-08T18:31:52.4333167+08:00" testType="13cdc9d9-ddb5-4fa4-a97d-d965ccfc6d4b" outcome="Passed" testListId="8c84fa94-04c1-424b-9868-57a2d4851a1d" relativeResultsDirectory="500c7b66-0b98-4aaa-8ad5-6a7888067d91" />
    <UnitTestResult executionId="f0d16315-7e56-4322-9e45-e44b26fe8705" testId="017c75b5-e6b5-d6a8-9200-db38e70f2aeb" testName="StockSense.Tests.BarcodePdfTests.IsValidEan13_ValidatesDigitsAndCheckDigit(value: &quot;2000000000014&quot;, expected: False)" computerName="DESKTOP-R4SJ94J" duration="00:00:00.0000020" startTime="2026-08-08T18:31:53.3986847+08:00" endTime="2026-08-08T18:31:53.3986847+08:00" testType="13cdc9d9-ddb5-4fa4-a97d-d965ccfc6d4b" outcome="Passed" testListId="8c84fa94-04c1-424b-9868-57a2d4851a1d" relativeResultsDirectory="f0d16315-7e56-4322-9e45-e44b26fe8705" />
    <UnitTestResult executionId="a8368d34-8383-4d34-b05b-54c68ffb65c8" testId="96b5254c-568d-303b-d52d-564eece5ce40" testName="StockSense.Tests.SafetyStockMathTests.Calculate_RejectsEmptyDemandSeries" computerName="DESKTOP-R4SJ94J" duration="00:00:00.0019458" startTime="2026-08-08T18:31:52.4337847+08:00" endTime="2026-08-08T18:31:52.4337847+08:00" testType="13cdc9d9-ddb5-4fa4-a97d-d965ccfc6d4b" outcome="Passed" testListId="8c84fa94-04c1-424b-9868-57a2d4851a1d" relativeResultsDirectory="a8368d34-8383-4d34-b05b-54c68ffb65c8" />
    <UnitTestResult executionId="d1a18b7b-1773-4536-aba6-c4822d3a9d61" testId="2663dbe6-2738-0592-a5b7-acae0d6409a3" testName="StockSense.Tests.SafetyStockMathTests.Calculate_EnforcesMaximumSafetyStock" computerName="DESKTOP-R4SJ94J" duration="00:00:00.0010279" startTime="2026-08-08T18:31:52.5423262+08:00" endTime="2026-08-08T18:31:52.5423263+08:00" testType="13cdc9d9-ddb5-4fa4-a97d-d965ccfc6d4b" outcome="Passed" testListId="8c84fa94-04c1-424b-9868-57a2d4851a1d" relativeResultsDirectory="d1a18b7b-1773-4536-aba6-c4822d3a9d61" />
    <UnitTestResult executionId="f27becee-f059-4108-858b-44a34ef3df73" testId="66a02103-974b-d5f8-494c-ccbaf2fedb56" testName="StockSense.Tests.BarcodePdfTests.GenerateBarcodeValue_IsDeterministicUniqueAndValid(productId: 1)" computerName="DESKTOP-R4SJ94J" duration="00:00:00.0001098" startTime="2026-08-08T18:31:53.3874215+08:00" endTime="2026-08-08T18:31:53.3874216+08:00" testType="13cdc9d9-ddb5-4fa4-a97d-d965ccfc6d4b" outcome="Passed" testListId="8c84fa94-04c1-424b-9868-57a2d4851a1d" relativeResultsDirectory="f27becee-f059-4108-858b-44a34ef3df73" />
    <UnitTestResult executionId="d6c17d32-0d38-469f-8d72-1bfe456c05ca" testId="d0d90479-5563-25cd-61a8-8878479b8ee1" testName="StockSense.Tests.RateLimitingConfigurationTests.Rate_limiter_runs_after_auth_and_applies_only_to_controllers" computerName="DESKTOP-R4SJ94J" duration="00:00:00.0138815" startTime="2026-08-08T18:31:52.4341271+08:00" endTime="2026-08-08T18:31:52.4341271+08:00" testType="13cdc9d9-ddb5-4fa4-a97d-d965ccfc6d4b" outcome="Passed" testListId="8c84fa94-04c1-424b-9868-57a2d4851a1d" relativeResultsDirectory="d6c17d32-0d38-469f-8d72-1bfe456c05ca" />
    <UnitTestResult executionId="63d10122-17ec-40bd-9dd8-eb0cc6c61da5" testId="07ccd8a9-7012-4336-3241-85fce16e7ffd" testName="StockSense.Tests.AssistanceControllerTests.Staff_audit_is_structured_and_excludes_prompt_history_and_reply" computerName="DESKTOP-R4SJ94J" duration="00:00:00.0080892" startTime="2026-08-08T18:31:52.5539308+08:00" endTime="2026-08-08T18:31:52.5539309+08:00" testType="13cdc9d9-ddb5-4fa4-a97d-d965ccfc6d4b" outcome="Passed" testListId="8c84fa94-04c1-424b-9868-57a2d4851a1d" relativeResultsDirectory="63d10122-17ec-40bd-9dd8-eb0cc6c61da5" />
    <UnitTestResult executionId="c577a9aa-ef46-4ca6-bebe-021fbe27d866" testId="7d55215c-6bda-e1d8-9530-77f5f93e327f" testName="StockSense.Tests.ApiErrorMessageTests.Status_fallbacks_never_expose_codes(status: UnprocessableEntity, expected: &quot;Check the highlighted information and try again.&quot;)" computerName="DESKTOP-R4SJ94J" duration="00:00:00.0023874" startTime="2026-08-08T18:31:52.4439246+08:00" endTime="2026-08-08T18:31:52.4439246+08:00" testType="13cdc9d9-ddb5-4fa4-a97d-d965ccfc6d4b" outcome="Passed" testListId="8c84fa94-04c1-424b-9868-57a2d4851a1d" relativeResultsDirectory="c577a9aa-ef46-4ca6-bebe-021fbe27d866" />
    <UnitTestResult executionId="a1c635ec-ed9c-41cd-817c-439044709f12" testId="4ea38c0e-8546-9fd1-18b7-59eaeaf148fb" testName="StockSense.Tests.ChatbotOptionsTests.BaseUrl_accepts_absolute_urls_with_or_without_trailing_slash(baseUrl: &quot;https://internal.example/chatbot/&quot;)" computerName="DESKTOP-R4SJ94J" duration="00:00:00.0031759" startTime="2026-08-08T18:31:52.4294350+08:00" endTime="2026-08-08T18:31:52.4294352+08:00" testType="13cdc9d9-ddb5-4fa4-a97d-d965ccfc6d4b" outcome="Passed" testListId="8c84fa94-04c1-424b-9868-57a2d4851a1d" relativeResultsDirectory="a1c635ec-ed9c-41cd-817c-439044709f12" />
    <UnitTestResult executionId="32839ff9-1ad1-4cf8-bbd1-bda60936018b" testId="541118c0-22c7-faa0-d7ad-bc6f8d5f4821" testName="StockSense.Tests.SafetyStockMathTests.Calculate_RejectsMaximumStockBelowAppliedReorderPoint" computerName="DESKTOP-R4SJ94J" duration="00:00:00.0001908" startTime="2026-08-08T18:31:52.5444961+08:00" endTime="2026-08-08T18:31:52.5444962+08:00" testType="13cdc9d9-ddb5-4fa4-a97d-d965ccfc6d4b" outcome="Passed" testListId="8c84fa94-04c1-424b-9868-57a2d4851a1d" relativeResultsDirectory="32839ff9-1ad1-4cf8-bbd1-bda60936018b" />
    <UnitTestResult executionId="e7d0916e-ec78-4dad-97cd-43589a68eb29" testId="fadeffe5-3f25-e538-7129-f7478cd36212" testName="StockSense.Tests.AssistanceClientTests.AskAsync_uses_chat_endpoint_for_trailing_slash_base_url" computerName="DESKTOP-R4SJ94J" duration="00:00:00.0057310" startTime="2026-08-08T18:31:52.5615861+08:00" endTime="2026-08-08T18:31:52.5615862+08:00" testType="13cdc9d9-ddb5-4fa4-a97d-d965ccfc6d4b" outcome="Passed" testListId="8c84fa94-04c1-424b-9868-57a2d4851a1d" relativeResultsDirectory="e7d0916e-ec78-4dad-97cd-43589a68eb29" />
    <UnitTestResult executionId="c774dd5c-cb07-4053-9f69-6723fe85dd11" testId="a9ed346f-ee98-f42b-38b8-ed0d6edbf355" testName="StockSense.Tests.ProductImageUploadValidationTests.UploadProductImage_RejectsSignatureOnlyCorruptImageBeforeDatabaseAccess" computerName="DESKTOP-R4SJ94J" duration="00:00:00.0012837" startTime="2026-08-08T18:31:53.2448906+08:00" endTime="2026-08-08T18:31:53.2448907+08:00" testType="13cdc9d9-ddb5-4fa4-a97d-d965ccfc6d4b" outcome="Passed" testListId="8c84fa94-04c1-424b-9868-57a2d4851a1d" relativeResultsDirectory="c774dd5c-cb07-4053-9f69-6723fe85dd11" />
    <UnitTestResult executionId="0865923a-4a28-4b9d-90cd-846cdfbc0fe0" testId="2b226ba8-06f9-379b-a204-736fd73a84ab" testName="StockSense.Tests.AccountReturnUrlTests.Normalize_allows_only_local_return_paths(value: &quot;/assistance?tab=open&quot;, expected: &quot;/assistance?tab=open&quot;)" computerName="DESKTOP-R4SJ94J" duration="00:00:00.0000041" startTime="2026-08-08T18:31:52.4308056+08:00" endTime="2026-08-08T18:31:52.4308056+08:00" testType="13cdc9d9-ddb5-4fa4-a97d-d965ccfc6d4b" outcome="Passed" testListId="8c84fa94-04c1-424b-9868-57a2d4851a1d" relativeResultsDirectory="0865923a-4a28-4b9d-90cd-846cdfbc0fe0" />
    <UnitTestResult executionId="f894e79a-6c71-4671-89e7-ced018186e34" testId="52dc4952-b2e0-a2cc-c92e-f72e4e727971" testName="StockSense.Tests.ChatMessageFormatterTests.Parse_recognizes_ordered_list_variants(content: &quot;1) First\n2) Second&quot;)" computerName="DESKTOP-R4SJ94J" duration="00:00:00.0001756" startTime="2026-08-08T18:31:52.4465871+08:00" endTime="2026-08-08T18:31:52.4465871+08:00" testType="13cdc9d9-ddb5-4fa4-a97d-d965ccfc6d4b" outcome="Passed" testListId="8c84fa94-04c1-424b-9868-57a2d4851a1d" relativeResultsDirectory="f894e79a-6c71-4671-89e7-ced018186e34" />
    <UnitTestResult executionId="c7b70741-ed1f-435c-8e26-fa3ada1036ee" testId="6ccac62f-3231-5871-0a22-8fa2de927470" testName="StockSense.Tests.AssistanceControllerTests.Ask_maps_server_timeout_to_gateway_timeout" computerName="DESKTOP-R4SJ94J" duration="00:00:00.0023350" startTime="2026-08-08T18:31:52.5432435+08:00" endTime="2026-08-08T18:31:52.5432436+08:00" testType="13cdc9d9-ddb5-4fa4-a97d-d965ccfc6d4b" outcome="Passed" testListId="8c84fa94-04c1-424b-9868-57a2d4851a1d" relativeResultsDirectory="c7b70741-ed1f-435c-8e26-fa3ada1036ee" />
    <UnitTestResult executionId="0e32d09e-704d-498e-abb7-6c49fbbf4f22" testId="079853c4-1e11-58e7-cc4b-2eadfc3aa36b" testName="StockSense.Tests.WorkOrderRulesTests.SameStatusTransition_IsRejected(status: &quot;Confirmed&quot;)" computerName="DESKTOP-R4SJ94J" duration="00:00:00.0001399" startTime="2026-08-08T18:31:52.4312950+08:00" endTime="2026-08-08T18:31:52.4312950+08:00" testType="13cdc9d9-ddb5-4fa4-a97d-d965ccfc6d4b" outcome="Passed" testListId="8c84fa94-04c1-424b-9868-57a2d4851a1d" relativeResultsDirectory="0e32d09e-704d-498e-abb7-6c49fbbf4f22" />
    <UnitTestResult executionId="d03ee4cf-f470-4a66-8806-21f5360fcb77" testId="7523587f-3d27-6431-1c02-f4bf39d201b2" testName="StockSense.Tests.OrderSlipMathTests.AtReorderPoint_TriggersOrderToTarget" computerName="DESKTOP-R4SJ94J" duration="00:00:00.0000572" startTime="2026-08-08T18:31:52.4337975+08:00" endTime="2026-08-08T18:31:52.4337975+08:00" testType="13cdc9d9-ddb5-4fa4-a97d-d965ccfc6d4b" outcome="Passed" testListId="8c84fa94-04c1-424b-9868-57a2d4851a1d" relativeResultsDirectory="d03ee4cf-f470-4a66-8806-21f5360fcb77" />
    <UnitTestResult executionId="c45fc4b8-1bb9-43b8-bf74-b66facbac7c4" testId="95c04b00-e127-d585-1956-692cd33f06f4" testName="StockSense.Tests.BusinessControllerUnitTests.Appointment_UpdateProductsPersistsEditableSelection" computerName="DESKTOP-R4SJ94J" duration="00:00:00.7043459" startTime="2026-08-08T18:31:53.1245975+08:00" endTime="2026-08-08T18:31:53.1245976+08:00" testType="13cdc9d9-ddb5-4fa4-a97d-d965ccfc6d4b" outcome="Passed" testListId="8c84fa94-04c1-424b-9868-57a2d4851a1d" relativeResultsDirectory="c45fc4b8-1bb9-43b8-bf74-b66facbac7c4" />
    <UnitTestResult executionId="9680b193-549e-4e99-bf8b-30c1cc518f7d" testId="012e43ff-9817-6069-f880-1376b4b244a7" testName="StockSense.Tests.ChatbotOptionsTests.TimeoutSeconds_obeys_declared_range(timeoutSeconds: 0, expectedValid: False)" computerName="DESKTOP-R4SJ94J" duration="00:00:00.0000262" startTime="2026-08-08T18:31:52.4328923+08:00" endTime="2026-08-08T18:31:52.4328924+08:00" testType="13cdc9d9-ddb5-4fa4-a97d-d965ccfc6d4b" outcome="Passed" testListId="8c84fa94-04c1-424b-9868-57a2d4851a1d" relativeResultsDirectory="9680b193-549e-4e99-bf8b-30c1cc518f7d" />
    <UnitTestResult executionId="6b324356-e8ee-4a8b-b836-05857dbbd291" testId="4f4a8bc3-6957-5e27-2f49-0c2843e0da2f" testName="StockSense.Tests.ChatMessageFormatterTests.Parse_empty_content_returns_no_blocks(content: null)" computerName="DESKTOP-R4SJ94J" duration="00:00:00.0000041" startTime="2026-08-08T18:31:52.4469671+08:00" endTime="2026-08-08T18:31:52.4469672+08:00" testType="13cdc9d9-ddb5-4fa4-a97d-d965ccfc6d4b" outcome="Passed" testListId="8c84fa94-04c1-424b-9868-57a2d4851a1d" relativeResultsDirectory="6b324356-e8ee-4a8b-b836-05857dbbd291" />
    <UnitTestResult executionId="889a3ade-1009-4d66-9c97-d3eed05d846d" testId="ab13466a-9d5b-6e0b-dc22-891d96fcc4ec" testName="StockSense.Tests.AssistanceControllerTests.Admin_legacy_database_request_is_forwarded_with_trusted_role" computerName="DESKTOP-R4SJ94J" duration="00:00:00.0002905" startTime="2026-08-08T18:31:52.5607586+08:00" endTime="2026-08-08T18:31:52.5607587+08:00" testType="13cdc9d9-ddb5-4fa4-a97d-d965ccfc6d4b" outcome="Passed" testListId="8c84fa94-04c1-424b-9868-57a2d4851a1d" relativeResultsDirectory="889a3ade-1009-4d66-9c97-d3eed05d846d" />
    <UnitTestResult executionId="18b0f43b-2fee-4ef0-bbf4-d2d5079f1276" testId="285ef103-79e7-a9b7-f0ec-2d2841f5b38a" testName="StockSense.Tests.OrderSlipWorkflowSqlServerTests.StaleOrderSlipRowVersion_ReturnsFriendlyConcurrencyConflict" computerName="DESKTOP-R4SJ94J" duration="00:00:00.0010000" startTime="2026-08-08T18:31:52.4451584+08:00" endTime="2026-08-08T18:31:52.4451585+08:00" testType="13cdc9d9-ddb5-4fa4-a97d-d965ccfc6d4b" outcome="NotExecuted" testListId="8c84fa94-04c1-424b-9868-57a2d4851a1d" relativeResultsDirectory="18b0f43b-2fee-4ef0-bbf4-d2d5079f1276">
      <Output>
        <ErrorInfo>
          <Message>Set STOCKSENSE_TEST_SQL_CONNECTION to run SQL Server integration tests.</Message>
        </ErrorInfo>
      </Output>
    </UnitTestResult>
    <UnitTestResult executionId="aa909fcb-1127-45e7-ab2e-da5e2756dde3" testId="a2fae589-6fea-96e9-effb-5d958d999341" testName="StockSense.Tests.AssistanceControllerTests.Ask_forwards_highest_role(roles: [&quot;Customer&quot;], expectedRole: &quot;Customer&quot;)" computerName="DESKTOP-R4SJ94J" duration="00:00:00.0000532" startTime="2026-08-08T18:31:52.5558824+08:00" endTime="2026-08-08T18:31:52.5558824+08:00" testType="13cdc9d9-ddb5-4fa4-a97d-d965ccfc6d4b" outcome="Passed" testListId="8c84fa94-04c1-424b-9868-57a2d4851a1d" relativeResultsDirectory="aa909fcb-1127-45e7-ab2e-da5e2756dde3" />
    <UnitTestResult executionId="d1644ce1-b0fd-4b9c-bb5a-b4ae504d05a9" testId="e91010ec-1dc3-9a61-5166-32854cbdedae" testName="StockSense.Tests.AssistanceControllerTests.Ask_rejects_history_above_message_limit" computerName="DESKTOP-R4SJ94J" duration="00:00:00.0003473" startTime="2026-08-08T18:31:52.5614356+08:00" endTime="2026-08-08T18:31:52.5614357+08:00" testType="13cdc9d9-ddb5-4fa4-a97d-d965ccfc6d4b" outcome="Passed" testListId="8c84fa94-04c1-424b-9868-57a2d4851a1d" relativeResultsDirectory="d1644ce1-b0fd-4b9c-bb5a-b4ae504d05a9" />
    <UnitTestResult executionId="b6661cbc-f48b-497a-b334-101c0143e946" testId="cd0e21cc-a50c-f8f0-43af-f5c8dc2be2af" testName="StockSense.Tests.BarcodePdfTests.IsValidEan13_ValidatesDigitsAndCheckDigit(value: &quot;2000000000015&quot;, expected: True)" computerName="DESKTOP-R4SJ94J" duration="00:00:00.0001636" startTime="2026-08-08T18:31:53.3986290+08:00" endTime="2026-08-08T18:31:53.3986290+08:00" testType="13cdc9d9-ddb5-4fa4-a97d-d965ccfc6d4b" outcome="Passed" testListId="8c84fa94-04c1-424b-9868-57a2d4851a1d" relativeResultsDirectory="b6661cbc-f48b-497a-b334-101c0143e946" />
    <UnitTestResult executionId="d7fa6fc5-9169-4a09-abf7-a784ddbadcdd" testId="1ca906b9-72b2-15b7-c25d-4120f9b557d8" testName="StockSense.Tests.CustomerBuildCatalogPolicyTests.SelectPackages_RequiresActivePackageAndActiveIncludedProducts" computerName="DESKTOP-R4SJ94J" duration="00:00:00.0016323" startTime="2026-08-08T18:31:52.4446776+08:00" endTime="2026-08-08T18:31:52.4446776+08:00" testType="13cdc9d9-ddb5-4fa4-a97d-d965ccfc6d4b" outcome="Passed" testListId="8c84fa94-04c1-424b-9868-57a2d4851a1d" relativeResultsDirectory="d7fa6fc5-9169-4a09-abf7-a784ddbadcdd" />
    <UnitTestResult executionId="9c0af53a-1d5d-478e-9712-737341ad150e" testId="6d118672-644f-ac4d-343d-aa2bf0aea00a" testName="StockSense.Tests.ApiErrorMessageTests.Status_fallbacks_never_expose_codes(status: TooManyRequests, expected: &quot;Too many requests. Wait a moment and try again.&quot;)" computerName="DESKTOP-R4SJ94J" duration="00:00:00.0000073" startTime="2026-08-08T18:31:52.4439752+08:00" endTime="2026-08-08T18:31:52.4439752+08:00" testType="13cdc9d9-ddb5-4fa4-a97d-d965ccfc6d4b" outcome="Passed" testListId="8c84fa94-04c1-424b-9868-57a2d4851a1d" relativeResultsDirectory="9c0af53a-1d5d-478e-9712-737341ad150e" />
    <UnitTestResult executionId="420ee18d-462f-443f-902e-e13798aa8d5d" testId="4c3cd5e3-8b83-e999-498d-06d00750d405" testName="StockSense.Tests.ApiErrorMessageTests.Status_fallbacks_never_expose_codes(status: Unauthorized, expected: &quot;Your session has expired. Please sign in again.&quot;)" computerName="DESKTOP-R4SJ94J" duration="00:00:00.0000033" startTime="2026-08-08T18:31:52.4443622+08:00" endTime="2026-08-08T18:31:52.4443622+08:00" testType="13cdc9d9-ddb5-4fa4-a97d-d965ccfc6d4b" outcome="Passed" testListId="8c84fa94-04c1-424b-9868-57a2d4851a1d" relativeResultsDirectory="420ee18d-462f-443f-902e-e13798aa8d5d" />
    <UnitTestResult executionId="eefc9af0-0cc0-4c3c-9f53-1389fa555edc" testId="e25fd539-9756-8c6d-7781-2bfb84e03852" testName="StockSense.Tests.MotorCompatibilityControllerTests.FindExact_returns_not_found_when_no_local_mapping_exists" computerName="DESKTOP-R4SJ94J" duration="00:00:00.0008146" startTime="2026-08-08T18:31:52.4325831+08:00" endTime="2026-08-08T18:31:52.4325831+08:00" testType="13cdc9d9-ddb5-4fa4-a97d-d965ccfc6d4b" outcome="Passed" testListId="8c84fa94-04c1-424b-9868-57a2d4851a1d" relativeResultsDirectory="eefc9af0-0cc0-4c3c-9f53-1389fa555edc" />
    <UnitTestResult executionId="593b2c52-cf93-4af6-9f2b-103531127b0b" testId="2d5f62f6-3655-6276-21b5-055b84089ad5" testName="StockSense.Tests.WorkOrderRulesTests.ValidNonCheckoutTransition_IsAccepted(current: &quot;Pending&quot;, target: &quot;Confirmed&quot;)" computerName="DESKTOP-R4SJ94J" duration="00:00:00.0000012" startTime="2026-08-08T18:31:52.4316533+08:00" endTime="2026-08-08T18:31:52.4316534+08:00" testType="13cdc9d9-ddb5-4fa4-a97d-d965ccfc6d4b" outcome="Passed" testListId="8c84fa94-04c1-424b-9868-57a2d4851a1d" relativeResultsDirectory="593b2c52-cf93-4af6-9f2b-103531127b0b" />
    <UnitTestResult executionId="986a71e8-ad5f-4262-877c-55ece6e4b46e" testId="09ded00e-e40b-9e37-c103-1c1d4819037c" testName="StockSense.Tests.SafetyStockMathTests.Calculate_ManualMode_AppliesOverridesAndMaximumStockLevel" computerName="DESKTOP-R4SJ94J" duration="00:00:00.0001663" startTime="2026-08-08T18:31:52.5447011+08:00" endTime="2026-08-08T18:31:52.5447012+08:00" testType="13cdc9d9-ddb5-4fa4-a97d-d965ccfc6d4b" outcome="Passed" testListId="8c84fa94-04c1-424b-9868-57a2d4851a1d" relativeResultsDirectory="986a71e8-ad5f-4262-877c-55ece6e4b46e" />
    <UnitTestResult executionId="ccf74957-40be-4e1c-96bb-d44687f4edb7" testId="4de04f18-5279-89f5-a585-226a895e57f7" testName="StockSense.Tests.AccountReturnUrlTests.Normalize_allows_only_local_return_paths(value: &quot;https://evil.example&quot;, expected: &quot;/&quot;)" computerName="DESKTOP-R4SJ94J" duration="00:00:00.0001760" startTime="2026-08-08T18:31:52.4301438+08:00" endTime="2026-08-08T18:31:52.4301438+08:00" testType="13cdc9d9-ddb5-4fa4-a97d-d965ccfc6d4b" outcome="Passed" testListId="8c84fa94-04c1-424b-9868-57a2d4851a1d" relativeResultsDirectory="ccf74957-40be-4e1c-96bb-d44687f4edb7" />
    <UnitTestResult executionId="939d50f0-3603-443b-b315-e72ef16f074f" testId="6dedca8a-4c0d-8130-f8d3-8be7533fa879" testName="StockSense.Tests.RateLimitingConfigurationTests.Api_policy_is_partitioned_by_authenticated_user_then_remote_ip" computerName="DESKTOP-R4SJ94J" duration="00:00:00.0013427" startTime="2026-08-08T18:31:52.4446610+08:00" endTime="2026-08-08T18:31:52.4446611+08:00" testType="13cdc9d9-ddb5-4fa4-a97d-d965ccfc6d4b" outcome="Passed" testListId="8c84fa94-04c1-424b-9868-57a2d4851a1d" relativeResultsDirectory="939d50f0-3603-443b-b315-e72ef16f074f" />
    <UnitTestResult executionId="1c5667f6-c5d8-449a-8824-539846ea683b" testId="3cb8913c-39b0-2d20-c119-39da584e6e5c" testName="StockSense.Tests.BusinessControllerUnitTests.Mechanics_UpdateMissing_ReturnsNotFound" computerName="DESKTOP-R4SJ94J" duration="00:00:00.0058993" startTime="2026-08-08T18:31:53.4475758+08:00" endTime="2026-08-08T18:31:53.4475760+08:00" testType="13cdc9d9-ddb5-4fa4-a97d-d965ccfc6d4b" outcome="Passed" testListId="8c84fa94-04c1-424b-9868-57a2d4851a1d" relativeResultsDirectory="1c5667f6-c5d8-449a-8824-539846ea683b" />
    <UnitTestResult executionId="a0ae607d-305d-4631-b12f-b7dde10ea84c" testId="8d41ee4c-8498-fca5-97cf-29fd8429b507" testName="StockSense.Tests.AssistanceClientTests.AskAsync_maps_non_success_status_to_safe_upstream_exception(status: BadRequest)" computerName="DESKTOP-R4SJ94J" duration="00:00:00.0002396" startTime="2026-08-08T18:31:52.5557745+08:00" endTime="2026-08-08T18:31:52.5557746+08:00" testType="13cdc9d9-ddb5-4fa4-a97d-d965ccfc6d4b" outcome="Passed" testListId="8c84fa94-04c1-424b-9868-57a2d4851a1d" relativeResultsDirectory="a0ae607d-305d-4631-b12f-b7dde10ea84c" />
    <UnitTestResult executionId="3f459755-d99e-49da-ae89-9f3396002866" testId="6e6a8830-5a5f-ce0e-476b-129fb436f430" testName="StockSense.Tests.AccountReturnUrlTests.Normalize_allows_only_local_return_paths(value: &quot;/\\evil.example&quot;, expected: &quot;/&quot;)" computerName="DESKTOP-R4SJ94J" duration="00:00:00.0000025" startTime="2026-08-08T18:31:52.4308667+08:00" endTime="2026-08-08T18:31:52.4308667+08:00" testType="13cdc9d9-ddb5-4fa4-a97d-d965ccfc6d4b" outcome="Passed" testListId="8c84fa94-04c1-424b-9868-57a2d4851a1d" relativeResultsDirectory="3f459755-d99e-49da-ae89-9f3396002866" />
    <UnitTestResult executionId="f4c49337-5cd0-4620-9910-917826036904" testId="3c8d61ea-02bf-dfda-494b-ac935f8355a3" testName="StockSense.Tests.BusinessControllerUnitTests.Services_Create_SetsActiveAndPersistsFields" computerName="DESKTOP-R4SJ94J" duration="00:00:00.0041470" startTime="2026-08-08T18:31:53.4233235+08:00" endTime="2026-08-08T18:31:53.4233239+08:00" testType="13cdc9d9-ddb5-4fa4-a97d-d965ccfc6d4b" outcome="Passed" testListId="8c84fa94-04c1-424b-9868-57a2d4851a1d" relativeResultsDirectory="f4c49337-5cd0-4620-9910-917826036904" />
    <UnitTestResult executionId="2394250f-ee9d-46b4-9306-bbd99887b8da" testId="eb844981-f644-a5ee-07cf-148c9a561efa" testName="StockSense.Tests.RateLimitingConfigurationTests.Login_policy_is_preserved" computerName="DESKTOP-R4SJ94J" duration="00:00:00.0003892" startTime="2026-08-08T18:31:52.4341448+08:00" endTime="2026-08-08T18:31:52.4341448+08:00" testType="13cdc9d9-ddb5-4fa4-a97d-d965ccfc6d4b" outcome="Passed" testListId="8c84fa94-04c1-424b-9868-57a2d4851a1d" relativeResultsDirectory="2394250f-ee9d-46b4-9306-bbd99887b8da" />
    <UnitTestResult executionId="4909c088-307d-47fe-9848-4a18334d7253" testId="7d1ca879-e9aa-774e-9f45-e2342c6d2513" testName="StockSense.Tests.BusinessControllerUnitTests.Controllers_DeclareExpectedAuthorization(controllerType: typeof(StockSense.Web.Controllers.TransactionController), roles: &quot;Employee,Admin&quot;)" computerName="DESKTOP-R4SJ94J" duration="00:00:00.0000792" startTime="2026-08-08T18:31:53.2141563+08:00" endTime="2026-08-08T18:31:53.2141563+08:00" testType="13cdc9d9-ddb5-4fa4-a97d-d965ccfc6d4b" outcome="Passed" testListId="8c84fa94-04c1-424b-9868-57a2d4851a1d" relativeResultsDirectory="4909c088-307d-47fe-9848-4a18334d7253" />
    <UnitTestResult executionId="da1aa420-6c4b-4754-adfd-12386dcec2a4" testId="1962875e-3337-43f2-57d2-b45c8dcea3e4" testName="StockSense.Tests.ApiErrorMessageTests.Conflict_preserves_a_safe_actionable_api_message" computerName="DESKTOP-R4SJ94J" duration="00:00:00.0003718" startTime="2026-08-08T18:31:52.4469124+08:00" endTime="2026-08-08T18:31:52.4469125+08:00" testType="13cdc9d9-ddb5-4fa4-a97d-d965ccfc6d4b" outcome="Passed" testListId="8c84fa94-04c1-424b-9868-57a2d4851a1d" relativeResultsDirectory="da1aa420-6c4b-4754-adfd-12386dcec2a4" />
    <UnitTestResult executionId="868afd02-9b09-4121-a27b-3b0c79c085ee" testId="f2c48f48-9173-988c-a2dd-38553762bbe0" testName="StockSense.Tests.OrderSlipWorkflowSqlServerTests.PartialThenCompleteReceipt_UpdatesStockReceiptAuditAndStatusAtomically" computerName="DESKTOP-R4SJ94J" duration="00:00:00.0010000" startTime="2026-08-08T18:31:52.4452838+08:00" endTime="2026-08-08T18:31:52.4452839+08:00" testType="13cdc9d9-ddb5-4fa4-a97d-d965ccfc6d4b" outcome="NotExecuted" testListId="8c84fa94-04c1-424b-9868-57a2d4851a1d" relativeResultsDirectory="868afd02-9b09-4121-a27b-3b0c79c085ee">
      <Output>
        <ErrorInfo>
          <Message>Set STOCKSENSE_TEST_SQL_CONNECTION to run SQL Server integration tests.</Message>
        </ErrorInfo>
      </Output>
    </UnitTestResult>
    <UnitTestResult executionId="f6840b7a-572d-47ea-a1ac-ee76c4be5a85" testId="ebe07e66-60e4-95b1-fb64-5599fd20b333" testName="StockSense.Tests.OrderSlipMathTests.SupplierGroups_UseIndependentInventoryInputs" computerName="DESKTOP-R4SJ94J" duration="00:00:00.0000505" startTime="2026-08-08T18:31:52.4462869+08:00" endTime="2026-08-08T18:31:52.4462869+08:00" testType="13cdc9d9-ddb5-4fa4-a97d-d965ccfc6d4b" outcome="Passed" testListId="8c84fa94-04c1-424b-9868-57a2d4851a1d" relativeResultsDirectory="f6840b7a-572d-47ea-a1ac-ee76c4be5a85" />
    <UnitTestResult executionId="f21cb563-d23a-407b-a3bc-760c0e05b3ec" testId="a5c69821-e3b8-fe4d-a341-0b1cd94eaf81" testName="StockSense.Tests.ProductInventoryUpdateSqlServerTests.ExcessiveDecimalPrecision_IsRejectedWithoutMutationOrAudit" computerName="DESKTOP-R4SJ94J" duration="00:00:00.0010000" startTime="2026-08-08T18:31:52.4215211+08:00" endTime="2026-08-08T18:31:52.4215212+08:00" testType="13cdc9d9-ddb5-4fa4-a97d-d965ccfc6d4b" outcome="NotExecuted" testListId="8c84fa94-04c1-424b-9868-57a2d4851a1d" relativeResultsDirectory="f21cb563-d23a-407b-a3bc-760c0e05b3ec">
      <Output>
        <ErrorInfo>
          <Message>Set STOCKSENSE_TEST_SQL_CONNECTION to run SQL Server integration tests.</Message>
        </ErrorInfo>
      </Output>
    </UnitTestResult>
    <UnitTestResult executionId="63675cca-41ba-41fc-85ee-1f3bf6d5b0b8" testId="bcef7e35-28c8-3823-4130-6a554ec2fc90" testName="StockSense.Tests.OrderSlipMathTests.Cancellation_RequiresReason" computerName="DESKTOP-R4SJ94J" duration="00:00:00.0001158" startTime="2026-08-08T18:31:52.4340861+08:00" endTime="2026-08-08T18:31:52.4340861+08:00" testType="13cdc9d9-ddb5-4fa4-a97d-d965ccfc6d4b" outcome="Passed" testListId="8c84fa94-04c1-424b-9868-57a2d4851a1d" relativeResultsDirectory="63675cca-41ba-41fc-85ee-1f3bf6d5b0b8" />
    <UnitTestResult executionId="1ab9c02d-bcc0-40f1-9bdf-0778adabccda" testId="7d9a7be7-b2f4-6bd8-cc25-afeead615cf8" testName="StockSense.Tests.AssistanceControllerTests.Ask_rejects_invalid_history_roles_without_calling_upstream" computerName="DESKTOP-R4SJ94J" duration="00:00:00.0003132" startTime="2026-08-08T18:31:52.5598960+08:00" endTime="2026-08-08T18:31:52.5598960+08:00" testType="13cdc9d9-ddb5-4fa4-a97d-d965ccfc6d4b" outcome="Passed" testListId="8c84fa94-04c1-424b-9868-57a2d4851a1d" relativeResultsDirectory="1ab9c02d-bcc0-40f1-9bdf-0778adabccda" />
    <UnitTestResult executionId="66eb7ab6-2ba0-4626-97f9-9702ef6b4b5b" testId="fc3dbeef-e64d-28da-607a-bb83b0c68401" testName="StockSense.Tests.AdminControllerRoleTests.DeleteUser_RejectsCaseVariantAuthenticatedUserId" computerName="DESKTOP-R4SJ94J" duration="00:00:00.0003992" startTime="2026-08-08T18:31:52.5553980+08:00" endTime="2026-08-08T18:31:52.5553980+08:00" testType="13cdc9d9-ddb5-4fa4-a97d-d965ccfc6d4b" outcome="Passed" testListId="8c84fa94-04c1-424b-9868-57a2d4851a1d" relativeResultsDirectory="66eb7ab6-2ba0-4626-97f9-9702ef6b4b5b" />
    <UnitTestResult executionId="8c5f16c4-fcab-4423-8b5a-9b4094649e78" testId="5c38f35e-9709-b176-ca15-9ab9813728ae" testName="StockSense.Tests.OrderSlipMathTests.QuantityValidation_EnforcesOrderingRules(quantity: 20, minimum: 10, package: 5, maximum: 25, expectedErrorFragment: &quot;maximum&quot;)" computerName="DESKTOP-R4SJ94J" duration="00:00:00.0000040" startTime="2026-08-08T18:31:52.4461607+08:00" endTime="2026-08-08T18:31:52.4461607+08:00" testType="13cdc9d9-ddb5-4fa4-a97d-d965ccfc6d4b" outcome="Passed" testListId="8c84fa94-04c1-424b-9868-57a2d4851a1d" relativeResultsDirectory="8c5f16c4-fcab-4423-8b5a-9b4094649e78" />
    <UnitTestResult executionId="26fe404f-3888-47d0-b81d-71f006b68ceb" testId="fcf6c06f-607e-68ac-65ea-4f0ebca8cf1a" testName="StockSense.Tests.OrderSlipMathTests.ReceiptDate_RejectsFutureAndPreOrderDates" computerName="DESKTOP-R4SJ94J" duration="00:00:00.0001697" startTime="2026-08-08T18:31:52.4458057+08:00" endTime="2026-08-08T18:31:52.4458058+08:00" testType="13cdc9d9-ddb5-4fa4-a97d-d965ccfc6d4b" outcome="Passed" testListId="8c84fa94-04c1-424b-9868-57a2d4851a1d" relativeResultsDirectory="26fe404f-3888-47d0-b81d-71f006b68ceb" />
    <UnitTestResult executionId="b7284440-79d7-47b6-ad38-a39f7d2ce565" testId="6dfe0d9b-3e5e-f34b-6124-cbf728293082" testName="StockSense.Tests.BusinessControllerUnitTests.Mechanics_GetActive_ExcludesInactiveRecords" computerName="DESKTOP-R4SJ94J" duration="00:00:00.0110768" startTime="2026-08-08T18:31:53.2135691+08:00" endTime="2026-08-08T18:31:53.2135692+08:00" testType="13cdc9d9-ddb5-4fa4-a97d-d965ccfc6d4b" outcome="Passed" testListId="8c84fa94-04c1-424b-9868-57a2d4851a1d" relativeResultsDirectory="b7284440-79d7-47b6-ad38-a39f7d2ce565" />
    <UnitTestResult executionId="3d5e1bff-af83-44d2-bc2b-56f1c8f25d9d" testId="57b46b53-cadd-7edd-0887-b92988965417" testName="StockSense.Tests.WorkOrderRulesTests.ValidNonCheckoutTransition_IsAccepted(current: &quot;Confirmed&quot;, target: &quot;Pending&quot;)" computerName="DESKTOP-R4SJ94J" duration="00:00:00.0000027" startTime="2026-08-08T18:31:52.4314086+08:00" endTime="2026-08-08T18:31:52.4314087+08:00" testType="13cdc9d9-ddb5-4fa4-a97d-d965ccfc6d4b" outcome="Passed" testListId="8c84fa94-04c1-424b-9868-57a2d4851a1d" relativeResultsDirectory="3d5e1bff-af83-44d2-bc2b-56f1c8f25d9d" />
    <UnitTestResult executionId="bfb141b7-a2c7-4f41-871b-0674c23585e8" testId="5790fa69-9dcf-2c3d-139e-be64fc1efd3f" testName="StockSense.Tests.ChatMessageFormatterTests.Status_semantics_are_bounded_to_status_columns(value: &quot;Overdue&quot;, expected: Critical)" computerName="DESKTOP-R4SJ94J" duration="00:00:00.0000036" startTime="2026-08-08T18:31:52.4472293+08:00" endTime="2026-08-08T18:31:52.4472293+08:00" testType="13cdc9d9-ddb5-4fa4-a97d-d965ccfc6d4b" outcome="Passed" testListId="8c84fa94-04c1-424b-9868-57a2d4851a1d" relativeResultsDirectory="bfb141b7-a2c7-4f41-871b-0674c23585e8" />
    <UnitTestResult executionId="a60deff4-edb1-4300-aa1e-1fae7d1b6f86" testId="ec304105-6d72-639b-136b-15c4f97e544c" testName="StockSense.Tests.ChatMessageFormatterTests.Parse_preserves_unicode_and_emoji" computerName="DESKTOP-R4SJ94J" duration="00:00:00.0000462" startTime="2026-08-08T18:31:52.4473548+08:00" endTime="2026-08-08T18:31:52.4473548+08:00" testType="13cdc9d9-ddb5-4fa4-a97d-d965ccfc6d4b" outcome="Passed" testListId="8c84fa94-04c1-424b-9868-57a2d4851a1d" relativeResultsDirectory="a60deff4-edb1-4300-aa1e-1fae7d1b6f86" />
    <UnitTestResult executionId="1f214fc9-6b07-4cbb-b048-57a219bdf708" testId="0d23b0f9-6573-00f2-f608-a941955ed296" testName="StockSense.Tests.BusinessControllerUnitTests.Suppliers_Get_ReturnsAlphabeticalDtos" computerName="DESKTOP-R4SJ94J" duration="00:00:00.0777418" startTime="2026-08-08T18:31:53.2024252+08:00" endTime="2026-08-08T18:31:53.2024254+08:00" testType="13cdc9d9-ddb5-4fa4-a97d-d965ccfc6d4b" outcome="Passed" testListId="8c84fa94-04c1-424b-9868-57a2d4851a1d" relativeResultsDirectory="1f214fc9-6b07-4cbb-b048-57a219bdf708" />
    <UnitTestResult executionId="c6597b6a-9c4f-4645-b31b-d3b44122be8a" testId="67145b6d-6450-c65b-8d8d-96860e6b3daf" testName="StockSense.Tests.AssistanceControllerTests.Employee_direct_database_wording_is_denied_case_insensitively(message: &quot;run SQL for inventory&quot;)" computerName="DESKTOP-R4SJ94J" duration="00:00:00.0001056" startTime="2026-08-08T18:31:52.5582833+08:00" endTime="2026-08-08T18:31:52.5582834+08:00" testType="13cdc9d9-ddb5-4fa4-a97d-d965ccfc6d4b" outcome="Passed" testListId="8c84fa94-04c1-424b-9868-57a2d4851a1d" relativeResultsDirectory="c6597b6a-9c4f-4645-b31b-d3b44122be8a" />
    <UnitTestResult executionId="e6c60340-4984-4750-86b7-565b49458577" testId="8966e4a9-f933-721b-7fd8-58de2b31940b" testName="StockSense.Tests.AssistanceClientTests.AskAsync_rejects_empty_or_malformed_responses(body: &quot;{}&quot;)" computerName="DESKTOP-R4SJ94J" duration="00:00:00.0001053" startTime="2026-08-08T18:31:52.6544459+08:00" endTime="2026-08-08T18:31:52.6544460+08:00" testType="13cdc9d9-ddb5-4fa4-a97d-d965ccfc6d4b" outcome="Passed" testListId="8c84fa94-04c1-424b-9868-57a2d4851a1d" relativeResultsDirectory="e6c60340-4984-4750-86b7-565b49458577" />
    <UnitTestResult executionId="fd8ca064-2c64-405c-a9e1-73294450d4cb" testId="5e4fb41a-8b06-9e94-c448-623e32b6b70c" testName="StockSense.Tests.AssistanceControllerTests.Ask_rejects_unknown_request_fields" computerName="DESKTOP-R4SJ94J" duration="00:00:00.0008932" startTime="2026-08-08T18:31:52.5577694+08:00" endTime="2026-08-08T18:31:52.5577695+08:00" testType="13cdc9d9-ddb5-4fa4-a97d-d965ccfc6d4b" outcome="Passed" testListId="8c84fa94-04c1-424b-9868-57a2d4851a1d" relativeResultsDirectory="fd8ca064-2c64-405c-a9e1-73294450d4cb" />
    <UnitTestResult executionId="be1b309a-2562-48b9-9d3f-b26fa07a5b16" testId="d689d1e8-abd8-8807-02fb-3c6574216918" testName="StockSense.Tests.OrderSlipMathTests.Cancellation_AllowsActiveOrderedStatusesWithReason(status: &quot;Ordered&quot;, hasReceivedItems: False)" computerName="DESKTOP-R4SJ94J" duration="00:00:00.0000368" startTime="2026-08-08T18:31:52.4457136+08:00" endTime="2026-08-08T18:31:52.4457136+08:00" testType="13cdc9d9-ddb5-4fa4-a97d-d965ccfc6d4b" outcome="Passed" testListId="8c84fa94-04c1-424b-9868-57a2d4851a1d" relativeResultsDirectory="be1b309a-2562-48b9-9d3f-b26fa07a5b16" />
    <UnitTestResult executionId="4869e2b8-d0f9-4f8f-9090-9be6f39fd1de" testId="62a73cd6-b412-7d44-f97e-fa955592361b" testName="StockSense.Tests.AssistanceControllerTests.Controller_requires_authentication" computerName="DESKTOP-R4SJ94J" duration="00:00:00.0001317" startTime="2026-08-08T18:31:52.5434099+08:00" endTime="2026-08-08T18:31:52.5434100+08:00" testType="13cdc9d9-ddb5-4fa4-a97d-d965ccfc6d4b" outcome="Passed" testListId="8c84fa94-04c1-424b-9868-57a2d4851a1d" relativeResultsDirectory="4869e2b8-d0f9-4f8f-9090-9be6f39fd1de" />
    <UnitTestResult executionId="b485fa9b-f517-40dc-9d06-c2509dac33eb" testId="8242cad2-3852-b2d5-2f0a-0b8e65a2d9c2" testName="StockSense.Tests.BusinessControllerUnitTests.Appointment_UpdateProductsRejectsTerminalAndBuildOrders" computerName="DESKTOP-R4SJ94J" duration="00:00:00.0013457" startTime="2026-08-08T18:31:53.4180622+08:00" endTime="2026-08-08T18:31:53.4180623+08:00" testType="13cdc9d9-ddb5-4fa4-a97d-d965ccfc6d4b" outcome="Passed" testListId="8c84fa94-04c1-424b-9868-57a2d4851a1d" relativeResultsDirectory="b485fa9b-f517-40dc-9d06-c2509dac33eb" />
    <UnitTestResult executionId="d153bd0a-0dc5-4bde-a99a-d95507b0fc29" testId="757988be-385c-d13b-94f8-9535034d101c" testName="StockSense.Tests.OrderSlipWorkflowSqlServerTests.ManualDraft_UsesDatabaseCostAndDoesNotRequireInventorySettings" computerName="DESKTOP-R4SJ94J" duration="00:00:00.0010000" startTime="2026-08-08T18:31:52.4450944+08:00" endTime="2026-08-08T18:31:52.4450945+08:00" testType="13cdc9d9-ddb5-4fa4-a97d-d965ccfc6d4b" outcome="NotExecuted" testListId="8c84fa94-04c1-424b-9868-57a2d4851a1d" relativeResultsDirectory="d153bd0a-0dc5-4bde-a99a-d95507b0fc29">
      <Output>
        <ErrorInfo>
          <Message>Set STOCKSENSE_TEST_SQL_CONNECTION to run SQL Server integration tests.</Message>
        </ErrorInfo>
      </Output>
    </UnitTestResult>
    <UnitTestResult executionId="1cff9393-c016-4475-8209-254b9ab8ab58" testId="accf8d54-1880-9928-6a03-39a8162eda24" testName="StockSense.Tests.ApiErrorMessageTests.Exception_details_are_not_shown(exception: System.InvalidOperationException: System.Data.SqlClient failure, expected: &quot;Something went wrong. Please try again.&quot;)" computerName="DESKTOP-R4SJ94J" duration="00:00:00.0009730" startTime="2026-08-08T18:31:52.4317082+08:00" endTime="2026-08-08T18:31:52.4317083+08:00" testType="13cdc9d9-ddb5-4fa4-a97d-d965ccfc6d4b" outcome="Passed" testListId="8c84fa94-04c1-424b-9868-57a2d4851a1d" relativeResultsDirectory="1cff9393-c016-4475-8209-254b9ab8ab58" />
    <UnitTestResult executionId="f4386dad-c2cd-44dc-9dca-e69d682f2c20" testId="3d86986c-7221-8ea4-6134-30f8d7c60366" testName="StockSense.Tests.AdminControllerRoleTests.ChangeRole_InvalidRoleLeavesMembershipAndPropertyUnchanged" computerName="DESKTOP-R4SJ94J" duration="00:00:00.0004742" startTime="2026-08-08T18:31:52.5531538+08:00" endTime="2026-08-08T18:31:52.5531539+08:00" testType="13cdc9d9-ddb5-4fa4-a97d-d965ccfc6d4b" outcome="Passed" testListId="8c84fa94-04c1-424b-9868-57a2d4851a1d" relativeResultsDirectory="f4386dad-c2cd-44dc-9dca-e69d682f2c20" />
    <UnitTestResult executionId="d6a364d4-a228-4955-a699-6e2593cb26bc" testId="398da845-aef1-07bf-3b0b-af1d71e7577b" testName="StockSense.Tests.BusinessControllerUnitTests.Transactions_FilterMapsItemsAndVoidState" computerName="DESKTOP-R4SJ94J" duration="00:00:00.0560914" startTime="2026-08-08T18:31:53.4166668+08:00" endTime="2026-08-08T18:31:53.4166669+08:00" testType="13cdc9d9-ddb5-4fa4-a97d-d965ccfc6d4b" outcome="Passed" testListId="8c84fa94-04c1-424b-9868-57a2d4851a1d" relativeResultsDirectory="d6a364d4-a228-4955-a699-6e2593cb26bc" />
    <UnitTestResult executionId="c7cde8b6-e276-41eb-a6f0-affa0a2755ad" testId="f8f4ec32-816a-52d7-e28f-e946457f7db6" testName="StockSense.Tests.ChatbotOptionsTests.HasSupportedScheme_allows_only_http_and_https(baseUrl: &quot;http://127.0.0.1:8000&quot;, expected: True)" computerName="DESKTOP-R4SJ94J" duration="00:00:00.0000065" startTime="2026-08-08T18:31:52.4329671+08:00" endTime="2026-08-08T18:31:52.4329671+08:00" testType="13cdc9d9-ddb5-4fa4-a97d-d965ccfc6d4b" outcome="Passed" testListId="8c84fa94-04c1-424b-9868-57a2d4851a1d" relativeResultsDirectory="c7cde8b6-e276-41eb-a6f0-affa0a2755ad" />
    <UnitTestResult executionId="a929078e-0326-462b-bfe9-e480b914fa59" testId="5ca2167f-6b73-f327-ed24-2589b7f9d562" testName="StockSense.Tests.AssistanceChatLifecycleTests.Expected_navigation_interruptions_are_limited_to_teardown_failures(exception: System.OperationCanceledException: The operation was canceled., expected: True)" computerName="DESKTOP-R4SJ94J" duration="00:00:00.0023986" startTime="2026-08-08T18:31:52.4321435+08:00" endTime="2026-08-08T18:31:52.4321436+08:00" testType="13cdc9d9-ddb5-4fa4-a97d-d965ccfc6d4b" outcome="Passed" testListId="8c84fa94-04c1-424b-9868-57a2d4851a1d" relativeResultsDirectory="a929078e-0326-462b-bfe9-e480b914fa59" />
    <UnitTestResult executionId="bae26efc-cf6d-44f3-bbaf-9dc00b562e87" testId="37e7961b-611e-2cd0-ff3c-38a251faf565" testName="StockSense.Tests.BarcodePdfTests.GenerateBarcodeValue_IsDeterministicUniqueAndValid(productId: 42)" computerName="DESKTOP-R4SJ94J" duration="00:00:00.0000128" startTime="2026-08-08T18:31:53.3874476+08:00" endTime="2026-08-08T18:31:53.3874476+08:00" testType="13cdc9d9-ddb5-4fa4-a97d-d965ccfc6d4b" outcome="Passed" testListId="8c84fa94-04c1-424b-9868-57a2d4851a1d" relativeResultsDirectory="bae26efc-cf6d-44f3-bbaf-9dc00b562e87" />
    <UnitTestResult executionId="c8d5186b-eaf8-495a-bf64-b415a9288199" testId="c4f977d2-68d8-e519-c026-6a56310c8c59" testName="StockSense.Tests.AssistanceSuggestionsTests.Role_presentation_uses_role_specific_safe_copy(role: &quot;Customer&quot;, assistantName: &quot;Sap Shop Assistant&quot;, helperText: &quot;Stock availability may change&quot;)" computerName="DESKTOP-R4SJ94J" duration="00:00:00.0001265" startTime="2026-08-08T18:31:52.4301139+08:00" endTime="2026-08-08T18:31:52.4301139+08:00" testType="13cdc9d9-ddb5-4fa4-a97d-d965ccfc6d4b" outcome="Passed" testListId="8c84fa94-04c1-424b-9868-57a2d4851a1d" relativeResultsDirectory="c8d5186b-eaf8-495a-bf64-b415a9288199" />
    <UnitTestResult executionId="893fbf94-44ad-454e-ad73-5b6ad4cdc031" testId="ecb2a197-1888-f063-dbef-5e66f954aa5f" testName="StockSense.Tests.BusinessControllerUnitTests.Services_UpdateMissing_ReturnsNotFound" computerName="DESKTOP-R4SJ94J" duration="00:00:00.0007729" startTime="2026-08-08T18:31:53.4188979+08:00" endTime="2026-08-08T18:31:53.4188980+08:00" testType="13cdc9d9-ddb5-4fa4-a97d-d965ccfc6d4b" outcome="Passed" testListId="8c84fa94-04c1-424b-9868-57a2d4851a1d" relativeResultsDirectory="893fbf94-44ad-454e-ad73-5b6ad4cdc031" />
    <UnitTestResult executionId="8692a68d-4dbe-4ca4-bb62-e9c8d7e9968b" testId="903f4b0e-e79b-adf4-0d1e-95f98e52d8a5" testName="StockSense.Tests.BusinessControllerUnitTests.PreBuilt_MatchingFiltersInactiveProductsBudgetAndMotorcycle" computerName="DESKTOP-R4SJ94J" duration="00:00:00.0181907" startTime="2026-08-08T18:31:53.4415966+08:00" endTime="2026-08-08T18:31:53.4415968+08:00" testType="13cdc9d9-ddb5-4fa4-a97d-d965ccfc6d4b" outcome="Passed" testListId="8c84fa94-04c1-424b-9868-57a2d4851a1d" relativeResultsDirectory="8692a68d-4dbe-4ca4-bb62-e9c8d7e9968b" />
    <UnitTestResult executionId="e38baded-34e3-45cc-8130-ac8a91adb363" testId="d33a7d9d-0c45-8bdd-1e2e-774f2e63e03a" testName="StockSense.Tests.ChatMessageFormatterTests.Status_semantics_are_bounded_to_status_columns(value: &quot;Completed&quot;, expected: Positive)" computerName="DESKTOP-R4SJ94J" duration="00:00:00.0000069" startTime="2026-08-08T18:31:52.4470091+08:00" endTime="2026-08-08T18:31:52.4470091+08:00" testType="13cdc9d9-ddb5-4fa4-a97d-d965ccfc6d4b" outcome="Passed" testListId="8c84fa94-04c1-424b-9868-57a2d4851a1d" relativeResultsDirectory="e38baded-34e3-45cc-8130-ac8a91adb363" />
    <UnitTestResult executionId="4980dba4-490e-41b7-8bb7-cf26269fb534" testId="598ee0ad-a110-25df-0a57-4000f7141f13" testName="StockSense.Tests.BusinessControllerUnitTests.AuthStatus_ReturnsOkAndRequiresAuthentication" computerName="DESKTOP-R4SJ94J" duration="00:00:00.0001363" startTime="2026-08-08T18:31:53.3604885+08:00" endTime="2026-08-08T18:31:53.3604886+08:00" testType="13cdc9d9-ddb5-4fa4-a97d-d965ccfc6d4b" outcome="Passed" testListId="8c84fa94-04c1-424b-9868-57a2d4851a1d" relativeResultsDirectory="4980dba4-490e-41b7-8bb7-cf26269fb534" />
    <UnitTestResult executionId="0894efbc-dcc8-413e-ae37-9c939fc5bca1" testId="6e223a0b-bca5-def7-629d-2f4318379888" testName="StockSense.Tests.BusinessControllerUnitTests.Mechanics_CreateUpdateDelete_RoundTrips" computerName="DESKTOP-R4SJ94J" duration="00:00:00.0098413" startTime="2026-08-08T18:31:53.3603032+08:00" endTime="2026-08-08T18:31:53.3603034+08:00" testType="13cdc9d9-ddb5-4fa4-a97d-d965ccfc6d4b" outcome="Passed" testListId="8c84fa94-04c1-424b-9868-57a2d4851a1d" relativeResultsDirectory="0894efbc-dcc8-413e-ae37-9c939fc5bca1" />
[...]
    <TestEntry testId="d92d5016-da99-0d7e-6cb0-31ebd9acfd99" executionId="8da570da-6f74-4eca-bebb-e7fdec75aa39" testListId="8c84fa94-04c1-424b-9868-57a2d4851a1d" />
    <TestEntry testId="bf26441e-aa5c-e569-4063-b6deed6b3be2" executionId="0e211f13-403b-45e3-b97e-2ddd359cc2d9" testListId="8c84fa94-04c1-424b-9868-57a2d4851a1d" />
    <TestEntry testId="161c4ff4-8c0e-428d-655f-9ae2af579514" executionId="b2688934-437f-4690-964a-be36d5808183" testListId="8c84fa94-04c1-424b-9868-57a2d4851a1d" />
    <TestEntry testId="682fa2a8-c2a2-04be-5eda-efa43b64a530" executionId="f156258a-280f-4488-9074-9abb4f72a915" testListId="8c84fa94-04c1-424b-9868-57a2d4851a1d" />
    <TestEntry testId="8f400875-8f2d-291f-6e42-b6167f283533" executionId="c784fb97-e9ef-4e0f-a142-f684fb194a98" testListId="8c84fa94-04c1-424b-9868-57a2d4851a1d" />
    <TestEntry testId="1846c07b-a2af-ab67-5317-02c83fddc025" executionId="06888de7-a23f-4af4-b8f7-25a340a410aa" testListId="8c84fa94-04c1-424b-9868-57a2d4851a1d" />
    <TestEntry testId="81c39757-fafd-acb5-7ee7-8c1754b669a9" executionId="8de0c19d-999a-4156-8f79-e40e0feead64" testListId="8c84fa94-04c1-424b-9868-57a2d4851a1d" />
    <TestEntry testId="63aa20ef-3689-d74a-fbde-2340e77b14d3" executionId="623cfd44-d77d-438b-8f2d-5d63d8999c46" testListId="8c84fa94-04c1-424b-9868-57a2d4851a1d" />
    <TestEntry testId="27a82b3f-eecc-07f7-3a19-a105a38aeb4c" executionId="747b137c-1b0d-4d65-9464-fdcaae4945dc" testListId="8c84fa94-04c1-424b-9868-57a2d4851a1d" />
    <TestEntry testId="6ada97ae-b783-e7bb-c972-de1a35c0b778" executionId="98fe67d7-fdce-4241-9dbb-c8eeed593f85" testListId="8c84fa94-04c1-424b-9868-57a2d4851a1d" />
    <TestEntry testId="ecdb03a3-41e2-2b3c-d058-df2c7078970b" executionId="2998a8ac-2f0b-4b50-97ec-4c796f8fd31b" testListId="8c84fa94-04c1-424b-9868-57a2d4851a1d" />
    <TestEntry testId="a55f3c51-7108-9119-6b85-efe9170cc1f6" executionId="0fa11d4d-8341-4f53-86e9-0a4b59df18bb" testListId="8c84fa94-04c1-424b-9868-57a2d4851a1d" />
    <TestEntry testId="efdfa9c1-cb60-281e-3047-175769824937" executionId="af373eeb-4e33-466d-b928-e910ecf5dbc3" testListId="8c84fa94-04c1-424b-9868-57a2d4851a1d" />
    <TestEntry testId="c7a7f37d-94e8-c6d0-a19b-3b0227575c50" executionId="1aa69487-cb6c-43ea-8746-c922309d9ba0" testListId="8c84fa94-04c1-424b-9868-57a2d4851a1d" />
    <TestEntry testId="154127d0-1a43-9100-259c-bf9e43f329d6" executionId="4ca128c6-65eb-4074-8667-5e5768bdac02" testListId="8c84fa94-04c1-424b-9868-57a2d4851a1d" />
    <TestEntry testId="8b1312cd-fab7-db5a-f7b0-ce00898ea6b8" executionId="8202a7e0-68bb-474c-a1e5-fc0257a56c90" testListId="8c84fa94-04c1-424b-9868-57a2d4851a1d" />
    <TestEntry testId="daabd045-62b6-3d53-8d11-9693b29dfe8f" executionId="ddaf5334-99eb-4fde-92e5-42e7c6ecbabd" testListId="8c84fa94-04c1-424b-9868-57a2d4851a1d" />
    <TestEntry testId="65bd76d9-eb19-ce9c-1e70-53627e759d91" executionId="164d5337-9f7f-46ef-935f-d7a4675e1a82" testListId="8c84fa94-04c1-424b-9868-57a2d4851a1d" />
    <TestEntry testId="5ca2167f-6b73-f327-ed24-2589b7f9d562" executionId="a4399e04-4560-4d68-be3b-930cc3439ca9" testListId="8c84fa94-04c1-424b-9868-57a2d4851a1d" />
    <TestEntry testId="0fc8a798-8c15-a2e2-d8a3-314b3c4652a3" executionId="f4f4ba38-205e-4eb2-bf6f-7ecef6938c04" testListId="8c84fa94-04c1-424b-9868-57a2d4851a1d" />
    <TestEntry testId="fb174355-6e86-7236-2c1d-bbf5dc699618" executionId="1b80cf6e-51ab-4eec-94bc-d99e2ac3447a" testListId="8c84fa94-04c1-424b-9868-57a2d4851a1d" />
    <TestEntry testId="c9806342-12ce-be1d-90ad-eaa5bc0abec1" executionId="d981fc41-6772-45f8-b18f-ed5a207be72f" testListId="8c84fa94-04c1-424b-9868-57a2d4851a1d" />
    <TestEntry testId="88d71a50-9b03-4548-e7c5-385c62f75001" executionId="661f6023-2eeb-4b4f-b0fa-c5646b51a3e0" testListId="8c84fa94-04c1-424b-9868-57a2d4851a1d" />
    <TestEntry testId="8b732221-a870-f574-d9ed-784b0bae2adc" executionId="ad44a9af-9739-4a2c-86be-51ffa237df84" testListId="8c84fa94-04c1-424b-9868-57a2d4851a1d" />
    <TestEntry testId="5911512c-6d17-b73e-779e-dd1877ca6e02" executionId="6d03abc9-18c5-4519-a90f-1e66dde434e6" testListId="8c84fa94-04c1-424b-9868-57a2d4851a1d" />
    <TestEntry testId="d88f7b42-018f-2964-65c4-f1a2d2860e16" executionId="8ebe4639-e26d-4233-aea1-b0c61c2e657a" testListId="8c84fa94-04c1-424b-9868-57a2d4851a1d" />
    <TestEntry testId="c413d761-c0ea-8f46-d0ae-f247926f2e2e" executionId="a13cb650-cb74-4b8c-bbee-6b59f1a7f646" testListId="8c84fa94-04c1-424b-9868-57a2d4851a1d" />
    <TestEntry testId="00401533-766f-01b1-2633-a8df07385320" executionId="498e17dd-1ab9-4a4b-95ed-462a52e265c9" testListId="8c84fa94-04c1-424b-9868-57a2d4851a1d" />
    <TestEntry testId="f1ea2279-d0dc-ba91-1c67-20036fe50d3d" executionId="17ef6290-0c70-4d80-8f86-144031a702da" testListId="8c84fa94-04c1-424b-9868-57a2d4851a1d" />
    <TestEntry testId="b7780a2e-7bda-67a2-ec59-9103092e2138" executionId="eacb22df-d8c4-4363-a62c-329e963dc255" testListId="8c84fa94-04c1-424b-9868-57a2d4851a1d" />
    <TestEntry testId="5ca2167f-6b73-f327-ed24-2589b7f9d562" executionId="740e3b18-53e7-4196-bc12-fd73cd8cc015" testListId="8c84fa94-04c1-424b-9868-57a2d4851a1d" />
    <TestEntry testId="5ebeefbf-d915-2d10-bd52-c9c02628a885" executionId="fc56008c-53b3-463f-b412-77d4874a0ba0" testListId="8c84fa94-04c1-424b-9868-57a2d4851a1d" />
    <TestEntry testId="d3671957-f9f8-453b-01e7-043da6cb50b1" executionId="f3987ab9-10d2-427d-9328-96e602a77bd7" testListId="8c84fa94-04c1-424b-9868-57a2d4851a1d" />
    <TestEntry testId="558b6420-ef9d-03e0-28c7-532c1b646464" executionId="1338cfd6-f4fa-4c68-9144-4484cd6cf1da" testListId="8c84fa94-04c1-424b-9868-57a2d4851a1d" />
    <TestEntry testId="1e5be841-2c3b-e65e-2341-eb338a698c59" executionId="02a91c0d-ef5c-456c-8885-c144d3bb4c22" testListId="8c84fa94-04c1-424b-9868-57a2d4851a1d" />
    <TestEntry testId="30c43380-8f6f-a9f1-7a78-6086644a2555" executionId="f2824b68-d542-42a4-af19-ef2b22d91385" testListId="8c84fa94-04c1-424b-9868-57a2d4851a1d" />
    <TestEntry testId="4cdc477f-174b-e0e6-b816-14f12c4836ce" executionId="cdca8133-009a-4bb8-ba86-bdbb57936fe7" testListId="8c84fa94-04c1-424b-9868-57a2d4851a1d" />
    <TestEntry testId="b30e3ea9-1338-34d9-50fb-103bd34dc10e" executionId="0a02472c-1a8b-46e6-9692-f6bc7b9b93c7" testListId="8c84fa94-04c1-424b-9868-57a2d4851a1d" />
    <TestEntry testId="f53e2023-4e64-452f-4bac-82998fc09223" executionId="6e57649b-057a-482e-9b7b-99a6c06895c5" testListId="8c84fa94-04c1-424b-9868-57a2d4851a1d" />
    <TestEntry testId="a2449693-07ac-dee2-7768-eeba709a51c3" executionId="e1f38940-53ee-44b8-87cc-1a9fece16af0" testListId="8c84fa94-04c1-424b-9868-57a2d4851a1d" />
    <TestEntry testId="3415b379-d9a1-e188-160a-98bb5bead3c5" executionId="6bfdad79-b91c-4812-8e9d-df0f07e7187a" testListId="8c84fa94-04c1-424b-9868-57a2d4851a1d" />
    <TestEntry testId="97c3bb3e-5fb1-e852-a4f2-a903b75e4ec5" executionId="a45f7c93-a6b3-459d-a8d5-a41a1fe4e370" testListId="8c84fa94-04c1-424b-9868-57a2d4851a1d" />
    <TestEntry testId="a54bd0a7-2c84-9517-b9e5-74ba2e66a0f8" executionId="24480376-944f-48b7-abc7-a7616164273d" testListId="8c84fa94-04c1-424b-9868-57a2d4851a1d" />
    <TestEntry testId="1db8f953-c62a-f7b4-f529-481fa8526e5e" executionId="4e80f78a-de12-4665-9d7f-d8da38d181ae" testListId="8c84fa94-04c1-424b-9868-57a2d4851a1d" />
    <TestEntry testId="e9decbed-c547-28f3-af8f-34585ce5d0c1" executionId="3b2a7f03-22bb-434f-acae-4098d1792cd1" testListId="8c84fa94-04c1-424b-9868-57a2d4851a1d" />
    <TestEntry testId="be9b0ff7-8124-0767-c0c6-2d0faa278d3e" executionId="a7297cae-e166-4cd7-8b7a-db2f98c5ea0c" testListId="8c84fa94-04c1-424b-9868-57a2d4851a1d" />
    <TestEntry testId="9779225b-0ae2-4ca5-1e6e-a1a71d6334cc" executionId="00b9687d-1b4d-433f-8079-bf5ca3a8edd7" testListId="8c84fa94-04c1-424b-9868-57a2d4851a1d" />
    <TestEntry testId="eaa03a5f-e444-e07b-5ca1-ccee62825492" executionId="f02566c5-d917-4fb1-b49b-b75c1d43dca7" testListId="8c84fa94-04c1-424b-9868-57a2d4851a1d" />
    <TestEntry testId="314aac6f-eab4-b603-b4c5-71b12e2f739c" executionId="f6a6eb49-06d9-44c1-a2bf-91610071b8cb" testListId="8c84fa94-04c1-424b-9868-57a2d4851a1d" />
    <TestEntry testId="87527a90-f0b4-6545-6d34-54a250f4a256" executionId="eb53b281-6bca-48ab-8cec-f12593624529" testListId="8c84fa94-04c1-424b-9868-57a2d4851a1d" />
    <TestEntry testId="4f79c39a-6ed4-fabf-3424-183417e08387" executionId="379595c4-dd5d-4479-b2ea-eab1addecd3e" testListId="8c84fa94-04c1-424b-9868-57a2d4851a1d" />
    <TestEntry testId="5ca2167f-6b73-f327-ed24-2589b7f9d562" executionId="af72a5aa-b77a-4e56-bf0d-b671b6d192fd" testListId="8c84fa94-04c1-424b-9868-57a2d4851a1d" />
    <TestEntry testId="88ee79a5-f653-552f-ac6f-6d8ddfc7bc5e" executionId="2932126e-0969-43ca-ab11-d027b6eb286f" testListId="8c84fa94-04c1-424b-9868-57a2d4851a1d" />
    <TestEntry testId="c416cdc2-7307-21cb-35f9-3de52ffcbebe" executionId="ee7ce333-ad7c-4a90-859a-fe143db586bb" testListId="8c84fa94-04c1-424b-9868-57a2d4851a1d" />
    <TestEntry testId="f799f9ec-f351-2cbd-841b-495f2b7cfc0b" executionId="0b68b044-cd10-4b24-83b0-1624ddd1d18f" testListId="8c84fa94-04c1-424b-9868-57a2d4851a1d" />
    <TestEntry testId="34d89e8c-380b-c960-3671-745c5cb591b4" executionId="94e14ab1-5d5c-4212-94ff-f28c63014a41" testListId="8c84fa94-04c1-424b-9868-57a2d4851a1d" />
    <TestEntry testId="60564d59-770c-31ef-1642-bdbcbb4c72d9" executionId="e82e28ea-54d1-42e6-8c0d-8601a61160fb" testListId="8c84fa94-04c1-424b-9868-57a2d4851a1d" />
    <TestEntry testId="d45155d7-a647-a3ea-58f6-c750411435ce" executionId="61eefbec-73b7-41eb-aefe-e6ede00124ca" testListId="8c84fa94-04c1-424b-9868-57a2d4851a1d" />
    <TestEntry testId="da475af5-57c3-6a3d-2e6a-2ef3f2d26dbc" executionId="b4d91c91-b242-4e3e-bb19-602850b7ee56" testListId="8c84fa94-04c1-424b-9868-57a2d4851a1d" />
    <TestEntry testId="2acb047d-6c02-98cf-859f-eb70c176ab9e" executionId="01afef2e-4380-4a9d-9f4e-5c992b2556c1" testListId="8c84fa94-04c1-424b-9868-57a2d4851a1d" />
    <TestEntry testId="d1e8ea24-111f-4c6d-7e21-52a9c5eb5633" executionId="1eaa9d7e-acc7-4236-adf2-9b69ed99be36" testListId="8c84fa94-04c1-424b-9868-57a2d4851a1d" />
    <TestEntry testId="a155eee6-3a0e-9c0e-21fc-f1979f70e8ce" executionId="5e42cae0-6a4f-4e3a-bd92-c406bfd1b95b" testListId="8c84fa94-04c1-424b-9868-57a2d4851a1d" />
    <TestEntry testId="102abe3d-fbb8-aa45-61ca-0a71a5594eaa" executionId="5f9b96c0-ec25-4269-b860-22c6ce3e165c" testListId="8c84fa94-04c1-424b-9868-57a2d4851a1d" />
    <TestEntry testId="681e3e74-c1eb-fb96-d4b2-4bd2b0de96f2" executionId="115497e6-61de-4991-95a7-5a0f91a64f27" testListId="8c84fa94-04c1-424b-9868-57a2d4851a1d" />
    <TestEntry testId="6c165e3c-c537-a274-2dcc-b7d8a3389e4a" executionId="57a72737-0e36-4121-8c79-0d3daf89a69c" testListId="8c84fa94-04c1-424b-9868-57a2d4851a1d" />
    <TestEntry testId="340c97b9-1bf6-f11b-151d-9242732eca8e" executionId="0f061759-3133-42f0-9913-b0ae24966cc1" testListId="8c84fa94-04c1-424b-9868-57a2d4851a1d" />
    <TestEntry testId="9ce779c7-ccc5-39ef-3949-a8c2d71cc38b" executionId="a0cb8737-47da-458c-9668-aff5bc66fa2e" testListId="8c84fa94-04c1-424b-9868-57a2d4851a1d" />
    <TestEntry testId="212b5f1f-3cc5-10f1-b885-9a8fd75fbb37" executionId="d017a24f-54eb-461c-978d-e96374c175f4" testListId="8c84fa94-04c1-424b-9868-57a2d4851a1d" />
    <TestEntry testId="a7a94e9b-0c06-9339-ce39-e0b0b2e8836e" executionId="fb007fff-0a9e-4b26-90a3-bc8e6d44567a" testListId="8c84fa94-04c1-424b-9868-57a2d4851a1d" />
  </TestEntries>
  <TestLists>
    <TestList name="Results Not in a List" id="8c84fa94-04c1-424b-9868-57a2d4851a1d" />
    <TestList name="All Loaded Results" id="19431567-8539-422a-85d7-44ee4e166bda" />
  </TestLists>
  <ResultSummary outcome="Completed">
    <Counters total="272" executed="258" passed="258" failed="0" error="0" timeout="0" aborted="0" inconclusive="0" passedButRunAborted="0" notRunnable="0" notExecuted="0" disconnected="0" warning="0" completed="0" inProgress="0" pending="0" />
    <Output>
      <StdOut>[xUnit.net 00:00:00.00] xUnit.net VSTest Adapter v2.5.3.1+6b60a9e56a (64-bit .NET 8.0.29)&#xD;
[xUnit.net 00:00:00.07]   Discovering: StockSense.Tests&#xD;
[xUnit.net 00:00:00.13]   Discovered:  StockSense.Tests&#xD;
[xUnit.net 00:00:00.13]   Starting:    StockSense.Tests&#xD;
[xUnit.net 00:00:00.18]       Set STOCKSENSE_TEST_SQL_CONNECTION to run SQL Server integration tests.&#xD;
[xUnit.net 00:00:00.19]       Set STOCKSENSE_TEST_SQL_CONNECTION to run SQL Server integration tests.&#xD;
[xUnit.net 00:00:00.19]       Set STOCKSENSE_TEST_SQL_CONNECTION to run SQL Server integration tests.&#xD;
Test 'StockSense.Tests.ProductInventoryUpdateSqlServerTests.ProductStatusUpdate_persists_and_returns_new_row_version' was skipped in the test run.&#xD;
Test 'StockSense.Tests.ProductInventoryUpdateSqlServerTests.ExcessiveDecimalPrecision_IsRejectedWithoutMutationOrAudit' was skipped in the test run.&#xD;
Test 'StockSense.Tests.ProductInventoryUpdateSqlServerTests.StaleProductVersion_ReturnsConflictAndCreatesNoAudit' was skipped in the test run.&#xD;
[xUnit.net 00:00:00.19]       Set STOCKSENSE_TEST_SQL_CONNECTION to run SQL Server integration tests.&#xD;
[xUnit.net 00:00:00.19]       Set STOCKSENSE_TEST_SQL_CONNECTION to run SQL Server integration tests.&#xD;
Test 'StockSense.Tests.ProductInventoryUpdateSqlServerTests.PriceOnlyEdit_CreatesHeaderAuditWithoutStockItem' was skipped in the test run.&#xD;
Test 'StockSense.Tests.ProductInventoryUpdateSqlServerTests.ProductStatusUpdate_with_stale_version_returns_conflict' was skipped in the test run.&#xD;
[xUnit.net 00:00:00.20]       Set STOCKSENSE_TEST_SQL_CONNECTION to run SQL Server integration tests.&#xD;
Test 'StockSense.Tests.ProductInventoryUpdateSqlServerTests.StockCorrection_UsesSignedDeltaAndCreatesAuditTransaction' was skipped in the test run.&#xD;
[xUnit.net 00:00:00.21]       Set STOCKSENSE_TEST_SQL_CONNECTION to run SQL Server integration tests.&#xD;
[xUnit.net 00:00:00.21]       Set STOCKSENSE_TEST_SQL_CONNECTION to run SQL Server integration tests.&#xD;
Test 'StockSense.Tests.OrderSlipWorkflowSqlServerTests.OverReceipt_LeavesStockOrderAndTransactionsUnchanged' was skipped in the test run.&#xD;
Test 'StockSense.Tests.OrderSlipWorkflowSqlServerTests.DuplicateDraftRequest_DoesNotCreateDuplicateOpenItem' was skipped in the test run.&#xD;
[xUnit.net 00:00:00.21]       Set STOCKSENSE_TEST_SQL_CONNECTION to run SQL Server integration tests.&#xD;
[xUnit.net 00:00:00.21]       Set STOCKSENSE_TEST_SQL_CONNECTION to run SQL Server integration tests.&#xD;
[xUnit.net 00:00:00.21]       Set STOCKSENSE_TEST_SQL_CONNECTION to run SQL Server integration tests.&#xD;
[xUnit.net 00:00:00.21]       Set STOCKSENSE_TEST_SQL_CONNECTION to run SQL Server integration tests.&#xD;
[xUnit.net 00:00:00.21]       Set STOCKSENSE_TEST_SQL_CONNECTION to run SQL Server integration tests.&#xD;
[xUnit.net 00:00:00.21]       Set STOCKSENSE_TEST_SQL_CONNECTION to run SQL Server integration tests.&#xD;
Test 'StockSense.Tests.OrderSlipWorkflowSqlServerTests.ManualDraft_UsesDatabaseCostAndDoesNotRequireInventorySettings' was skipped in the test run.&#xD;
Test 'StockSense.Tests.OrderSlipWorkflowSqlServerTests.StaleOrderSlipRowVersion_ReturnsFriendlyConcurrencyConflict' was skipped in the test run.&#xD;
Test 'StockSense.Tests.OrderSlipWorkflowSqlServerTests.ManualDraft_InvalidConfiguredQuantityCreatesNothing' was skipped in the test run.&#xD;
Test 'StockSense.Tests.OrderSlipWorkflowSqlServerTests.PartialThenCompleteReceipt_UpdatesStockReceiptAuditAndStatusAtomically' was skipped in the test run.&#xD;
Test 'StockSense.Tests.OrderSlipWorkflowSqlServerTests.RetryingExecutionStrategy_CanCommitWorkflowTransaction' was skipped in the test run.&#xD;
Test 'StockSense.Tests.OrderSlipWorkflowSqlServerTests.ManualDraft_ExistingOpenOrderBlocksEntireRequest' was skipped in the test run.&#xD;
[xUnit.net 00:00:01.22]   Finished:    StockSense.Tests&#xD;
</StdOut>
    </Output>
    <RunInfos>
      <RunInfo computerName="DESKTOP-R4SJ94J" outcome="Warning" timestamp="2026-08-08T18:31:52.4299610+08:00">
        <Text>[xUnit.net 00:00:00.18]     StockSense.Tests.ProductInventoryUpdateSqlServerTests.ProductStatusUpdate_persists_and_returns_new_row_version [SKIP]</Text>
      </RunInfo>
      <RunInfo computerName="DESKTOP-R4SJ94J" outcome="Warning" timestamp="2026-08-08T18:31:52.4302232+08:00">
        <Text>[xUnit.net 00:00:00.19]     StockSense.Tests.ProductInventoryUpdateSqlServerTests.ExcessiveDecimalPrecision_IsRejectedWithoutMutationOrAudit [SKIP]</Text>
      </RunInfo>
      <RunInfo computerName="DESKTOP-R4SJ94J" outcome="Warning" timestamp="2026-08-08T18:31:52.4302451+08:00">
        <Text>[xUnit.net 00:00:00.19]     StockSense.Tests.ProductInventoryUpdateSqlServerTests.StaleProductVersion_ReturnsConflictAndCreatesNoAudit [SKIP]</Text>
      </RunInfo>
      <RunInfo computerName="DESKTOP-R4SJ94J" outcome="Warning" timestamp="2026-08-08T18:31:52.4459732+08:00">
        <Text>[xUnit.net 00:00:00.19]     StockSense.Tests.ProductInventoryUpdateSqlServerTests.PriceOnlyEdit_CreatesHeaderAuditWithoutStockItem [SKIP]</Text>
      </RunInfo>
      <RunInfo computerName="DESKTOP-R4SJ94J" outcome="Warning" timestamp="2026-08-08T18:31:52.4460121+08:00">
        <Text>[xUnit.net 00:00:00.19]     StockSense.Tests.ProductInventoryUpdateSqlServerTests.ProductStatusUpdate_with_stale_version_returns_conflict [SKIP]</Text>
      </RunInfo>
      <RunInfo computerName="DESKTOP-R4SJ94J" outcome="Warning" timestamp="2026-08-08T18:31:52.4475619+08:00">
        <Text>[xUnit.net 00:00:00.20]     StockSense.Tests.ProductInventoryUpdateSqlServerTests.StockCorrection_UsesSignedDeltaAndCreatesAuditTransaction [SKIP]</Text>
      </RunInfo>
      <RunInfo computerName="DESKTOP-R4SJ94J" outcome="Warning" timestamp="2026-08-08T18:31:52.4510332+08:00">
        <Text>[xUnit.net 00:00:00.21]     StockSense.Tests.OrderSlipWorkflowSqlServerTests.OverReceipt_LeavesStockOrderAndTransactionsUnchanged [SKIP]</Text>
      </RunInfo>
      <RunInfo computerName="DESKTOP-R4SJ94J" outcome="Warning" timestamp="2026-08-08T18:31:52.4510722+08:00">
        <Text>[xUnit.net 00:00:00.21]     StockSense.Tests.OrderSlipWorkflowSqlServerTests.DuplicateDraftRequest_DoesNotCreateDuplicateOpenItem [SKIP]</Text>
      </RunInfo>
      <RunInfo computerName="DESKTOP-R4SJ94J" outcome="Warning" timestamp="2026-08-08T18:31:52.4512843+08:00">
        <Text>[xUnit.net 00:00:00.21]     StockSense.Tests.OrderSlipWorkflowSqlServerTests.ManualDraft_UsesDatabaseCostAndDoesNotRequireInventorySettings [SKIP]</Text>
      </RunInfo>
      <RunInfo computerName="DESKTOP-R4SJ94J" outcome="Warning" timestamp="2026-08-08T18:31:52.4513022+08:00">
        <Text>[xUnit.net 00:00:00.21]     StockSense.Tests.OrderSlipWorkflowSqlServerTests.StaleOrderSlipRowVersion_ReturnsFriendlyConcurrencyConflict [SKIP]</Text>
      </RunInfo>
      <RunInfo computerName="DESKTOP-R4SJ94J" outcome="Warning" timestamp="2026-08-08T18:31:52.4513177+08:00">
        <Text>[xUnit.net 00:00:00.21]     StockSense.Tests.OrderSlipWorkflowSqlServerTests.ManualDraft_InvalidConfiguredQuantityCreatesNothing [SKIP]</Text>
      </RunInfo>
      <RunInfo computerName="DESKTOP-R4SJ94J" outcome="Warning" timestamp="2026-08-08T18:31:52.4513348+08:00">
        <Text>[xUnit.net 00:00:00.21]     StockSense.Tests.OrderSlipWorkflowSqlServerTests.PartialThenCompleteReceipt_UpdatesStockReceiptAuditAndStatusAtomically [SKIP]</Text>
      </RunInfo>
      <RunInfo computerName="DESKTOP-R4SJ94J" outcome="Warning" timestamp="2026-08-08T18:31:52.4513504+08:00">
        <Text>[xUnit.net 00:00:00.21]     StockSense.Tests.OrderSlipWorkflowSqlServerTests.RetryingExecutionStrategy_CanCommitWorkflowTransaction [SKIP]</Text>
      </RunInfo>
      <RunInfo computerName="DESKTOP-R4SJ94J" outcome="Warning" timestamp="2026-08-08T18:31:52.4513655+08:00">
        <Text>[xUnit.net 00:00:00.21]     StockSense.Tests.OrderSlipWorkflowSqlServerTests.ManualDraft_ExistingOpenOrderBlocksEntireRequest [SKIP]</Text>
      </RunInfo>
    </RunInfos>
  </ResultSummary>
</TestRun>