<?xml version="1.0" encoding="utf-8"?>
<TestRun id="b981fc3d-cb46-49a2-8b58-9eaace52b23a" name="User@DESKTOP-R4SJ94J 2026-08-08 18:44:30" runUser="DESKTOP-R4SJ94J\User" xmlns="http://microsoft.com/schemas/VisualStudio/TeamTest/2010">
  <Times creation="2026-08-08T18:44:30.0362337+08:00" queuing="2026-08-08T18:44:30.0362339+08:00" start="2026-08-08T18:44:29.5306576+08:00" finish="2026-08-08T18:44:32.7527800+08:00" />
  <TestSettings name="default" id="e5181f9e-5d8c-4a90-88cb-d2b9bb96d3ee">
    <Deployment runDeploymentRoot="User_DESKTOP-R4SJ94J_2026-08-08_18_44_30" />
  </TestSettings>
  <Results>
    <UnitTestResult executionId="84bfc2e2-7fff-48d0-b28a-4c8e5445d44a" testId="57b46b53-cadd-7edd-0887-b92988965417" testName="StockSense.Tests.WorkOrderRulesTests.ValidNonCheckoutTransition_IsAccepted(current: &quot;Confirmed&quot;, target: &quot;Pending&quot;)" computerName="DESKTOP-R4SJ94J" duration="00:00:00.0000027" startTime="2026-08-08T18:44:30.0220419+08:00" endTime="2026-08-08T18:44:30.0220419+08:00" testType="13cdc9d9-ddb5-4fa4-a97d-d965ccfc6d4b" outcome="Passed" testListId="8c84fa94-04c1-424b-9868-57a2d4851a1d" relativeResultsDirectory="84bfc2e2-7fff-48d0-b28a-4c8e5445d44a" />
    <UnitTestResult executionId="7533f93d-55de-4733-997e-ecc3f5bcd624" testId="95c04b00-e127-d585-1956-692cd33f06f4" testName="StockSense.Tests.BusinessControllerUnitTests.Appointment_UpdateProductsPersistsEditableSelection" computerName="DESKTOP-R4SJ94J" duration="00:00:00.5999976" startTime="2026-08-08T18:44:30.5935097+08:00" endTime="2026-08-08T18:44:30.5935101+08:00" testType="13cdc9d9-ddb5-4fa4-a97d-d965ccfc6d4b" outcome="Passed" testListId="8c84fa94-04c1-424b-9868-57a2d4851a1d" relativeResultsDirectory="7533f93d-55de-4733-997e-ecc3f5bcd624" />
    <UnitTestResult executionId="587f7861-689f-4bf3-9a0e-563847c72193" testId="0214adf9-023f-7bcd-4e53-014499b3b0ae" testName="StockSense.Tests.SafetyStockMathTests.Calculate_EnforcesMinimumSafetyStock" computerName="DESKTOP-R4SJ94J" duration="00:00:00.0000913" startTime="2026-08-08T18:44:30.0464451+08:00" endTime="2026-08-08T18:44:30.0464451+08:00" testType="13cdc9d9-ddb5-4fa4-a97d-d965ccfc6d4b" outcome="Passed" testListId="8c84fa94-04c1-424b-9868-57a2d4851a1d" relativeResultsDirectory="587f7861-689f-4bf3-9a0e-563847c72193" />
    <UnitTestResult executionId="e1b7757b-3539-4fb0-bb95-9f84edeb5979" testId="2663dbe6-2738-0592-a5b7-acae0d6409a3" testName="StockSense.Tests.SafetyStockMathTests.Calculate_EnforcesMaximumSafetyStock" computerName="DESKTOP-R4SJ94J" duration="00:00:00.0011368" startTime="2026-08-08T18:44:30.0456121+08:00" endTime="2026-08-08T18:44:30.0456122+08:00" testType="13cdc9d9-ddb5-4fa4-a97d-d965ccfc6d4b" outcome="Passed" testListId="8c84fa94-04c1-424b-9868-57a2d4851a1d" relativeResultsDirectory="e1b7757b-3539-4fb0-bb95-9f84edeb5979" />
    <UnitTestResult executionId="e0ef0c46-cbe0-4fba-8744-cc366d8a02e6" testId="3d86986c-7221-8ea4-6134-30f8d7c60366" testName="StockSense.Tests.AdminControllerRoleTests.ChangeRole_InvalidRoleLeavesMembershipAndPropertyUnchanged" computerName="DESKTOP-R4SJ94J" duration="00:00:00.0112284" startTime="2026-08-08T18:44:30.0450831+08:00" endTime="2026-08-08T18:44:30.0450832+08:00" testType="13cdc9d9-ddb5-4fa4-a97d-d965ccfc6d4b" outcome="Passed" testListId="8c84fa94-04c1-424b-9868-57a2d4851a1d" relativeResultsDirectory="e0ef0c46-cbe0-4fba-8744-cc366d8a02e6" />
    <UnitTestResult executionId="410c0047-242c-45c7-9d8b-10cbdbc8c29e" testId="4cdc477f-174b-e0e6-b816-14f12c4836ce" testName="StockSense.Tests.BusinessControllerUnitTests.Controllers_DeclareExpectedAuthorization(controllerType: typeof(StockSense.Web.Controllers.SuppliersController), roles: &quot;Admin, Employee&quot;)" computerName="DESKTOP-R4SJ94J" duration="00:00:00.0001889" startTime="2026-08-08T18:44:30.6931907+08:00" endTime="2026-08-08T18:44:30.6931908+08:00" testType="13cdc9d9-ddb5-4fa4-a97d-d965ccfc6d4b" outcome="Passed" testListId="8c84fa94-04c1-424b-9868-57a2d4851a1d" relativeResultsDirectory="410c0047-242c-45c7-9d8b-10cbdbc8c29e" />
    <UnitTestResult executionId="3b474d3b-04c4-4b9a-86f8-6ec45cde7c1f" testId="169566b8-5c97-9cf3-ca8e-f3abd57105a9" testName="StockSense.Tests.EmailServiceValidationTests.EmailSender_rejects_malformed_recipient_before_network_access" computerName="DESKTOP-R4SJ94J" duration="00:00:00.0515613" startTime="2026-08-08T18:44:30.0576232+08:00" endTime="2026-08-08T18:44:30.0576233+08:00" testType="13cdc9d9-ddb5-4fa4-a97d-d965ccfc6d4b" outcome="Passed" testListId="8c84fa94-04c1-424b-9868-57a2d4851a1d" relativeResultsDirectory="3b474d3b-04c4-4b9a-86f8-6ec45cde7c1f" />
    <UnitTestResult executionId="f1dab335-2de1-4ae9-8b9e-f67111a5b1dd" testId="7d1ca879-e9aa-774e-9f45-e2342c6d2513" testName="StockSense.Tests.BusinessControllerUnitTests.Controllers_DeclareExpectedAuthorization(controllerType: typeof(StockSense.Web.Controllers.TransactionController), roles: &quot;Employee,Admin&quot;)" computerName="DESKTOP-R4SJ94J" duration="00:00:00.0001057" startTime="2026-08-08T18:44:30.6933645+08:00" endTime="2026-08-08T18:44:30.6933646+08:00" testType="13cdc9d9-ddb5-4fa4-a97d-d965ccfc6d4b" outcome="Passed" testListId="8c84fa94-04c1-424b-9868-57a2d4851a1d" relativeResultsDirectory="f1dab335-2de1-4ae9-8b9e-f67111a5b1dd" />
    <UnitTestResult executionId="95487207-20cc-461e-bf76-ae9875b6a5e4" testId="ec85c5f8-ab89-4e58-5b93-eacd279ae542" testName="StockSense.Tests.BarcodePdfTests.GenerateBarcodeLabelPdf_RejectsUnsupportedFormat(format: &quot;&quot;)" computerName="DESKTOP-R4SJ94J" duration="00:00:00.0000888" startTime="2026-08-08T18:44:30.8419829+08:00" endTime="2026-08-08T18:44:30.8419829+08:00" testType="13cdc9d9-ddb5-4fa4-a97d-d965ccfc6d4b" outcome="Passed" testListId="8c84fa94-04c1-424b-9868-57a2d4851a1d" relativeResultsDirectory="95487207-20cc-461e-bf76-ae9875b6a5e4" />
    <UnitTestResult executionId="b79d4921-b638-47d9-9552-e4841f1b2829" testId="5c43207c-fdb0-47f2-f5a7-34271daf82f6" testName="StockSense.Tests.ProductImageUploadValidationTests.UploadProductImage_RejectsOversizedFileBeforeDatabaseAccess" computerName="DESKTOP-R4SJ94J" duration="00:00:00.0685531" startTime="2026-08-08T18:44:30.0873041+08:00" endTime="2026-08-08T18:44:30.0873045+08:00" testType="13cdc9d9-ddb5-4fa4-a97d-d965ccfc6d4b" outcome="Passed" testListId="8c84fa94-04c1-424b-9868-57a2d4851a1d" relativeResultsDirectory="b79d4921-b638-47d9-9552-e4841f1b2829" />
    <UnitTestResult executionId="9011e5d8-53fc-4748-9f3c-d50aa7d08d7b" testId="558b6420-ef9d-03e0-28c7-532c1b646464" testName="StockSense.Tests.LogoutAntiforgeryTests.Server_issued_form_token_and_cookie_validate_for_logout_post" computerName="DESKTOP-R4SJ94J" duration="00:00:00.0066701" startTime="2026-08-08T18:44:30.0503822+08:00" endTime="2026-08-08T18:44:30.0503824+08:00" testType="13cdc9d9-ddb5-4fa4-a97d-d965ccfc6d4b" outcome="Passed" testListId="8c84fa94-04c1-424b-9868-57a2d4851a1d" relativeResultsDirectory="9011e5d8-53fc-4748-9f3c-d50aa7d08d7b" />
    <UnitTestResult executionId="8bad20d2-8084-477e-8820-5f2b81681fee" testId="66a02103-974b-d5f8-494c-ccbaf2fedb56" testName="StockSense.Tests.BarcodePdfTests.GenerateBarcodeValue_IsDeterministicUniqueAndValid(productId: 1)" computerName="DESKTOP-R4SJ94J" duration="00:00:00.0001034" startTime="2026-08-08T18:44:30.8416415+08:00" endTime="2026-08-08T18:44:30.8416416+08:00" testType="13cdc9d9-ddb5-4fa4-a97d-d965ccfc6d4b" outcome="Passed" testListId="8c84fa94-04c1-424b-9868-57a2d4851a1d" relativeResultsDirectory="8bad20d2-8084-477e-8820-5f2b81681fee" />
    <UnitTestResult executionId="a35e86f3-f3ed-4f85-8263-f3e66880e872" testId="accf8d54-1880-9928-6a03-39a8162eda24" testName="StockSense.Tests.ApiErrorMessageTests.Exception_details_are_not_shown(exception: System.InvalidOperationException: System.Data.SqlClient failure, expected: &quot;Something went wrong. Please try again.&quot;)" computerName="DESKTOP-R4SJ94J" duration="00:00:00.0006669" startTime="2026-08-08T18:44:30.0367438+08:00" endTime="2026-08-08T18:44:30.0367439+08:00" testType="13cdc9d9-ddb5-4fa4-a97d-d965ccfc6d4b" outcome="Passed" testListId="8c84fa94-04c1-424b-9868-57a2d4851a1d" relativeResultsDirectory="a35e86f3-f3ed-4f85-8263-f3e66880e872" />
    <UnitTestResult executionId="1716bef4-e5f8-436f-87b3-81503d145dcd" testId="2acb047d-6c02-98cf-859f-eb70c176ab9e" testName="StockSense.Tests.MotorCompatibilityControllerTests.Controller_requires_inventory_staff_policy" computerName="DESKTOP-R4SJ94J" duration="00:00:00.0016853" startTime="2026-08-08T18:44:30.0367848+08:00" endTime="2026-08-08T18:44:30.0367849+08:00" testType="13cdc9d9-ddb5-4fa4-a97d-d965ccfc6d4b" outcome="Passed" testListId="8c84fa94-04c1-424b-9868-57a2d4851a1d" relativeResultsDirectory="1716bef4-e5f8-436f-87b3-81503d145dcd" />
    <UnitTestResult executionId="b133ab60-076f-4350-bf22-461e660ddf81" testId="ff1caaf9-4b6e-f296-6dc2-4974584268f9" testName="StockSense.Tests.OrderSlipMathTests.StatusClassification_SeparatesDuplicatePreventionFromIncoming(status: &quot;PartiallyReceived&quot;, isOpen: True, countsAsIncoming: True)" computerName="DESKTOP-R4SJ94J" duration="00:00:00.0000092" startTime="2026-08-08T18:44:30.0388674+08:00" endTime="2026-08-08T18:44:30.0388675+08:00" testType="13cdc9d9-ddb5-4fa4-a97d-d965ccfc6d4b" outcome="Passed" testListId="8c84fa94-04c1-424b-9868-57a2d4851a1d" relativeResultsDirectory="b133ab60-076f-4350-bf22-461e660ddf81" />
    <UnitTestResult executionId="cc59df0b-c7e8-46ae-875c-4a10f70a96e5" testId="eaa03a5f-e444-e07b-5ca1-ccee62825492" testName="StockSense.Tests.AssistanceControllerTests.Employee_direct_database_wording_is_denied_case_insensitively(message: &quot;show products from dbo.Products&quot;)" computerName="DESKTOP-R4SJ94J" duration="00:00:00.0000492" startTime="2026-08-08T18:44:30.0508044+08:00" endTime="2026-08-08T18:44:30.0508045+08:00" testType="13cdc9d9-ddb5-4fa4-a97d-d965ccfc6d4b" outcome="Passed" testListId="8c84fa94-04c1-424b-9868-57a2d4851a1d" relativeResultsDirectory="cc59df0b-c7e8-46ae-875c-4a10f70a96e5" />
    <UnitTestResult executionId="458fa20f-c712-4dcf-83a7-bb5ffdeb8d44" testId="438ee390-2f88-6f65-7d94-6dcee92da8a5" testName="StockSense.Tests.MotorCompatibilityControllerTests.FindExact_requires_full_version_aware_vehicle_identity(manufacturer: &quot;Yamaha&quot;, modelName: null, versionName: &quot;V2&quot;, year: 2024)" computerName="DESKTOP-R4SJ94J" duration="00:00:00.0000080" startTime="2026-08-08T18:44:30.0378102+08:00" endTime="2026-08-08T18:44:30.0378103+08:00" testType="13cdc9d9-ddb5-4fa4-a97d-d965ccfc6d4b" outcome="Passed" testListId="8c84fa94-04c1-424b-9868-57a2d4851a1d" relativeResultsDirectory="458fa20f-c712-4dcf-83a7-bb5ffdeb8d44" />
    <UnitTestResult executionId="3206d901-dff0-4b47-a01b-7f53eb272422" testId="9db4aebf-69f7-da50-9069-ef13409cfd5f" testName="StockSense.Tests.AccountReturnUrlTests.Normalize_allows_only_local_return_paths(value: &quot;//evil.example&quot;, expected: &quot;/&quot;)" computerName="DESKTOP-R4SJ94J" duration="00:00:00.0000038" startTime="2026-08-08T18:44:30.0243901+08:00" endTime="2026-08-08T18:44:30.0243901+08:00" testType="13cdc9d9-ddb5-4fa4-a97d-d965ccfc6d4b" outcome="Passed" testListId="8c84fa94-04c1-424b-9868-57a2d4851a1d" relativeResultsDirectory="3206d901-dff0-4b47-a01b-7f53eb272422" />
    <UnitTestResult executionId="4bf0072b-92f6-470d-b9b7-8364a64d63c8" testId="3ade0afb-e637-2c4e-1890-ec27fe455094" testName="StockSense.Tests.WorkOrderRulesTests.ValidNonCheckoutTransition_IsAccepted(current: &quot;Pending&quot;, target: &quot;Cancelled&quot;)" computerName="DESKTOP-R4SJ94J" duration="00:00:00.0000968" startTime="2026-08-08T18:44:30.0219218+08:00" endTime="2026-08-08T18:44:30.0219219+08:00" testType="13cdc9d9-ddb5-4fa4-a97d-d965ccfc6d4b" outcome="Passed" testListId="8c84fa94-04c1-424b-9868-57a2d4851a1d" relativeResultsDirectory="4bf0072b-92f6-470d-b9b7-8364a64d63c8" />
    <UnitTestResult executionId="64221fd4-d266-46fc-b753-c48c2ab1300f" testId="903f4b0e-e79b-adf4-0d1e-95f98e52d8a5" testName="StockSense.Tests.BusinessControllerUnitTests.PreBuilt_MatchingFiltersInactiveProductsBudgetAndMotorcycle" computerName="DESKTOP-R4SJ94J" duration="00:00:00.0185974" startTime="2026-08-08T18:44:30.8988089+08:00" endTime="2026-08-08T18:44:30.8988093+08:00" testType="13cdc9d9-ddb5-4fa4-a97d-d965ccfc6d4b" outcome="Passed" testListId="8c84fa94-04c1-424b-9868-57a2d4851a1d" relativeResultsDirectory="64221fd4-d266-46fc-b753-c48c2ab1300f" />
    <UnitTestResult executionId="4a9047af-9e89-4c0b-b289-14e80c41754e" testId="7523587f-3d27-6431-1c02-f4bf39d201b2" testName="StockSense.Tests.OrderSlipMathTests.AtReorderPoint_TriggersOrderToTarget" computerName="DESKTOP-R4SJ94J" duration="00:00:00.0000639" startTime="2026-08-08T18:44:30.0404579+08:00" endTime="2026-08-08T18:44:30.0404580+08:00" testType="13cdc9d9-ddb5-4fa4-a97d-d965ccfc6d4b" outcome="Passed" testListId="8c84fa94-04c1-424b-9868-57a2d4851a1d" relativeResultsDirectory="4a9047af-9e89-4c0b-b289-14e80c41754e" />
    <UnitTestResult executionId="05a0773d-d946-4109-a33a-ffbae4d399f2" testId="55474aa1-cabd-2300-bc7a-7382eaf6ec50" testName="StockSense.Tests.ProductInventoryUpdateSqlServerTests.ProductStatusUpdate_persists_and_returns_new_row_version" computerName="DESKTOP-R4SJ94J" duration="00:00:01.2002038" startTime="2026-08-08T18:44:31.2106678+08:00" endTime="2026-08-08T18:44:31.2106681+08:00" testType="13cdc9d9-ddb5-4fa4-a97d-d965ccfc6d4b" outcome="Passed" testListId="8c84fa94-04c1-424b-9868-57a2d4851a1d" relativeResultsDirectory="05a0773d-d946-4109-a33a-ffbae4d399f2" />
    <UnitTestResult executionId="602d4c97-13e2-49c1-95b0-c307f61ddb09" testId="5ca2167f-6b73-f327-ed24-2589b7f9d562" testName="StockSense.Tests.AssistanceChatLifecycleTests.Expected_navigation_interruptions_are_limited_to_teardown_failures(exception: System.Net.Http.HttpRequestException: The assistance endpoint failed., expected: False)" computerName="DESKTOP-R4SJ94J" duration="00:00:00.0000047" startTime="2026-08-08T18:44:30.0428435+08:00" endTime="2026-08-08T18:44:30.0428435+08:00" testType="13cdc9d9-ddb5-4fa4-a97d-d965ccfc6d4b" outcome="Passed" testListId="8c84fa94-04c1-424b-9868-57a2d4851a1d" relativeResultsDirectory="602d4c97-13e2-49c1-95b0-c307f61ddb09" />
    <UnitTestResult executionId="57e36b73-05d8-4dc3-8045-a6ddd2c27958" testId="b7780a2e-7bda-67a2-ec59-9103092e2138" testName="StockSense.Tests.OrderSlipWorkflowSqlServerTests.OverReceipt_LeavesStockOrderAndTransactionsUnchanged" computerName="DESKTOP-R4SJ94J" duration="00:00:01.3444778" startTime="2026-08-08T18:44:31.3380346+08:00" endTime="2026-08-08T18:44:31.3380349+08:00" testType="13cdc9d9-ddb5-4fa4-a97d-d965ccfc6d4b" outcome="Passed" testListId="8c84fa94-04c1-424b-9868-57a2d4851a1d" relativeResultsDirectory="57e36b73-05d8-4dc3-8045-a6ddd2c27958" />
    <UnitTestResult executionId="f7787eb4-eab4-4c55-8926-9b3a85954592" testId="34d89e8c-380b-c960-3671-745c5cb591b4" testName="StockSense.Tests.ApiErrorMessageTests.Status_fallbacks_never_expose_codes(status: InternalServerError, expected: &quot;Something went wrong. Please try again.&quot;)" computerName="DESKTOP-R4SJ94J" duration="00:00:00.0000145" startTime="2026-08-08T18:44:30.0412112+08:00" endTime="2026-08-08T18:44:30.0412113+08:00" testType="13cdc9d9-ddb5-4fa4-a97d-d965ccfc6d4b" outcome="Passed" testListId="8c84fa94-04c1-424b-9868-57a2d4851a1d" relativeResultsDirectory="f7787eb4-eab4-4c55-8926-9b3a85954592" />
    <UnitTestResult executionId="60611568-1b7f-49a7-88d6-8f6d443df7a0" testId="4f79c39a-6ed4-fabf-3424-183417e08387" testName="StockSense.Tests.OrderSlipMathTests.LegacyOrderedQuantity_FallsBackToQuantity" computerName="DESKTOP-R4SJ94J" duration="00:00:00.0000883" startTime="2026-08-08T18:44:30.0423274+08:00" endTime="2026-08-08T18:44:30.0423275+08:00" testType="13cdc9d9-ddb5-4fa4-a97d-d965ccfc6d4b" outcome="Passed" testListId="8c84fa94-04c1-424b-9868-57a2d4851a1d" relativeResultsDirectory="60611568-1b7f-49a7-88d6-8f6d443df7a0" />
    <UnitTestResult executionId="cf726446-bf90-469a-a6e7-861b2d4d9b5f" testId="27a82b3f-eecc-07f7-3a19-a105a38aeb4c" testName="StockSense.Tests.AssistanceSuggestionsTests.Customer_suggestions_cover_customer_tasks_without_internal_operations" computerName="DESKTOP-R4SJ94J" duration="00:00:00.0058350" startTime="2026-08-08T18:44:30.0253325+08:00" endTime="2026-08-08T18:44:30.0253326+08:00" testType="13cdc9d9-ddb5-4fa4-a97d-d965ccfc6d4b" outcome="Passed" testListId="8c84fa94-04c1-424b-9868-57a2d4851a1d" relativeResultsDirectory="cf726446-bf90-469a-a6e7-861b2d4d9b5f" />
    <UnitTestResult executionId="cd60e8ad-9ed3-479c-a31f-2960fa896240" testId="fa499462-60c7-f69e-d1a9-258cf8ff342c" testName="StockSense.Tests.AdminControllerRoleTests.ChangeRole_AllowsAdminToUpdateAnotherUser" computerName="DESKTOP-R4SJ94J" duration="00:00:00.0005496" startTime="2026-08-08T18:44:30.0455635+08:00" endTime="2026-08-08T18:44:30.0455635+08:00" testType="13cdc9d9-ddb5-4fa4-a97d-d965ccfc6d4b" outcome="Passed" testListId="8c84fa94-04c1-424b-9868-57a2d4851a1d" relativeResultsDirectory="cd60e8ad-9ed3-479c-a31f-2960fa896240" />
    <UnitTestResult executionId="a2462cab-81dc-4c86-9b60-35a0d6eec361" testId="044fedca-5751-5569-eb26-b3a73327804f" testName="StockSense.Tests.BusinessControllerUnitTests.Controllers_DeclareExpectedAuthorization(controllerType: typeof(StockSense.Web.Controllers.AuthController), roles: null)" computerName="DESKTOP-R4SJ94J" duration="00:00:00.0003430" startTime="2026-08-08T18:44:30.6930716+08:00" endTime="2026-08-08T18:44:30.6930718+08:00" testType="13cdc9d9-ddb5-4fa4-a97d-d965ccfc6d4b" outcome="Passed" testListId="8c84fa94-04c1-424b-9868-57a2d4851a1d" relativeResultsDirectory="a2462cab-81dc-4c86-9b60-35a0d6eec361" />
    <UnitTestResult executionId="05d9101e-c08d-45f1-aa15-ce93a088ca31" testId="38c8d576-d0d8-c670-2fe4-c201344eca17" testName="StockSense.Tests.AssistanceControllerTests.Ask_rejects_blank_history_content(content: &quot;&quot;)" computerName="DESKTOP-R4SJ94J" duration="00:00:00.0004805" startTime="2026-08-08T18:44:30.0478530+08:00" endTime="2026-08-08T18:44:30.0478531+08:00" testType="13cdc9d9-ddb5-4fa4-a97d-d965ccfc6d4b" outcome="Passed" testListId="8c84fa94-04c1-424b-9868-57a2d4851a1d" relativeResultsDirectory="05d9101e-c08d-45f1-aa15-ce93a088ca31" />
    <UnitTestResult executionId="196e6efe-db4c-4f65-9024-b0ab46aac414" testId="67145b6d-6450-c65b-8d8d-96860e6b3daf" testName="StockSense.Tests.AssistanceControllerTests.Employee_direct_database_wording_is_denied_case_insensitively(message: &quot;run SQL for inventory&quot;)" computerName="DESKTOP-R4SJ94J" duration="00:00:00.0001319" startTime="2026-08-08T18:44:30.0507161+08:00" endTime="2026-08-08T18:44:30.0507162+08:00" testType="13cdc9d9-ddb5-4fa4-a97d-d965ccfc6d4b" outcome="Passed" testListId="8c84fa94-04c1-424b-9868-57a2d4851a1d" relativeResultsDirectory="196e6efe-db4c-4f65-9024-b0ab46aac414" />
    <UnitTestResult executionId="4ea03ac8-be36-4ddc-b666-7f71e27f0d9e" testId="102abe3d-fbb8-aa45-61ca-0a71a5594eaa" testName="StockSense.Tests.ChatbotOptionsTests.HasSupportedScheme_allows_only_http_and_https(baseUrl: &quot;file:///chatbot&quot;, expected: False)" computerName="DESKTOP-R4SJ94J" duration="00:00:00.0001113" startTime="2026-08-08T18:44:30.0399231+08:00" endTime="2026-08-08T18:44:30.0399232+08:00" testType="13cdc9d9-ddb5-4fa4-a97d-d965ccfc6d4b" outcome="Passed" testListId="8c84fa94-04c1-424b-9868-57a2d4851a1d" relativeResultsDirectory="4ea03ac8-be36-4ddc-b666-7f71e27f0d9e" />
    <UnitTestResult executionId="95363344-b97e-4777-9c6b-c35cc5cf460f" testId="e004a742-c045-60ee-4d74-dd7e0db6a4e3" testName="StockSense.Tests.ApiErrorMessageTests.Technical_or_raw_payloads_use_a_safe_fallback(body: &quot;{\&quot;error\&quot;:\&quot;System.InvalidOperationException: fai&quot;···)" computerName="DESKTOP-R4SJ94J" duration="00:00:00.0001686" startTime="2026-08-08T18:44:30.0393712+08:00" endTime="2026-08-08T18:44:30.0393713+08:00" testType="13cdc9d9-ddb5-4fa4-a97d-d965ccfc6d4b" outcome="Passed" testListId="8c84fa94-04c1-424b-9868-57a2d4851a1d" relativeResultsDirectory="95363344-b97e-4777-9c6b-c35cc5cf460f" />
    <UnitTestResult executionId="c55f90ea-7076-43f4-9453-59148d9b0236" testId="b5e358a9-4c4c-cd44-3203-7a580ba4dc70" testName="StockSense.Tests.AssistanceControllerTests.Ask_forwards_highest_role(roles: [&quot;Admin&quot;, &quot;Employee&quot;, &quot;Customer&quot;], expectedRole: &quot;Admin&quot;)" computerName="DESKTOP-R4SJ94J" duration="00:00:00.0001575" startTime="2026-08-08T18:44:30.0472788+08:00" endTime="2026-08-08T18:44:30.0472789+08:00" testType="13cdc9d9-ddb5-4fa4-a97d-d965ccfc6d4b" outcome="Passed" testListId="8c84fa94-04c1-424b-9868-57a2d4851a1d" relativeResultsDirectory="c55f90ea-7076-43f4-9453-59148d9b0236" />
    <UnitTestResult executionId="1eda4ba5-f43a-4903-b45f-1f3ad9329448" testId="4de04f18-5279-89f5-a585-226a895e57f7" testName="StockSense.Tests.AccountReturnUrlTests.Normalize_allows_only_local_return_paths(value: &quot;https://evil.example&quot;, expected: &quot;/&quot;)" computerName="DESKTOP-R4SJ94J" duration="00:00:00.0001593" startTime="2026-08-08T18:44:30.0242244+08:00" endTime="2026-08-08T18:44:30.0242244+08:00" testType="13cdc9d9-ddb5-4fa4-a97d-d965ccfc6d4b" outcome="Passed" testListId="8c84fa94-04c1-424b-9868-57a2d4851a1d" relativeResultsDirectory="1eda4ba5-f43a-4903-b45f-1f3ad9329448" />
    <UnitTestResult executionId="795d528c-3cc3-4eba-b37d-6e76a5280280" testId="4b1c2d29-f8e0-4c80-ce82-b990a338b5bb" testName="StockSense.Tests.ChatbotOptionsTests.TimeoutSeconds_obeys_declared_range(timeoutSeconds: 30, expectedValid: True)" computerName="DESKTOP-R4SJ94J" duration="00:00:00.0006375" startTime="2026-08-08T18:44:30.0384029+08:00" endTime="2026-08-08T18:44:30.0384030+08:00" testType="13cdc9d9-ddb5-4fa4-a97d-d965ccfc6d4b" outcome="Passed" testListId="8c84fa94-04c1-424b-9868-57a2d4851a1d" relativeResultsDirectory="795d528c-3cc3-4eba-b37d-6e76a5280280" />
    <UnitTestResult executionId="9ac764fe-3228-491c-b59d-40bdeffd74f7" testId="843dcb3e-f102-c7db-7ffc-db02ffbc6a5f" testName="StockSense.Tests.AssistanceClientTests.AskAsync_rejects_empty_or_malformed_responses(body: &quot;{\&quot;reply\&quot;:\&quot;   \&quot;}&quot;)" computerName="DESKTOP-R4SJ94J" duration="00:00:00.0005023" startTime="2026-08-08T18:44:30.0511783+08:00" endTime="2026-08-08T18:44:30.0511784+08:00" testType="13cdc9d9-ddb5-4fa4-a97d-d965ccfc6d4b" outcome="Passed" testListId="8c84fa94-04c1-424b-9868-57a2d4851a1d" relativeResultsDirectory="9ac764fe-3228-491c-b59d-40bdeffd74f7" />
    <UnitTestResult executionId="4f61b1d7-4ef5-4148-88db-a0c6c9c5a76b" testId="6c44a487-9d43-f314-884c-ade37ea39c57" testName="StockSense.Tests.AssistanceControllerTests.Ask_rejects_total_history_above_character_limit" computerName="DESKTOP-R4SJ94J" duration="00:00:00.0005704" startTime="2026-08-08T18:44:30.0534314+08:00" endTime="2026-08-08T18:44:30.0534315+08:00" testType="13cdc9d9-ddb5-4fa4-a97d-d965ccfc6d4b" outcome="Passed" testListId="8c84fa94-04c1-424b-9868-57a2d4851a1d" relativeResultsDirectory="4f61b1d7-4ef5-4148-88db-a0c6c9c5a76b" />
    <UnitTestResult executionId="362fcbea-1945-4f47-b810-47a612dfb73a" testId="4b4e2eb5-817e-af8f-6ce9-ed9bab1d3e6a" testName="StockSense.Tests.ChatbotOptionsTests.TimeoutSeconds_obeys_declared_range(timeoutSeconds: 121, expectedValid: False)" computerName="DESKTOP-R4SJ94J" duration="00:00:00.0000404" startTime="2026-08-08T18:44:30.0393988+08:00" endTime="2026-08-08T18:44:30.0393989+08:00" testType="13cdc9d9-ddb5-4fa4-a97d-d965ccfc6d4b" outcome="Passed" testListId="8c84fa94-04c1-424b-9868-57a2d4851a1d" relativeResultsDirectory="362fcbea-1945-4f47-b810-47a612dfb73a" />
    <UnitTestResult executionId="eb018f60-ee15-4241-b381-8bab472330a8" testId="3415b379-d9a1-e188-160a-98bb5bead3c5" testName="StockSense.Tests.AssistanceClientTests.AskAsync_maps_non_success_status_to_safe_upstream_exception(status: InternalServerError)" computerName="DESKTOP-R4SJ94J" duration="00:00:00.0495224" startTime="2026-08-08T18:44:30.0455983+08:00" endTime="2026-08-08T18:44:30.0455984+08:00" testType="13cdc9d9-ddb5-4fa4-a97d-d965ccfc6d4b" outcome="Passed" testListId="8c84fa94-04c1-424b-9868-57a2d4851a1d" relativeResultsDirectory="eb018f60-ee15-4241-b381-8bab472330a8" />
    <UnitTestResult executionId="b1cda55c-3069-40fd-8c39-41637946f38e" testId="de7eb426-94a9-27f8-8775-e9f116a9b171" testName="StockSense.Tests.WorkOrderRulesTests.UnknownStatusTransition_IsRejected(current: &quot;&quot;, target: &quot;&quot;)" computerName="DESKTOP-R4SJ94J" duration="00:00:00.0000594" startTime="2026-08-08T18:44:30.0234540+08:00" endTime="2026-08-08T18:44:30.0234541+08:00" testType="13cdc9d9-ddb5-4fa4-a97d-d965ccfc6d4b" outcome="Passed" testListId="8c84fa94-04c1-424b-9868-57a2d4851a1d" relativeResultsDirectory="b1cda55c-3069-40fd-8c39-41637946f38e" />
    <UnitTestResult executionId="2ac974a1-bb4d-4b37-ae8b-d6c6af46a1a1" testId="f439ea81-66ef-c87a-d583-78d9b822b6ba" testName="StockSense.Tests.OrderSlipMathTests.InvalidStatusTransitions_AreRejected(current: &quot;Cancelled&quot;, target: &quot;Draft&quot;)" computerName="DESKTOP-R4SJ94J" duration="00:00:00.0001129" startTime="2026-08-08T18:44:30.0434362+08:00" endTime="2026-08-08T18:44:30.0434362+08:00" testType="13cdc9d9-ddb5-4fa4-a97d-d965ccfc6d4b" outcome="Passed" testListId="8c84fa94-04c1-424b-9868-57a2d4851a1d" relativeResultsDirectory="2ac974a1-bb4d-4b37-ae8b-d6c6af46a1a1" />
    <UnitTestResult executionId="9ed5a370-304b-4467-ad87-f15a5172605a" testId="e9decbed-c547-28f3-af8f-34585ce5d0c1" testName="StockSense.Tests.WorkOrderRulesTests.CompletionAndTerminalDirect_AreRejectedByGenericStatusFlow(current: &quot;Pending&quot;, target: &quot;Completed&quot;)" computerName="DESKTOP-R4SJ94J" duration="00:00:00.0000531" startTime="2026-08-08T18:44:30.0235461+08:00" endTime="2026-08-08T18:44:30.0235462+08:00" testType="13cdc9d9-ddb5-4fa4-a97d-d965ccfc6d4b" outcome="Passed" testListId="8c84fa94-04c1-424b-9868-57a2d4851a1d" relativeResultsDirectory="9ed5a370-304b-4467-ad87-f15a5172605a" />
    <UnitTestResult executionId="a5a16f25-1da2-4ae0-aef9-48b31c364645" testId="b30e3ea9-1338-34d9-50fb-103bd34dc10e" testName="StockSense.Tests.WorkOrderRulesTests.SameStatusTransition_IsRejected(status: &quot;Completed&quot;)" computerName="DESKTOP-R4SJ94J" duration="00:00:00.0000030" startTime="2026-08-08T18:44:30.0218731+08:00" endTime="2026-08-08T18:44:30.0218732+08:00" testType="13cdc9d9-ddb5-4fa4-a97d-d965ccfc6d4b" outcome="Passed" testListId="8c84fa94-04c1-424b-9868-57a2d4851a1d" relativeResultsDirectory="a5a16f25-1da2-4ae0-aef9-48b31c364645" />
    <UnitTestResult executionId="713776fa-2dcc-428c-acd6-dd7996cc79a7" testId="09ded00e-e40b-9e37-c103-1c1d4819037c" testName="StockSense.Tests.SafetyStockMathTests.Calculate_ManualMode_AppliesOverridesAndMaximumStockLevel" computerName="DESKTOP-R4SJ94J" duration="00:00:00.0001735" startTime="2026-08-08T18:44:30.0460702+08:00" endTime="2026-08-08T18:44:30.0460702+08:00" testType="13cdc9d9-ddb5-4fa4-a97d-d965ccfc6d4b" outcome="Passed" testListId="8c84fa94-04c1-424b-9868-57a2d4851a1d" relativeResultsDirectory="713776fa-2dcc-428c-acd6-dd7996cc79a7" />
    <UnitTestResult executionId="b89b61e7-b20e-45ca-b3e3-0feb12425237" testId="31350465-280f-5da7-2998-7a43ed967770" testName="StockSense.Tests.AssistanceControllerTests.Ask_maps_http_connection_failure_to_safe_bad_gateway" computerName="DESKTOP-R4SJ94J" duration="00:00:00.0004929" startTime="2026-08-08T18:44:30.0550047+08:00" endTime="2026-08-08T18:44:30.0550048+08:00" testType="13cdc9d9-ddb5-4fa4-a97d-d965ccfc6d4b" outcome="Passed" testListId="8c84fa94-04c1-424b-9868-57a2d4851a1d" relativeResultsDirectory="b89b61e7-b20e-45ca-b3e3-0feb12425237" />
    <UnitTestResult executionId="377512c6-6cc7-4315-8159-1ae2be59b8d1" testId="8387d65e-88e3-4972-069a-7e33fbd7b0b4" testName="StockSense.Tests.AssistanceControllerTests.Ask_rejects_individual_history_message_above_character_limit" computerName="DESKTOP-R4SJ94J" duration="00:00:00.0003310" startTime="2026-08-08T18:44:30.0519036+08:00" endTime="2026-08-08T18:44:30.0519037+08:00" testType="13cdc9d9-ddb5-4fa4-a97d-d965ccfc6d4b" outcome="Passed" testListId="8c84fa94-04c1-424b-9868-57a2d4851a1d" relativeResultsDirectory="377512c6-6cc7-4315-8159-1ae2be59b8d1" />
    <UnitTestResult executionId="82217f72-f753-45c9-985e-329bcc6a35cb" testId="912055ca-c444-7b33-0bbe-7cc2eb34e689" testName="StockSense.Tests.ChatMessageFormatterTests.Parse_empty_content_returns_no_blocks(content: &quot;&quot;)" computerName="DESKTOP-R4SJ94J" duration="00:00:00.0001081" startTime="2026-08-08T18:44:30.0383494+08:00" endTime="2026-08-08T18:44:30.0383494+08:00" testType="13cdc9d9-ddb5-4fa4-a97d-d965ccfc6d4b" outcome="Passed" testListId="8c84fa94-04c1-424b-9868-57a2d4851a1d" relativeResultsDirectory="82217f72-f753-45c9-985e-329bcc6a35cb" />
    <UnitTestResult executionId="b5632707-ebeb-46cd-a145-57eae83f38d8" testId="25da3c01-2299-24d6-8e25-edd240664ca2" testName="StockSense.Tests.ProductImageUploadValidationTests.UploadProductImage_RejectsExcessiveDecodedDimensionBeforeDatabaseAccess" computerName="DESKTOP-R4SJ94J" duration="00:00:00.0039477" startTime="2026-08-08T18:44:30.7194200+08:00" endTime="2026-08-08T18:44:30.7194202+08:00" testType="13cdc9d9-ddb5-4fa4-a97d-d965ccfc6d4b" outcome="Passed" testListId="8c84fa94-04c1-424b-9868-57a2d4851a1d" relativeResultsDirectory="b5632707-ebeb-46cd-a145-57eae83f38d8" />
    <UnitTestResult executionId="5749c7f8-ebb8-4c4f-87ee-4080917f44c9" testId="44437f98-9edb-d626-dd32-7f3ccf961710" testName="StockSense.Tests.SafetyStockMathTests.Calculate_ThirtyToFiftyNineDays_UsesFiftyFiftyBlend" computerName="DESKTOP-R4SJ94J" duration="00:00:00.0001143" startTime="2026-08-08T18:44:30.0459997+08:00" endTime="2026-08-08T18:44:30.0459997+08:00" testType="13cdc9d9-ddb5-4fa4-a97d-d965ccfc6d4b" outcome="Passed" testListId="8c84fa94-04c1-424b-9868-57a2d4851a1d" relativeResultsDirectory="5749c7f8-ebb8-4c4f-87ee-4080917f44c9" />
    <UnitTestResult executionId="f026fdfb-8656-4b9d-b2d8-d3c71d7b54e7" testId="1dc4d940-de13-c3ef-86c2-3b0899741572" testName="StockSense.Tests.BarcodePdfTests.IsValidEan13_ValidatesDigitsAndCheckDigit(value: &quot;ABCDEFGHIJKLM&quot;, expected: False)" computerName="DESKTOP-R4SJ94J" duration="00:00:00.0000499" startTime="2026-08-08T18:44:30.8519353+08:00" endTime="2026-08-08T18:44:30.8519353+08:00" testType="13cdc9d9-ddb5-4fa4-a97d-d965ccfc6d4b" outcome="Passed" testListId="8c84fa94-04c1-424b-9868-57a2d4851a1d" relativeResultsDirectory="f026fdfb-8656-4b9d-b2d8-d3c71d7b54e7" />
    <UnitTestResult executionId="394e0dfd-19b7-4a75-9395-9a9cbd1283d2" testId="94575129-4383-50fc-3cdc-c665ed89e686" testName="StockSense.Tests.AssistanceControllerTests.Employee_cannot_use_legacy_direct_database_queries" computerName="DESKTOP-R4SJ94J" duration="00:00:00.0003818" startTime="2026-08-08T18:44:30.0523252+08:00" endTime="2026-08-08T18:44:30.0523254+08:00" testType="13cdc9d9-ddb5-4fa4-a97d-d965ccfc6d4b" outcome="Passed" testListId="8c84fa94-04c1-424b-9868-57a2d4851a1d" relativeResultsDirectory="394e0dfd-19b7-4a75-9395-9a9cbd1283d2" />
    <UnitTestResult executionId="32a68f22-08cf-4f8f-bc7d-0b26252c977f" testId="81c39757-fafd-acb5-7ee7-8c1754b669a9" testName="StockSense.Tests.MotorcycleSelectionTests.Repository_exposes_existing_motorcycles_and_validates_by_id" computerName="DESKTOP-R4SJ94J" duration="00:00:00.6796249" startTime="2026-08-08T18:44:30.6869438+08:00" endTime="2026-08-08T18:44:30.6869438+08:00" testType="13cdc9d9-ddb5-4fa4-a97d-d965ccfc6d4b" outcome="Passed" testListId="8c84fa94-04c1-424b-9868-57a2d4851a1d" relativeResultsDirectory="32a68f22-08cf-4f8f-bc7d-0b26252c977f" />
    <UnitTestResult executionId="456714ac-c19e-4c16-a08d-814cecac6fe2" testId="ae929e14-8641-6d33-cba4-3b5e1ab4208d" testName="StockSense.Tests.OrderSlipMathTests.Cancellation_RejectsOnlyTerminalOrders(status: &quot;Completed&quot;, hasReceivedItems: False)" computerName="DESKTOP-R4SJ94J" duration="00:00:00.0000740" startTime="2026-08-08T18:44:30.0423583+08:00" endTime="2026-08-08T18:44:30.0423583+08:00" testType="13cdc9d9-ddb5-4fa4-a97d-d965ccfc6d4b" outcome="Passed" testListId="8c84fa94-04c1-424b-9868-57a2d4851a1d" relativeResultsDirectory="456714ac-c19e-4c16-a08d-814cecac6fe2" />
    <UnitTestResult executionId="2c61b4e5-c7a6-4a04-9805-5091db412d64" testId="d45155d7-a647-a3ea-58f6-c750411435ce" testName="StockSense.Tests.BarcodePdfTests.IsValidEan13_ValidatesDigitsAndCheckDigit(value: null, expected: False)" computerName="DESKTOP-R4SJ94J" duration="00:00:00.0000033" startTime="2026-08-08T18:44:30.8521000+08:00" endTime="2026-08-08T18:44:30.8521000+08:00" testType="13cdc9d9-ddb5-4fa4-a97d-d965ccfc6d4b" outcome="Passed" testListId="8c84fa94-04c1-424b-9868-57a2d4851a1d" relativeResultsDirectory="2c61b4e5-c7a6-4a04-9805-5091db412d64" />
    <UnitTestResult executionId="cadbff91-0736-4e52-b5bb-5939c2ea6d30" testId="079853c4-1e11-58e7-cc4b-2eadfc3aa36b" testName="StockSense.Tests.WorkOrderRulesTests.SameStatusTransition_IsRejected(status: &quot;Confirmed&quot;)" computerName="DESKTOP-R4SJ94J" duration="00:00:00.0001514" startTime="2026-08-08T18:44:30.0119509+08:00" endTime="2026-08-08T18:44:30.0119510+08:00" testType="13cdc9d9-ddb5-4fa4-a97d-d965ccfc6d4b" outcome="Passed" testListId="8c84fa94-04c1-424b-9868-57a2d4851a1d" relativeResultsDirectory="cadbff91-0736-4e52-b5bb-5939c2ea6d30" />
    <UnitTestResult executionId="6ff30fe6-ab28-45a1-970b-c1b1bc154d35" testId="d5806d8d-50c1-ec98-1e32-0b01fa2b209a" testName="StockSense.Tests.OrderSlipWorkflowSqlServerTests.ManualDraft_InvalidConfiguredQuantityCreatesNothing" computerName="DESKTOP-R4SJ94J" duration="00:00:00.0281651" startTime="2026-08-08T18:44:32.5689186+08:00" endTime="2026-08-08T18:44:32.5689189+08:00" testType="13cdc9d9-ddb5-4fa4-a97d-d965ccfc6d4b" outcome="Passed" testListId="8c84fa94-04c1-424b-9868-57a2d4851a1d" relativeResultsDirectory="6ff30fe6-ab28-45a1-970b-c1b1bc154d35" />
    <UnitTestResult executionId="28f3fae5-ca9d-4b68-bb40-028f69923407" testId="3e6d64cf-ec3b-cd8d-8209-86e8ecf6ec7e" testName="StockSense.Tests.SafetyStockMathTests.Calculate_DataDrivenWithoutLeadHistory_UsesFixedLeadTimeFormula" computerName="DESKTOP-R4SJ94J" duration="00:00:00.0003030" startTime="2026-08-08T18:44:30.0459583+08:00" endTime="2026-08-08T18:44:30.0459583+08:00" testType="13cdc9d9-ddb5-4fa4-a97d-d965ccfc6d4b" outcome="Passed" testListId="8c84fa94-04c1-424b-9868-57a2d4851a1d" relativeResultsDirectory="28f3fae5-ca9d-4b68-bb40-028f69923407" />
    <UnitTestResult executionId="cfe9232f-4cb9-4611-a5e5-f98f523f46a1" testId="6d9e5d00-df86-53ad-2cd9-ae9ce45e2c2d" testName="StockSense.Tests.AdminControllerRoleTests.ChangeRole_AddFailureRestoresOriginalMembershipAndProperty" computerName="DESKTOP-R4SJ94J" duration="00:00:00.0293796" startTime="2026-08-08T18:44:30.0444448+08:00" endTime="2026-08-08T18:44:30.0444449+08:00" testType="13cdc9d9-ddb5-4fa4-a97d-d965ccfc6d4b" outcome="Passed" testListId="8c84fa94-04c1-424b-9868-57a2d4851a1d" relativeResultsDirectory="cfe9232f-4cb9-4611-a5e5-f98f523f46a1" />
    <UnitTestResult executionId="5624bdf7-d157-434b-90de-73a6ca34525f" testId="d1297e64-c709-ec92-2e1f-a4ededde9eee" testName="StockSense.Tests.AssistanceControllerTests.Ask_rejects_null_history_entries_without_calling_upstream" computerName="DESKTOP-R4SJ94J" duration="00:00:00.0002806" startTime="2026-08-08T18:44:30.0553117+08:00" endTime="2026-08-08T18:44:30.0553118+08:00" testType="13cdc9d9-ddb5-4fa4-a97d-d965ccfc6d4b" outcome="Passed" testListId="8c84fa94-04c1-424b-9868-57a2d4851a1d" relativeResultsDirectory="5624bdf7-d157-434b-90de-73a6ca34525f" />
    <UnitTestResult executionId="1b824a64-cf4f-4cad-a0b0-6ccbec10f645" testId="5911512c-6d17-b73e-779e-dd1877ca6e02" testName="StockSense.Tests.AssistanceControllerTests.Ask_rejects_message_above_character_limit" computerName="DESKTOP-R4SJ94J" duration="00:00:00.0004160" startTime="2026-08-08T18:44:30.0464671+08:00" endTime="2026-08-08T18:44:30.0464671+08:00" testType="13cdc9d9-ddb5-4fa4-a97d-d965ccfc6d4b" outcome="Passed" testListId="8c84fa94-04c1-424b-9868-57a2d4851a1d" relativeResultsDirectory="1b824a64-cf4f-4cad-a0b0-6ccbec10f645" />
    <UnitTestResult executionId="cbd5af74-4aad-46e6-b1cf-16e5b08a3c33" testId="6e6a8830-5a5f-ce0e-476b-129fb436f430" testName="StockSense.Tests.AccountReturnUrlTests.Normalize_allows_only_local_return_paths(value: &quot;/\\evil.example&quot;, expected: &quot;/&quot;)" computerName="DESKTOP-R4SJ94J" duration="00:00:00.0000016" startTime="2026-08-08T18:44:30.0243590+08:00" endTime="2026-08-08T18:44:30.0243590+08:00" testType="13cdc9d9-ddb5-4fa4-a97d-d965ccfc6d4b" outcome="Passed" testListId="8c84fa94-04c1-424b-9868-57a2d4851a1d" relativeResultsDirectory="cbd5af74-4aad-46e6-b1cf-16e5b08a3c33" />
    <UnitTestResult executionId="0e3be8a2-7b3d-42d0-913e-e4c407afb1e9" testId="c7a7f37d-94e8-c6d0-a19b-3b0227575c50" testName="StockSense.Tests.AdminControllerRoleTests.ToggleBlock_RejectsCaseVariantAuthenticatedUserId" computerName="DESKTOP-R4SJ94J" duration="00:00:00.0016468" startTime="2026-08-08T18:44:30.0451424+08:00" endTime="2026-08-08T18:44:30.0451424+08:00" testType="13cdc9d9-ddb5-4fa4-a97d-d965ccfc6d4b" outcome="Passed" testListId="8c84fa94-04c1-424b-9868-57a2d4851a1d" relativeResultsDirectory="0e3be8a2-7b3d-42d0-913e-e4c407afb1e9" />
    <UnitTestResult executionId="0060929f-6a79-46b7-8232-118d8aed753a" testId="fb174355-6e86-7236-2c1d-bbf5dc699618" testName="StockSense.Tests.ChatMessageFormatterTests.Parse_preserves_table_structure_and_cell_text" computerName="DESKTOP-R4SJ94J" duration="00:00:00.0017924" startTime="2026-08-08T18:44:30.0249873+08:00" endTime="2026-08-08T18:44:30.0249874+08:00" testType="13cdc9d9-ddb5-4fa4-a97d-d965ccfc6d4b" outcome="Passed" testListId="8c84fa94-04c1-424b-9868-57a2d4851a1d" relativeResultsDirectory="0060929f-6a79-46b7-8232-118d8aed753a" />
    <UnitTestResult executionId="ae6a1075-ca68-4804-b7eb-29dce0725e57" testId="64caa3db-d0eb-f516-1cb9-7589a5e21c3d" testName="StockSense.Tests.ProductImageUploadValidationTests.UploadProductImage_RejectsUnsupportedFileTypes(fileName: &quot;image.txt&quot;, contentType: &quot;text/plain&quot;)" computerName="DESKTOP-R4SJ94J" duration="00:00:00.0003260" startTime="2026-08-08T18:44:30.7133877+08:00" endTime="2026-08-08T18:44:30.7133878+08:00" testType="13cdc9d9-ddb5-4fa4-a97d-d965ccfc6d4b" outcome="Passed" testListId="8c84fa94-04c1-424b-9868-57a2d4851a1d" relativeResultsDirectory="ae6a1075-ca68-4804-b7eb-29dce0725e57" />
    <UnitTestResult executionId="75c58cdd-90f1-417e-91ae-4bd695354508" testId="fc3dbeef-e64d-28da-607a-bb83b0c68401" testName="StockSense.Tests.AdminControllerRoleTests.DeleteUser_RejectsCaseVariantAuthenticatedUserId" computerName="DESKTOP-R4SJ94J" duration="00:00:00.0004567" startTime="2026-08-08T18:44:30.0452056+08:00" endTime="2026-08-08T18:44:30.0452057+08:00" testType="13cdc9d9-ddb5-4fa4-a97d-d965ccfc6d4b" outcome="Passed" testListId="8c84fa94-04c1-424b-9868-57a2d4851a1d" relativeResultsDirectory="75c58cdd-90f1-417e-91ae-4bd695354508" />
    <UnitTestResult executionId="ebc5957c-a572-4305-9e1f-0c17b583fabd" testId="70f74639-819e-4d8c-fdbe-af9bc95565e2" testName="StockSense.Tests.MotorCompatibilityControllerTests.FindExact_requires_full_version_aware_vehicle_identity(manufacturer: &quot;Yamaha&quot;, modelName: &quot;NMAX&quot;, versionName: null, year: 2024)" computerName="DESKTOP-R4SJ94J" duration="00:00:00.0010150" startTime="2026-08-08T18:44:30.0374432+08:00" endTime="2026-08-08T18:44:30.0374433+08:00" testType="13cdc9d9-ddb5-4fa4-a97d-d965ccfc6d4b" outcome="Passed" testListId="8c84fa94-04c1-424b-9868-57a2d4851a1d" relativeResultsDirectory="ebc5957c-a572-4305-9e1f-0c17b583fabd" />
    <UnitTestResult executionId="bd0df5d0-6938-4edd-b4b0-0c752715e0d3" testId="1e5be841-2c3b-e65e-2341-eb338a698c59" testName="StockSense.Tests.OrderSlipMathTests.Shortage_IsRoundedUpToPackageSize" computerName="DESKTOP-R4SJ94J" duration="00:00:00.0000553" startTime="2026-08-08T18:44:30.0438797+08:00" endTime="2026-08-08T18:44:30.0438798+08:00" testType="13cdc9d9-ddb5-4fa4-a97d-d965ccfc6d4b" outcome="Passed" testListId="8c84fa94-04c1-424b-9868-57a2d4851a1d" relativeResultsDirectory="bd0df5d0-6938-4edd-b4b0-0c752715e0d3" />
    <UnitTestResult executionId="396a49e2-93f6-4cea-81e7-9cbec118cb86" testId="73a00ede-e79d-5e5b-1472-ca559e74363f" testName="StockSense.Tests.BarcodePdfTests.GetBarcodePdf_QrOnly_SucceedsWithInvalidLegacyBarcode" computerName="DESKTOP-R4SJ94J" duration="00:00:00.8468078" startTime="2026-08-08T18:44:30.8403797+08:00" endTime="2026-08-08T18:44:30.8403800+08:00" testType="13cdc9d9-ddb5-4fa4-a97d-d965ccfc6d4b" outcome="Passed" testListId="8c84fa94-04c1-424b-9868-57a2d4851a1d" relativeResultsDirectory="396a49e2-93f6-4cea-81e7-9cbec118cb86" />
    <UnitTestResult executionId="b5ef6400-f79e-46c6-ab46-50ba4b123cdb" testId="7d55215c-6bda-e1d8-9530-77f5f93e327f" testName="StockSense.Tests.ApiErrorMessageTests.Status_fallbacks_never_expose_codes(status: UnprocessableEntity, expected: &quot;Check the highlighted information and try again.&quot;)" computerName="DESKTOP-R4SJ94J" duration="00:00:00.0026578" startTime="2026-08-08T18:44:30.0411063+08:00" endTime="2026-08-08T18:44:30.0411063+08:00" testType="13cdc9d9-ddb5-4fa4-a97d-d965ccfc6d4b" outcome="Passed" testListId="8c84fa94-04c1-424b-9868-57a2d4851a1d" relativeResultsDirectory="b5ef6400-f79e-46c6-ab46-50ba4b123cdb" />
    <UnitTestResult executionId="2f106cef-2690-49b5-be73-728625e11323" testId="75848718-c54a-407d-a307-9fc5ac46dae9" testName="StockSense.Tests.AccountReturnUrlTests.Normalize_allows_only_local_return_paths(value: &quot;&quot;, expected: &quot;/&quot;)" computerName="DESKTOP-R4SJ94J" duration="00:00:00.0003928" startTime="2026-08-08T18:44:30.0241905+08:00" endTime="2026-08-08T18:44:30.0241905+08:00" testType="13cdc9d9-ddb5-4fa4-a97d-d965ccfc6d4b" outcome="Passed" testListId="8c84fa94-04c1-424b-9868-57a2d4851a1d" relativeResultsDirectory="2f106cef-2690-49b5-be73-728625e11323" />
    <UnitTestResult executionId="aaa3bcd7-c9da-4b22-89f7-5a5768ffef30" testId="e25fd539-9756-8c6d-7781-2bfb84e03852" testName="StockSense.Tests.MotorCompatibilityControllerTests.FindExact_returns_not_found_when_no_local_mapping_exists" computerName="DESKTOP-R4SJ94J" duration="00:00:00.0005720" startTime="2026-08-08T18:44:30.0253813+08:00" endTime="2026-08-08T18:44:30.0253813+08:00" testType="13cdc9d9-ddb5-4fa4-a97d-d965ccfc6d4b" outcome="Passed" testListId="8c84fa94-04c1-424b-9868-57a2d4851a1d" relativeResultsDirectory="aaa3bcd7-c9da-4b22-89f7-5a5768ffef30" />
    <UnitTestResult executionId="96035b6d-f1e3-4a5a-b4ee-bb347470b7dc" testId="951cae28-5d21-3657-bda7-194f9cf2d624" testName="StockSense.Tests.GlobalStatusStylesTests.AppStyles_ContainProductStatusStates" computerName="DESKTOP-R4SJ94J" duration="00:00:00.0048651" startTime="2026-08-08T18:44:30.0110692+08:00" endTime="2026-08-08T18:44:30.0110693+08:00" testType="13cdc9d9-ddb5-4fa4-a97d-d965ccfc6d4b" outcome="Passed" testListId="8c84fa94-04c1-424b-9868-57a2d4851a1d" relativeResultsDirectory="96035b6d-f1e3-4a5a-b4ee-bb347470b7dc" />
    <UnitTestResult executionId="8282cd71-67f8-48e8-ac82-886db0f20add" testId="a33d3d17-9f15-b677-59f6-1fac6f57556c" testName="StockSense.Tests.BarcodePdfTests.GenerateBarcodeAndQrImages_ReturnPngPayloads" computerName="DESKTOP-R4SJ94J" duration="00:00:00.0092660" startTime="2026-08-08T18:44:30.8518519+08:00" endTime="2026-08-08T18:44:30.8518523+08:00" testType="13cdc9d9-ddb5-4fa4-a97d-d965ccfc6d4b" outcome="Passed" testListId="8c84fa94-04c1-424b-9868-57a2d4851a1d" relativeResultsDirectory="8282cd71-67f8-48e8-ac82-886db0f20add" />
    <UnitTestResult executionId="ed07b85e-534a-4679-aeb4-937923edf900" testId="96b5254c-568d-303b-d52d-564eece5ce40" testName="StockSense.Tests.SafetyStockMathTests.Calculate_RejectsEmptyDemandSeries" computerName="DESKTOP-R4SJ94J" duration="00:00:00.0022985" startTime="2026-08-08T18:44:30.0440602+08:00" endTime="2026-08-08T18:44:30.0440602+08:00" testType="13cdc9d9-ddb5-4fa4-a97d-d965ccfc6d4b" outcome="Passed" testListId="8c84fa94-04c1-424b-9868-57a2d4851a1d" relativeResultsDirectory="ed07b85e-534a-4679-aeb4-937923edf900" />
    <UnitTestResult executionId="155ba0ff-247b-44b7-8209-ab7f8d4640c5" testId="88d71a50-9b03-4548-e7c5-385c62f75001" testName="StockSense.Tests.OrderSlipMathTests.MinimumOrderQuantity_IsAppliedBeforePackageCeiling" computerName="DESKTOP-R4SJ94J" duration="00:00:00.0000950" startTime="2026-08-08T18:44:30.0439767+08:00" endTime="2026-08-08T18:44:30.0439768+08:00" testType="13cdc9d9-ddb5-4fa4-a97d-d965ccfc6d4b" outcome="Passed" testListId="8c84fa94-04c1-424b-9868-57a2d4851a1d" relativeResultsDirectory="155ba0ff-247b-44b7-8209-ab7f8d4640c5" />
    <UnitTestResult executionId="5d64c587-25b4-4207-b3e5-2225f49914e7" testId="dce09bbe-1d19-e2ed-0922-b2a15908c96f" testName="StockSense.Tests.AssistanceClientTests.AskAsync_rejects_empty_or_malformed_responses(body: &quot;not-json&quot;)" computerName="DESKTOP-R4SJ94J" duration="00:00:00.0001845" startTime="2026-08-08T18:44:30.0529586+08:00" endTime="2026-08-08T18:44:30.0529587+08:00" testType="13cdc9d9-ddb5-4fa4-a97d-d965ccfc6d4b" outcome="Passed" testListId="8c84fa94-04c1-424b-9868-57a2d4851a1d" relativeResultsDirectory="5d64c587-25b4-4207-b3e5-2225f49914e7" />
    <UnitTestResult executionId="29cc3fc5-ecf3-45b3-be6b-d1d9cbe4e0ce" testId="1ca906b9-72b2-15b7-c25d-4120f9b557d8" testName="StockSense.Tests.CustomerBuildCatalogPolicyTests.SelectPackages_RequiresActivePackageAndActiveIncludedProducts" computerName="DESKTOP-R4SJ94J" duration="00:00:00.0019172" startTime="2026-08-08T18:44:30.0252787+08:00" endTime="2026-08-08T18:44:30.0252788+08:00" testType="13cdc9d9-ddb5-4fa4-a97d-d965ccfc6d4b" outcome="Passed" testListId="8c84fa94-04c1-424b-9868-57a2d4851a1d" relativeResultsDirectory="29cc3fc5-ecf3-45b3-be6b-d1d9cbe4e0ce" />
    <UnitTestResult executionId="93503f7e-f556-445e-8157-9d2eba154f47" testId="cd0e21cc-a50c-f8f0-43af-f5c8dc2be2af" testName="StockSense.Tests.BarcodePdfTests.IsValidEan13_ValidatesDigitsAndCheckDigit(value: &quot;2000000000015&quot;, expected: True)" computerName="DESKTOP-R4SJ94J" duration="00:00:00.0001096" startTime="2026-08-08T18:44:30.8520702+08:00" endTime="2026-08-08T18:44:30.8520702+08:00" testType="13cdc9d9-ddb5-4fa4-a97d-d965ccfc6d4b" outcome="Passed" testListId="8c84fa94-04c1-424b-9868-57a2d4851a1d" relativeResultsDirectory="93503f7e-f556-445e-8157-9d2eba154f47" />
    <UnitTestResult executionId="8ffba20b-c3e8-4ac8-bfa5-40973d5745e3" testId="5ca2167f-6b73-f327-ed24-2589b7f9d562" testName="StockSense.Tests.AssistanceChatLifecycleTests.Expected_navigation_interruptions_are_limited_to_teardown_failures(exception: Microsoft.JSInterop.JSDisconnectedException: The JavaScript runtime disconnected., expected: True)" computerName="DESKTOP-R4SJ94J" duration="00:00:00.0000106" startTime="2026-08-08T18:44:30.0428075+08:00" endTime="2026-08-08T18:44:30.0428076+08:00" testType="13cdc9d9-ddb5-4fa4-a97d-d965ccfc6d4b" outcome="Passed" testListId="8c84fa94-04c1-424b-9868-57a2d4851a1d" relativeResultsDirectory="8ffba20b-c3e8-4ac8-bfa5-40973d5745e3" />
    <UnitTestResult executionId="407bc482-a63d-443c-89ae-da0b7a125ec0" testId="2a5800be-8cc0-3f72-c921-7f91ec60faf9" testName="StockSense.Tests.SafetyStockMathTests.ResolveZScore_RejectsUnsupportedServiceLevel" computerName="DESKTOP-R4SJ94J" duration="00:00:00.0014143" startTime="2026-08-08T18:44:30.0433211+08:00" endTime="2026-08-08T18:44:30.0433211+08:00" testType="13cdc9d9-ddb5-4fa4-a97d-d965ccfc6d4b" outcome="Passed" testListId="8c84fa94-04c1-424b-9868-57a2d4851a1d" relativeResultsDirectory="407bc482-a63d-443c-89ae-da0b7a125ec0" />
    <UnitTestResult executionId="585e9043-ae4d-4001-81ff-bd33109996dd" testId="bd709815-bd40-45de-6316-716b5fe107c7" testName="StockSense.Tests.OrderSlipMathTests.StatusClassification_SeparatesDuplicatePreventionFromIncoming(status: &quot;Completed&quot;, isOpen: False, countsAsIncoming: False)" computerName="DESKTOP-R4SJ94J" duration="00:00:00.0000029" startTime="2026-08-08T18:44:30.0389868+08:00" endTime="2026-08-08T18:44:30.0389869+08:00" testType="13cdc9d9-ddb5-4fa4-a97d-d965ccfc6d4b" outcome="Passed" testListId="8c84fa94-04c1-424b-9868-57a2d4851a1d" relativeResultsDirectory="585e9043-ae4d-4001-81ff-bd33109996dd" />
    <UnitTestResult executionId="7cd3283e-9ff0-496c-b72c-6eab1811b498" testId="1db8f953-c62a-f7b4-f529-481fa8526e5e" testName="StockSense.Tests.AssistanceClientTests.AskAsync_preserves_base_url_path_without_trailing_slash" computerName="DESKTOP-R4SJ94J" duration="00:00:00.0009367" startTime="2026-08-08T18:44:30.0506422+08:00" endTime="2026-08-08T18:44:30.0506423+08:00" testType="13cdc9d9-ddb5-4fa4-a97d-d965ccfc6d4b" outcome="Passed" testListId="8c84fa94-04c1-424b-9868-57a2d4851a1d" relativeResultsDirectory="7cd3283e-9ff0-496c-b72c-6eab1811b498" />
    <UnitTestResult executionId="39e7d7c7-4756-4c87-812c-d4f41c0afe31" testId="1ee83462-fe3b-e9e2-00db-c9529f9917dc" testName="StockSense.Tests.AccountReturnUrlTests.Normalize_allows_only_local_return_paths(value: &quot;admin/dashboard&quot;, expected: &quot;/admin/dashboard&quot;)" computerName="DESKTOP-R4SJ94J" duration="00:00:00.0000022" startTime="2026-08-08T18:44:30.0243317+08:00" endTime="2026-08-08T18:44:30.0243318+08:00" testType="13cdc9d9-ddb5-4fa4-a97d-d965ccfc6d4b" outcome="Passed" testListId="8c84fa94-04c1-424b-9868-57a2d4851a1d" relativeResultsDirectory="39e7d7c7-4756-4c87-812c-d4f41c0afe31" />
    <UnitTestResult executionId="916c4474-3830-4fb4-a059-5a04d163c42f" testId="1f5f4441-63ce-1ca5-b9e0-f440ad39e107" testName="StockSense.Tests.BusinessControllerUnitTests.PreBuilt_ToggleAndDeleteMissingBehavePredictably" computerName="DESKTOP-R4SJ94J" duration="00:00:00.0523348" startTime="2026-08-08T18:44:30.8024762+08:00" endTime="2026-08-08T18:44:30.8024765+08:00" testType="13cdc9d9-ddb5-4fa4-a97d-d965ccfc6d4b" outcome="Passed" testListId="8c84fa94-04c1-424b-9868-57a2d4851a1d" relativeResultsDirectory="916c4474-3830-4fb4-a059-5a04d163c42f" />
    <UnitTestResult executionId="74e8789b-c96d-48ac-9d28-e0f3e150c2a2" testId="fb485a88-26a8-51e0-9c85-f0c7fba80c40" testName="StockSense.Tests.AssistanceControllerTests.Customer_requests_are_not_written_to_staff_audit_log" computerName="DESKTOP-R4SJ94J" duration="00:00:00.0134022" startTime="2026-08-08T18:44:30.0451122+08:00" endTime="2026-08-08T18:44:30.0451122+08:00" testType="13cdc9d9-ddb5-4fa4-a97d-d965ccfc6d4b" outcome="Passed" testListId="8c84fa94-04c1-424b-9868-57a2d4851a1d" relativeResultsDirectory="74e8789b-c96d-48ac-9d28-e0f3e150c2a2" />
    <UnitTestResult executionId="91560ac3-7f9d-4df4-996a-aaf5cd9e90b0" testId="d689d1e8-abd8-8807-02fb-3c6574216918" testName="StockSense.Tests.OrderSlipMathTests.Cancellation_AllowsActiveOrderedStatusesWithReason(status: &quot;Ordered&quot;, hasReceivedItems: False)" computerName="DESKTOP-R4SJ94J" duration="00:00:00.0000507" startTime="2026-08-08T18:44:30.0422235+08:00" endTime="2026-08-08T18:44:30.0422235+08:00" testType="13cdc9d9-ddb5-4fa4-a97d-d965ccfc6d4b" outcome="Passed" testListId="8c84fa94-04c1-424b-9868-57a2d4851a1d" relativeResultsDirectory="91560ac3-7f9d-4df4-996a-aaf5cd9e90b0" />
    <UnitTestResult executionId="a1176e1e-c54d-4a23-b687-ecf599814583" testId="efdfa9c1-cb60-281e-3047-175769824937" testName="StockSense.Tests.OrderSlipMathTests.ValidStatusTransitions_AreAccepted(current: &quot;Ordered&quot;, target: &quot;PartiallyReceived&quot;)" computerName="DESKTOP-R4SJ94J" duration="00:00:00.0000051" startTime="2026-08-08T18:44:30.0400058+08:00" endTime="2026-08-08T18:44:30.0400059+08:00" testType="13cdc9d9-ddb5-4fa4-a97d-d965ccfc6d4b" outcome="Passed" testListId="8c84fa94-04c1-424b-9868-57a2d4851a1d" relativeResultsDirectory="a1176e1e-c54d-4a23-b687-ecf599814583" />
    <UnitTestResult executionId="77251501-97ad-4b3e-9b0a-43146c634634" testId="5725a622-6564-b86c-2163-d8b28f2b21b7" testName="StockSense.Tests.AccountReturnUrlTests.Normalize_allows_only_local_return_paths(value: null, expected: &quot;/&quot;)" computerName="DESKTOP-R4SJ94J" duration="00:00:00.0000016" startTime="2026-08-08T18:44:30.0243047+08:00" endTime="2026-08-08T18:44:30.0243047+08:00" testType="13cdc9d9-ddb5-4fa4-a97d-d965ccfc6d4b" outcome="Passed" testListId="8c84fa94-04c1-424b-9868-57a2d4851a1d" relativeResultsDirectory="77251501-97ad-4b3e-9b0a-43146c634634" />
    <UnitTestResult executionId="ca6f6da9-92ea-4667-b973-06f58b5dba9c" testId="681e3e74-c1eb-fb96-d4b2-4bd2b0de96f2" testName="StockSense.Tests.OrderSlipMathTests.Cancellation_RejectsOnlyTerminalOrders(status: &quot;Ordered&quot;, hasReceivedItems: True)" computerName="DESKTOP-R4SJ94J" duration="00:00:00.0001402" startTime="2026-08-08T18:44:30.0427231+08:00" endTime="2026-08-08T18:44:30.0427232+08:00" testType="13cdc9d9-ddb5-4fa4-a97d-d965ccfc6d4b" outcome="Passed" testListId="8c84fa94-04c1-424b-9868-57a2d4851a1d" relativeResultsDirectory="ca6f6da9-92ea-4667-b973-06f58b5dba9c" />
    <UnitTestResult executionId="f0224325-9270-4712-89c8-957d483da553" testId="626d8dd1-909f-b922-3fbd-e06e342ec5b7" testName="StockSense.Tests.OrderSlipMathTests.StatusClassification_SeparatesDuplicatePreventionFromIncoming(status: &quot;Cancelled&quot;, isOpen: False, countsAsIncoming: False)" computerName="DESKTOP-R4SJ94J" duration="00:00:00.0000032" startTime="2026-08-08T18:44:30.0389071+08:00" endTime="2026-08-08T18:44:30.0389071+08:00" testType="13cdc9d9-ddb5-4fa4-a97d-d965ccfc6d4b" outcome="Passed" testListId="8c84fa94-04c1-424b-9868-57a2d4851a1d" relativeResultsDirectory="f0224325-9270-4712-89c8-957d483da553" />
    <UnitTestResult executionId="5436e38f-01b6-496f-bef6-c7c723061411" testId="a55f3c51-7108-9119-6b85-efe9170cc1f6" testName="StockSense.Tests.MotorCompatibilityLookupServiceTests.FindExact_includes_open_ended_ranges_but_excludes_expired_ranges" computerName="DESKTOP-R4SJ94J" duration="00:00:00.0016268" startTime="2026-08-08T18:44:30.6996302+08:00" endTime="2026-08-08T18:44:30.6996303+08:00" testType="13cdc9d9-ddb5-4fa4-a97d-d965ccfc6d4b" outcome="Passed" testListId="8c84fa94-04c1-424b-9868-57a2d4851a1d" relativeResultsDirectory="5436e38f-01b6-496f-bef6-c7c723061411" />
    <UnitTestResult executionId="5f53a903-3dd4-4e88-b44a-325ccde4a9b3" testId="9aca58ac-1e7b-1434-f1cc-dd3f0d01d026" testName="StockSense.Tests.BusinessControllerUnitTests.Services_UpdateProducts_UsesAuthoritativeProductsAndPrice" computerName="DESKTOP-R4SJ94J" duration="00:00:00.0565807" startTime="2026-08-08T18:44:30.7500497+08:00" endTime="2026-08-08T18:44:30.7500500+08:00" testType="13cdc9d9-ddb5-4fa4-a97d-d965ccfc6d4b" outcome="Passed" testListId="8c84fa94-04c1-424b-9868-57a2d4851a1d" relativeResultsDirectory="5f53a903-3dd4-4e88-b44a-325ccde4a9b3" />
    <UnitTestResult executionId="fad21683-d708-4f47-9744-e5d9139349c7" testId="c390983b-4703-8f7c-0e70-255ea0cff489" testName="StockSense.Tests.ChatMessageFormatterTests.Parse_recognizes_headings_lists_code_and_paragraphs_in_order" computerName="DESKTOP-R4SJ94J" duration="00:00:00.0012812" startTime="2026-08-08T18:44:30.0379379+08:00" endTime="2026-08-08T18:44:30.0379380+08:00" testType="13cdc9d9-ddb5-4fa4-a97d-d965ccfc6d4b" outcome="Passed" testListId="8c84fa94-04c1-424b-9868-57a2d4851a1d" relativeResultsDirectory="fad21683-d708-4f47-9744-e5d9139349c7" />
    <UnitTestResult executionId="555fc0ad-da77-4b8f-828b-7b4901b10555" testId="250ad642-7539-9052-8ba0-e61568f53d2d" testName="StockSense.Tests.SafetyStockMathTests.Calculate_SixtyToEightyNineDays_UsesSeventyThirtyBlendAndCeiling" computerName="DESKTOP-R4SJ94J" duration="00:00:00.0177916" startTime="2026-08-08T18:44:30.0452343+08:00" endTime="2026-08-08T18:44:30.0452343+08:00" testType="13cdc9d9-ddb5-4fa4-a97d-d965ccfc6d4b" outcome="Passed" testListId="8c84fa94-04c1-424b-9868-57a2d4851a1d" relativeResultsDirectory="555fc0ad-da77-4b8f-828b-7b4901b10555" />
    <UnitTestResult executionId="1cad1d33-dcab-488e-b3b4-9801a679d297" testId="598ee0ad-a110-25df-0a57-4000f7141f13" testName="StockSense.Tests.BusinessControllerUnitTests.AuthStatus_ReturnsOkAndRequiresAuthentication" computerName="DESKTOP-R4SJ94J" duration="00:00:00.0001571" startTime="2026-08-08T18:44:30.8175723+08:00" endTime="2026-08-08T18:44:30.8175724+08:00" testType="13cdc9d9-ddb5-4fa4-a97d-d965ccfc6d4b" outcome="Passed" testListId="8c84fa94-04c1-424b-9868-57a2d4851a1d" relativeResultsDirectory="1cad1d33-dcab-488e-b3b4-9801a679d297" />
    <UnitTestResult executionId="9a3ef8df-9c3d-4372-95ec-91b3d932ae9c" testId="5ca2167f-6b73-f327-ed24-2589b7f9d562" testName="StockSense.Tests.AssistanceChatLifecycleTests.Expected_navigation_interruptions_are_limited_to_teardown_failures(exception: System.InvalidOperationException: Application defect, expected: False)" computerName="DESKTOP-R4SJ94J" duration="00:00:00.0000059" startTime="2026-08-08T18:44:30.0428633+08:00" endTime="2026-08-08T18:44:30.0428634+08:00" testType="13cdc9d9-ddb5-4fa4-a97d-d965ccfc6d4b" outcome="Passed" testListId="8c84fa94-04c1-424b-9868-57a2d4851a1d" relativeResultsDirectory="9a3ef8df-9c3d-4372-95ec-91b3d932ae9c" />
    <UnitTestResult executionId="e58241a2-2b6f-4193-b02c-301be3006424" testId="37e7961b-611e-2cd0-ff3c-38a251faf565" testName="StockSense.Tests.BarcodePdfTests.GenerateBarcodeValue_IsDeterministicUniqueAndValid(productId: 42)" computerName="DESKTOP-R4SJ94J" duration="00:00:00.0000053" startTime="2026-08-08T18:44:30.8416651+08:00" endTime="2026-08-08T18:44:30.8416651+08:00" testType="13cdc9d9-ddb5-4fa4-a97d-d965ccfc6d4b" outcome="Passed" testListId="8c84fa94-04c1-424b-9868-57a2d4851a1d" relativeResultsDirectory="e58241a2-2b6f-4193-b02c-301be3006424" />
    <UnitTestResult executionId="c96998ca-67cf-437d-bb07-525e2d23c892" testId="ccdde52d-35bf-35ea-aea0-deb859665edc" testName="StockSense.Tests.OrderSlipWorkflowSqlServerTests.RetryingExecutionStrategy_CanCommitWorkflowTransaction" computerName="DESKTOP-R4SJ94J" duration="00:00:00.0211205" startTime="2026-08-08T18:44:32.6723484+08:00" endTime="2026-08-08T18:44:32.6723487+08:00" testType="13cdc9d9-ddb5-4fa4-a97d-d965ccfc6d4b" outcome="Passed" testListId="8c84fa94-04c1-424b-9868-57a2d4851a1d" relativeResultsDirectory="c96998ca-67cf-437d-bb07-525e2d23c892" />
    <UnitTestResult executionId="6ca06722-f557-4805-a079-737ce50312f2" testId="5e4fb41a-8b06-9e94-c448-623e32b6b70c" testName="StockSense.Tests.AssistanceControllerTests.Ask_rejects_unknown_request_fields" computerName="DESKTOP-R4SJ94J" duration="00:00:00.0013397" startTime="2026-08-08T18:44:30.0500008+08:00" endTime="2026-08-08T18:44:30.0500009+08:00" testType="13cdc9d9-ddb5-4fa4-a97d-d965ccfc6d4b" outcome="Passed" testListId="8c84fa94-04c1-424b-9868-57a2d4851a1d" relativeResultsDirectory="6ca06722-f557-4805-a079-737ce50312f2" />
    <UnitTestResult executionId="c5c63017-0fa9-4179-8011-c48a7b7927f5" testId="b1c45385-f03a-8891-9503-43dce230f24f" testName="StockSense.Tests.ChatMessageFormatterTests.Parse_preserves_unclosed_code_fence_as_code_text" computerName="DESKTOP-R4SJ94J" duration="00:00:00.0001639" startTime="2026-08-08T18:44:30.0373778+08:00" endTime="2026-08-08T18:44:30.0373778+08:00" testType="13cdc9d9-ddb5-4fa4-a97d-d965ccfc6d4b" outcome="Passed" testListId="8c84fa94-04c1-424b-9868-57a2d4851a1d" relativeResultsDirectory="c5c63017-0fa9-4179-8011-c48a7b7927f5" />
    <UnitTestResult executionId="2ddfa154-f15a-4de0-b9f5-3077a76c276b" testId="d88f7b42-018f-2964-65c4-f1a2d2860e16" testName="StockSense.Tests.MotorcycleSelectionTests.New_work_order_requests_require_an_existing_positive_motorcycle_id" computerName="DESKTOP-R4SJ94J" duration="00:00:00.0136219" startTime="2026-08-08T18:44:30.0252655+08:00" endTime="2026-08-08T18:44:30.0252656+08:00" testType="13cdc9d9-ddb5-4fa4-a97d-d965ccfc6d4b" outcome="Passed" testListId="8c84fa94-04c1-424b-9868-57a2d4851a1d" relativeResultsDirectory="2ddfa154-f15a-4de0-b9f5-3077a76c276b" />
    <UnitTestResult executionId="8cb68a7d-0cec-493d-b52a-f3a6e2f4b76f" testId="6e223a0b-bca5-def7-629d-2f4318379888" testName="StockSense.Tests.BusinessControllerUnitTests.Mechanics_CreateUpdateDelete_RoundTrips" computerName="DESKTOP-R4SJ94J" duration="00:00:00.0097777" startTime="2026-08-08T18:44:30.8173558+08:00" endTime="2026-08-08T18:44:30.8173561+08:00" testType="13cdc9d9-ddb5-4fa4-a97d-d965ccfc6d4b" outcome="Passed" testListId="8c84fa94-04c1-424b-9868-57a2d4851a1d" relativeResultsDirectory="8cb68a7d-0cec-493d-b52a-f3a6e2f4b76f" />
    <UnitTestResult executionId="f99aff03-a2c9-40ba-95c2-61b42ddc9945" testId="a351b91a-268d-dc2a-a069-e08cc6544437" testName="StockSense.Tests.MotorcycleSelectionTests.Work_order_queries_include_readable_motorcycle_details" computerName="DESKTOP-R4SJ94J" duration="00:00:00.0766559" startTime="2026-08-08T18:44:30.7661277+08:00" endTime="2026-08-08T18:44:30.7661280+08:00" testType="13cdc9d9-ddb5-4fa4-a97d-d965ccfc6d4b" outcome="Passed" testListId="8c84fa94-04c1-424b-9868-57a2d4851a1d" relativeResultsDirectory="f99aff03-a2c9-40ba-95c2-61b42ddc9945" />
    <UnitTestResult executionId="e1f77379-4f35-405d-90e1-9481beffb8a4" testId="340ccec9-a130-51f1-6bf8-5e3e7955c2fd" testName="StockSense.Tests.AssistanceControllerTests.Ask_maps_upstream_failures_to_bad_gateway" computerName="DESKTOP-R4SJ94J" duration="00:00:00.0005578" startTime="2026-08-08T18:44:30.0486157+08:00" endTime="2026-08-08T18:44:30.0486159+08:00" testType="13cdc9d9-ddb5-4fa4-a97d-d965ccfc6d4b" outcome="Passed" testListId="8c84fa94-04c1-424b-9868-57a2d4851a1d" relativeResultsDirectory="e1f77379-4f35-405d-90e1-9481beffb8a4" />
    <UnitTestResult executionId="bdf04075-37e6-4114-8895-346f188c1e21" testId="bcef7e35-28c8-3823-4130-6a554ec2fc90" testName="StockSense.Tests.OrderSlipMathTests.Cancellation_RequiresReason" computerName="DESKTOP-R4SJ94J" duration="00:00:00.0001465" startTime="2026-08-08T18:44:30.0405263+08:00" endTime="2026-08-08T18:44:30.0405264+08:00" testType="13cdc9d9-ddb5-4fa4-a97d-d965ccfc6d4b" outcome="Passed" testListId="8c84fa94-04c1-424b-9868-57a2d4851a1d" relativeResultsDirectory="bdf04075-37e6-4114-8895-346f188c1e21" />
    <UnitTestResult executionId="2f4fc362-7321-4b47-8abc-0341a42c6a9a" testId="80115aa5-0e38-30a3-5b86-414bb2e50342" testName="StockSense.Tests.OrderSlipMathTests.ValidStatusTransitions_AreAccepted(current: &quot;PartiallyReceived&quot;, target: &quot;Completed&quot;)" computerName="DESKTOP-R4SJ94J" duration="00:00:00.0001830" startTime="2026-08-08T18:44:30.0395592+08:00" endTime="2026-08-08T18:44:30.0395592+08:00" testType="13cdc9d9-ddb5-4fa4-a97d-d965ccfc6d4b" outcome="Passed" testListId="8c84fa94-04c1-424b-9868-57a2d4851a1d" relativeResultsDirectory="2f4fc362-7321-4b47-8abc-0341a42c6a9a" />
    <UnitTestResult executionId="92c1e196-ae02-4a92-af57-8da906818e38" testId="31a02b67-5646-393a-b5d3-2d7033931ddd" testName="StockSense.Tests.ApiErrorMessageTests.Problem_details_validation_errors_are_combined_without_json" computerName="DESKTOP-R4SJ94J" duration="00:00:00.0081255" startTime="2026-08-08T18:44:30.0446228+08:00" endTime="2026-08-08T18:44:30.0446228+08:00" testType="13cdc9d9-ddb5-4fa4-a97d-d965ccfc6d4b" outcome="Passed" testListId="8c84fa94-04c1-424b-9868-57a2d4851a1d" relativeResultsDirectory="92c1e196-ae02-4a92-af57-8da906818e38" />
    <UnitTestResult executionId="7fb74031-b9ee-41f0-9ca3-bddae10d2019" testId="017c75b5-e6b5-d6a8-9200-db38e70f2aeb" testName="StockSense.Tests.BarcodePdfTests.IsValidEan13_ValidatesDigitsAndCheckDigit(value: &quot;2000000000014&quot;, expected: False)" computerName="DESKTOP-R4SJ94J" duration="00:00:00.0000016" startTime="2026-08-08T18:44:30.8521186+08:00" endTime="2026-08-08T18:44:30.8521187+08:00" testType="13cdc9d9-ddb5-4fa4-a97d-d965ccfc6d4b" outcome="Passed" testListId="8c84fa94-04c1-424b-9868-57a2d4851a1d" relativeResultsDirectory="7fb74031-b9ee-41f0-9ca3-bddae10d2019" />
    <UnitTestResult executionId="98f92404-d54b-40b2-9cd7-03bc1778faab" testId="5790c8bc-97c0-0aa1-0a7b-5936a4bfbbf2" testName="StockSense.Tests.CustomerBuildCatalogPolicyTests.CanSelect_RejectsInactiveProductsAndPackages" computerName="DESKTOP-R4SJ94J" duration="00:00:00.0002294" startTime="2026-08-08T18:44:30.0253890+08:00" endTime="2026-08-08T18:44:30.0253890+08:00" testType="13cdc9d9-ddb5-4fa4-a97d-d965ccfc6d4b" outcome="Passed" testListId="8c84fa94-04c1-424b-9868-57a2d4851a1d" relativeResultsDirectory="98f92404-d54b-40b2-9cd7-03bc1778faab" />
    <UnitTestResult executionId="a3c07fec-9d53-40d1-8162-9916a71b6411" testId="645e3bdb-72ee-33bb-87b6-9773ecb10190" testName="StockSense.Tests.AssistanceSuggestionsTests.Employee_suggestions_stay_within_operational_tasks" computerName="DESKTOP-R4SJ94J" duration="00:00:00.0006456" startTime="2026-08-08T18:44:30.0366834+08:00" endTime="2026-08-08T18:44:30.0366834+08:00" testType="13cdc9d9-ddb5-4fa4-a97d-d965ccfc6d4b" outcome="Passed" testListId="8c84fa94-04c1-424b-9868-57a2d4851a1d" relativeResultsDirectory="a3c07fec-9d53-40d1-8162-9916a71b6411" />
    <UnitTestResult executionId="4826ada4-a288-4d56-9db1-5964b7dbf38b" testId="f1ea2279-d0dc-ba91-1c67-20036fe50d3d" testName="StockSense.Tests.AssistanceControllerTests.Client_supplied_history_cannot_elevate_customer_role" computerName="DESKTOP-R4SJ94J" duration="00:00:00.0070314" startTime="2026-08-08T18:44:30.0440069+08:00" endTime="2026-08-08T18:44:30.0440070+08:00" testType="13cdc9d9-ddb5-4fa4-a97d-d965ccfc6d4b" outcome="Passed" testListId="8c84fa94-04c1-424b-9868-57a2d4851a1d" relativeResultsDirectory="4826ada4-a288-4d56-9db1-5964b7dbf38b" />
    <UnitTestResult executionId="b467d45e-7865-48c0-9b6d-4fff75038ce8" testId="678eba18-8930-0270-e089-c21cee6deb84" testName="StockSense.Tests.AssistanceClientTests.AskAsync_rejects_empty_or_malformed_responses(body: &quot;&quot;)" computerName="DESKTOP-R4SJ94J" duration="00:00:00.0015359" startTime="2026-08-08T18:44:30.0527523+08:00" endTime="2026-08-08T18:44:30.0527524+08:00" testType="13cdc9d9-ddb5-4fa4-a97d-d965ccfc6d4b" outcome="Passed" testListId="8c84fa94-04c1-424b-9868-57a2d4851a1d" relativeResultsDirectory="b467d45e-7865-48c0-9b6d-4fff75038ce8" />
    <UnitTestResult executionId="7ce19b0d-4c90-4ba5-b8cf-efac064062f3" testId="029a683a-5519-5f3c-8d5a-14691a3e1025" testName="StockSense.Tests.AssistanceControllerTests.Ask_forwards_highest_role(roles: [&quot;Employee&quot;, &quot;Customer&quot;], expectedRole: &quot;Employee&quot;)" computerName="DESKTOP-R4SJ94J" duration="00:00:00.0009578" startTime="2026-08-08T18:44:30.0470882+08:00" endTime="2026-08-08T18:44:30.0470883+08:00" testType="13cdc9d9-ddb5-4fa4-a97d-d965ccfc6d4b" outcome="Passed" testListId="8c84fa94-04c1-424b-9868-57a2d4851a1d" relativeResultsDirectory="7ce19b0d-4c90-4ba5-b8cf-efac064062f3" />
    <UnitTestResult executionId="e40c9022-b071-4b09-b2e4-398e1b9ac892" testId="fcf6c06f-607e-68ac-65ea-4f0ebca8cf1a" testName="StockSense.Tests.OrderSlipMathTests.ReceiptDate_RejectsFutureAndPreOrderDates" computerName="DESKTOP-R4SJ94J" duration="00:00:00.0002937" startTime="2026-08-08T18:44:30.0428927+08:00" endTime="2026-08-08T18:44:30.0428928+08:00" testType="13cdc9d9-ddb5-4fa4-a97d-d965ccfc6d4b" outcome="Passed" testListId="8c84fa94-04c1-424b-9868-57a2d4851a1d" relativeResultsDirectory="e40c9022-b071-4b09-b2e4-398e1b9ac892" />
    <UnitTestResult executionId="aa54e562-c048-4b9f-90d9-96ad74428f4c" testId="541118c0-22c7-faa0-d7ad-bc6f8d5f4821" testName="StockSense.Tests.SafetyStockMathTests.Calculate_RejectsMaximumStockBelowAppliedReorderPoint" computerName="DESKTOP-R4SJ94J" duration="00:00:00.0002021" startTime="2026-08-08T18:44:30.0460284+08:00" endTime="2026-08-08T18:44:30.0460284+08:00" testType="13cdc9d9-ddb5-4fa4-a97d-d965ccfc6d4b" outcome="Passed" testListId="8c84fa94-04c1-424b-9868-57a2d4851a1d" relativeResultsDirectory="aa54e562-c048-4b9f-90d9-96ad74428f4c" />
    <UnitTestResult executionId="23fd39f1-191d-448f-8b88-36befb3def95" testId="2349ac40-bf0a-8a91-8bea-2830638aefe1" testName="StockSense.Tests.SafetyStockMathTests.Calculate_FewerThanThirtyDays_UsesColdStartPolicy" computerName="DESKTOP-R4SJ94J" duration="00:00:00.0001195" startTime="2026-08-08T18:44:30.0460535+08:00" endTime="2026-08-08T18:44:30.0460535+08:00" testType="13cdc9d9-ddb5-4fa4-a97d-d965ccfc6d4b" outcome="Passed" testListId="8c84fa94-04c1-424b-9868-57a2d4851a1d" relativeResultsDirectory="23fd39f1-191d-448f-8b88-36befb3def95" />
    <UnitTestResult executionId="ab24935b-9728-437f-9475-cb79a670b68a" testId="c6651f5e-cef3-312c-229e-e9d5e185a25d" testName="StockSense.Tests.OrderSlipMathTests.MaximumStockLevel_CapsAtWholePackage" computerName="DESKTOP-R4SJ94J" duration="00:00:00.0000643" startTime="2026-08-08T18:44:30.0404938+08:00" endTime="2026-08-08T18:44:30.0404939+08:00" testType="13cdc9d9-ddb5-4fa4-a97d-d965ccfc6d4b" outcome="Passed" testListId="8c84fa94-04c1-424b-9868-57a2d4851a1d" relativeResultsDirectory="ab24935b-9728-437f-9475-cb79a670b68a" />
    <UnitTestResult executionId="3295c48d-d7e2-4baf-9582-ddac63db319d" testId="0814fdd6-1c96-08c3-f209-ffb3af235b2a" testName="StockSense.Tests.ApiErrorMessageTests.Status_fallbacks_never_expose_codes(status: NotFound, expected: &quot;The requested item was not found.&quot;)" computerName="DESKTOP-R4SJ94J" duration="00:00:00.0000062" startTime="2026-08-08T18:44:30.0416070+08:00" endTime="2026-08-08T18:44:30.0416070+08:00" testType="13cdc9d9-ddb5-4fa4-a97d-d965ccfc6d4b" outcome="Passed" testListId="8c84fa94-04c1-424b-9868-57a2d4851a1d" relativeResultsDirectory="3295c48d-d7e2-4baf-9582-ddac63db319d" />
    <UnitTestResult executionId="361d1c7e-4a66-46d6-9f18-ecaf24db6608" testId="97c3bb3e-5fb1-e852-a4f2-a903b75e4ec5" testName="StockSense.Tests.SafetyStockMathTests.Calculate_DataDrivenWithFiveLeadTimes_UsesCombinedVariabilityFormula" computerName="DESKTOP-R4SJ94J" duration="00:00:00.0001700" startTime="2026-08-08T18:44:30.0459744+08:00" endTime="2026-08-08T18:44:30.0459745+08:00" testType="13cdc9d9-ddb5-4fa4-a97d-d965ccfc6d4b" outcome="Passed" testListId="8c84fa94-04c1-424b-9868-57a2d4851a1d" relativeResultsDirectory="361d1c7e-4a66-46d6-9f18-ecaf24db6608" />
    <UnitTestResult executionId="d024b0f1-891a-41b3-b479-e71441c4f1da" testId="ac43b41e-0e3e-9f62-dc2c-4dc46b13a8a2" testName="StockSense.Tests.WorkOrderRulesTests.UnknownStatusTransition_IsRejected(current: &quot;Pending&quot;, target: &quot;Unknown&quot;)" computerName="DESKTOP-R4SJ94J" duration="00:00:00.0000041" startTime="2026-08-08T18:44:30.0235050+08:00" endTime="2026-08-08T18:44:30.0235051+08:00" testType="13cdc9d9-ddb5-4fa4-a97d-d965ccfc6d4b" outcome="Passed" testListId="8c84fa94-04c1-424b-9868-57a2d4851a1d" relativeResultsDirectory="d024b0f1-891a-41b3-b479-e71441c4f1da" />
    <UnitTestResult executionId="8b06fc22-b119-4fe5-98d1-6effdb6d20f6" testId="5f4bfaff-1e67-e8cb-193f-3280a340c493" testName="StockSense.Tests.AssistanceSuggestionsTests.Admin_suggestions_cover_management_operations" computerName="DESKTOP-R4SJ94J" duration="00:00:00.0004618" startTime="2026-08-08T18:44:30.0374041+08:00" endTime="2026-08-08T18:44:30.0374042+08:00" testType="13cdc9d9-ddb5-4fa4-a97d-d965ccfc6d4b" outcome="Passed" testListId="8c84fa94-04c1-424b-9868-57a2d4851a1d" relativeResultsDirectory="8b06fc22-b119-4fe5-98d1-6effdb6d20f6" />
    <UnitTestResult executionId="20e7c748-9cdd-4539-93fc-e51f9031721f" testId="ecb2a197-1888-f063-dbef-5e66f954aa5f" testName="StockSense.Tests.BusinessControllerUnitTests.Services_UpdateMissing_ReturnsNotFound" computerName="DESKTOP-R4SJ94J" duration="00:00:00.0006226" startTime="2026-08-08T18:44:30.8757885+08:00" endTime="2026-08-08T18:44:30.8757886+08:00" testType="13cdc9d9-ddb5-4fa4-a97d-d965ccfc6d4b" outcome="Passed" testListId="8c84fa94-04c1-424b-9868-57a2d4851a1d" relativeResultsDirectory="20e7c748-9cdd-4539-93fc-e51f9031721f" />
    <UnitTestResult executionId="8ee27cf6-ad2c-4822-8260-5aadd8c9571d" testId="69a605c8-8a87-f18b-f670-e2d1ffd01528" testName="StockSense.Tests.MotorCompatibilityControllerTests.FindExact_trims_query_and_returns_inventory_matches" computerName="DESKTOP-R4SJ94J" duration="00:00:00.0035242" startTime="2026-08-08T18:44:30.0249692+08:00" endTime="2026-08-08T18:44:30.0249692+08:00" testType="13cdc9d9-ddb5-4fa4-a97d-d965ccfc6d4b" outcome="Passed" testListId="8c84fa94-04c1-424b-9868-57a2d4851a1d" relativeResultsDirectory="8ee27cf6-ad2c-4822-8260-5aadd8c9571d" />
    <UnitTestResult executionId="d502bb42-a142-4bf7-8211-ffb5152405ac" testId="533987da-ee63-ce33-be9f-669e5b92f0cd" testName="StockSense.Tests.SafetyStockMathTests.PopulationStandardDeviation_UsesPopulationDenominator" computerName="DESKTOP-R4SJ94J" duration="00:00:00.0006526" startTime="2026-08-08T18:44:30.0459399+08:00" endTime="2026-08-08T18:44:30.0459400+08:00" testType="13cdc9d9-ddb5-4fa4-a97d-d965ccfc6d4b" outcome="Passed" testListId="8c84fa94-04c1-424b-9868-57a2d4851a1d" relativeResultsDirectory="d502bb42-a142-4bf7-8211-ffb5152405ac" />
    <UnitTestResult executionId="08089f9b-bebc-4196-935b-63b307504a13" testId="16535436-a75b-a610-41c0-efb2b8fa4f78" testName="StockSense.Tests.ApiErrorMessageTests.Technical_or_raw_payloads_use_a_safe_fallback(body: &quot;&lt;html&gt;&lt;body&gt;500 Server Error&lt;/body&gt;&lt;/html&gt;&quot;)" computerName="DESKTOP-R4SJ94J" duration="00:00:00.0000099" startTime="2026-08-08T18:44:30.0394199+08:00" endTime="2026-08-08T18:44:30.0394199+08:00" testType="13cdc9d9-ddb5-4fa4-a97d-d965ccfc6d4b" outcome="Passed" testListId="8c84fa94-04c1-424b-9868-57a2d4851a1d" relativeResultsDirectory="08089f9b-bebc-4196-935b-63b307504a13" />
    <UnitTestResult executionId="cfaa3ac4-3d28-4922-9743-ce90ee39247b" testId="accf8d54-1880-9928-6a03-39a8162eda24" testName="StockSense.Tests.ApiErrorMessageTests.Exception_details_are_not_shown(exception: System.Text.Json.JsonException: '&lt;' is invalid JSON, expected: &quot;The server returned an unexpected response. Please&quot;···)" computerName="DESKTOP-R4SJ94J" duration="00:00:00.0000056" startTime="2026-08-08T18:44:30.0366441+08:00" endTime="2026-08-08T18:44:30.0366444+08:00" testType="13cdc9d9-ddb5-4fa4-a97d-d965ccfc6d4b" outcome="Passed" testListId="8c84fa94-04c1-424b-9868-57a2d4851a1d" relativeResultsDirectory="cfaa3ac4-3d28-4922-9743-ce90ee39247b" />
    <UnitTestResult executionId="c6d86086-707e-4aa9-9436-be2c8ae8fa30" testId="db1a3653-904a-5b33-15a2-0eb1c2ca0a34" testName="StockSense.Tests.ChatMessageFormatterTests.Status_semantics_are_bounded_to_status_columns(value: &quot;Custom state&quot;, expected: Neutral)" computerName="DESKTOP-R4SJ94J" duration="00:00:00.0000113" startTime="2026-08-08T18:44:30.0406313+08:00" endTime="2026-08-08T18:44:30.0406314+08:00" testType="13cdc9d9-ddb5-4fa4-a97d-d965ccfc6d4b" outcome="Passed" testListId="8c84fa94-04c1-424b-9868-57a2d4851a1d" relativeResultsDirectory="c6d86086-707e-4aa9-9436-be2c8ae8fa30" />
    <UnitTestResult executionId="2cc320de-080b-45b8-9494-dd635eb154cc" testId="d73227c8-4016-ba9b-88ae-d3cbd21e1938" testName="StockSense.Tests.ApiErrorMessageTests.Technical_or_raw_payloads_use_a_safe_fallback(body: &quot;{\&quot;title\&quot;:\&quot;Internal Server Error\&quot;,\&quot;traceId\&quot;:\&quot;···)" computerName="DESKTOP-R4SJ94J" duration="00:00:00.0033727" startTime="2026-08-08T18:44:30.0384584+08:00" endTime="2026-08-08T18:44:30.0384585+08:00" testType="13cdc9d9-ddb5-4fa4-a97d-d965ccfc6d4b" outcome="Passed" testListId="8c84fa94-04c1-424b-9868-57a2d4851a1d" relativeResultsDirectory="2cc320de-080b-45b8-9494-dd635eb154cc" />
    <UnitTestResult executionId="e4276d94-a77a-4982-a012-ea1d4a9392a1" testId="be0ee8b2-16cc-4474-7250-ab05eb045755" testName="StockSense.Tests.AssistanceSuggestionsTests.Unknown_role_uses_customer_presentation" computerName="DESKTOP-R4SJ94J" duration="00:00:00.0011352" startTime="2026-08-08T18:44:30.0236407+08:00" endTime="2026-08-08T18:44:30.0236407+08:00" testType="13cdc9d9-ddb5-4fa4-a97d-d965ccfc6d4b" outcome="Passed" testListId="8c84fa94-04c1-424b-9868-57a2d4851a1d" relativeResultsDirectory="e4276d94-a77a-4982-a012-ea1d4a9392a1" />
    <UnitTestResult executionId="45c91350-1001-4be5-92bb-121ffe7c6b3d" testId="a155eee6-3a0e-9c0e-21fc-f1979f70e8ce" testName="StockSense.Tests.CustomerBuildCatalogPolicyTests.SelectProducts_ReturnsOnlyActiveProducts" computerName="DESKTOP-R4SJ94J" duration="00:00:00.0118837" startTime="2026-08-08T18:44:30.0249160+08:00" endTime="2026-08-08T18:44:30.0249160+08:00" testType="13cdc9d9-ddb5-4fa4-a97d-d965ccfc6d4b" outcome="Passed" testListId="8c84fa94-04c1-424b-9868-57a2d4851a1d" relativeResultsDirectory="45c91350-1001-4be5-92bb-121ffe7c6b3d" />
    <UnitTestResult executionId="e4a21461-3c90-4e13-b986-72aa281b77df" testId="64ccb8d2-7d83-6908-255a-4c4ee9616a05" testName="StockSense.Tests.BusinessControllerUnitTests.Controllers_DeclareExpectedAuthorization(controllerType: typeof(StockSense.Web.Controllers.AppointmentsController), roles: null)" computerName="DESKTOP-R4SJ94J" duration="00:00:00.0000148" startTime="2026-08-08T18:44:30.6932241+08:00" endTime="2026-08-08T18:44:30.6932241+08:00" testType="13cdc9d9-ddb5-4fa4-a97d-d965ccfc6d4b" outcome="Passed" testListId="8c84fa94-04c1-424b-9868-57a2d4851a1d" relativeResultsDirectory="e4a21461-3c90-4e13-b986-72aa281b77df" />
    <UnitTestResult executionId="31e9a453-60e9-4cca-b49b-6c361b13e50b" testId="5c38f35e-9709-b176-ca15-9ab9813728ae" testName="StockSense.Tests.OrderSlipMathTests.QuantityValidation_EnforcesOrderingRules(quantity: 20, minimum: 10, package: 5, maximum: 25, expectedErrorFragment: &quot;maximum&quot;)" computerName="DESKTOP-R4SJ94J" duration="00:00:00.0000067" startTime="2026-08-08T18:44:30.0433770+08:00" endTime="2026-08-08T18:44:30.0433771+08:00" testType="13cdc9d9-ddb5-4fa4-a97d-d965ccfc6d4b" outcome="Passed" testListId="8c84fa94-04c1-424b-9868-57a2d4851a1d" relativeResultsDirectory="31e9a453-60e9-4cca-b49b-6c361b13e50b" />
    <UnitTestResult executionId="c0c43a8d-a684-42a7-ba50-40e0721e8fc1" testId="f8f4ec32-816a-52d7-e28f-e946457f7db6" testName="StockSense.Tests.ChatbotOptionsTests.HasSupportedScheme_allows_only_http_and_https(baseUrl: &quot;http://127.0.0.1:8000&quot;, expected: True)" computerName="DESKTOP-R4SJ94J" duration="00:00:00.0000056" startTime="2026-08-08T18:44:30.0399921+08:00" endTime="2026-08-08T18:44:30.0399921+08:00" testType="13cdc9d9-ddb5-4fa4-a97d-d965ccfc6d4b" outcome="Passed" testListId="8c84fa94-04c1-424b-9868-57a2d4851a1d" relativeResultsDirectory="c0c43a8d-a684-42a7-ba50-40e0721e8fc1" />
    <UnitTestResult executionId="a75a9ac7-2a3b-4b8a-b6a4-b00880e9851b" testId="b2d848ac-9353-8f18-7ae6-d7f4ea026f24" testName="StockSense.Tests.ChatMessageFormatterTests.Formatter_preserves_links_and_script_payloads_as_plain_text_data" computerName="DESKTOP-R4SJ94J" duration="00:00:00.0000846" startTime="2026-08-08T18:44:30.0410461+08:00" endTime="2026-08-08T18:44:30.0410462+08:00" testType="13cdc9d9-ddb5-4fa4-a97d-d965ccfc6d4b" outcome="Passed" testListId="8c84fa94-04c1-424b-9868-57a2d4851a1d" relativeResultsDirectory="a75a9ac7-2a3b-4b8a-b6a4-b00880e9851b" />
    <UnitTestResult executionId="4f928afa-6b34-45ee-b7ea-5c3294078889" testId="eca3d0f2-a59f-e2f1-7f34-57aadee8bc0a" testName="StockSense.Tests.BuildProductStatusTests.CreateBuild_uses_authoritative_product_snapshot_and_total" computerName="DESKTOP-R4SJ94J" duration="00:00:00.0253041" startTime="2026-08-08T18:44:30.7122786+08:00" endTime="2026-08-08T18:44:30.7122787+08:00" testType="13cdc9d9-ddb5-4fa4-a97d-d965ccfc6d4b" outcome="Passed" testListId="8c84fa94-04c1-424b-9868-57a2d4851a1d" relativeResultsDirectory="4f928afa-6b34-45ee-b7ea-5c3294078889" />
    <UnitTestResult executionId="7085ce92-e504-4910-a92b-36ae83a5d939" testId="ebe07e66-60e4-95b1-fb64-5599fd20b333" testName="StockSense.Tests.OrderSlipMathTests.SupplierGroups_UseIndependentInventoryInputs" computerName="DESKTOP-R4SJ94J" duration="00:00:00.0000936" startTime="2026-08-08T18:44:30.0439147+08:00" endTime="2026-08-08T18:44:30.0439147+08:00" testType="13cdc9d9-ddb5-4fa4-a97d-d965ccfc6d4b" outcome="Passed" testListId="8c84fa94-04c1-424b-9868-57a2d4851a1d" relativeResultsDirectory="7085ce92-e504-4910-a92b-36ae83a5d939" />
[...]
    <TestEntry testId="8f400875-8f2d-291f-6e42-b6167f283533" executionId="2bad1761-7bdb-4717-aef0-b2345c081a47" testListId="8c84fa94-04c1-424b-9868-57a2d4851a1d" />
    <TestEntry testId="6d118672-644f-ac4d-343d-aa2bf0aea00a" executionId="54c8d026-cb73-4669-b5bc-43560da26af0" testListId="8c84fa94-04c1-424b-9868-57a2d4851a1d" />
    <TestEntry testId="0642f463-6879-f488-46e5-49163cf18c0e" executionId="06f613d4-5e89-4f84-bcfb-99e2781865ad" testListId="8c84fa94-04c1-424b-9868-57a2d4851a1d" />
    <TestEntry testId="6ada97ae-b783-e7bb-c972-de1a35c0b778" executionId="bcc95d21-76a5-4973-afa2-fad0cb44d597" testListId="8c84fa94-04c1-424b-9868-57a2d4851a1d" />
    <TestEntry testId="1af2b854-0069-a043-9275-cd767014d094" executionId="831198b4-0bf8-4c97-ada7-7e1432800df2" testListId="8c84fa94-04c1-424b-9868-57a2d4851a1d" />
    <TestEntry testId="30c43380-8f6f-a9f1-7a78-6086644a2555" executionId="ab5b0824-1670-4ad9-be71-22cdd894109d" testListId="8c84fa94-04c1-424b-9868-57a2d4851a1d" />
    <TestEntry testId="8242cad2-3852-b2d5-2f0a-0b8e65a2d9c2" executionId="5bb82160-fb52-4655-a173-5b100ca14c22" testListId="8c84fa94-04c1-424b-9868-57a2d4851a1d" />
    <TestEntry testId="5ca2167f-6b73-f327-ed24-2589b7f9d562" executionId="0bed7929-0c06-4b5b-8a66-9e35c2b2558a" testListId="8c84fa94-04c1-424b-9868-57a2d4851a1d" />
    <TestEntry testId="8d41ee4c-8498-fca5-97cf-29fd8429b507" executionId="1bb3028b-1445-4fd1-b342-7998853a98ae" testListId="8c84fa94-04c1-424b-9868-57a2d4851a1d" />
    <TestEntry testId="1cf9fee5-fb82-e24d-58a4-93c5013f6af9" executionId="bb246f81-9f38-44b1-8f78-69534e16571d" testListId="8c84fa94-04c1-424b-9868-57a2d4851a1d" />
    <TestEntry testId="154127d0-1a43-9100-259c-bf9e43f329d6" executionId="7f8be2ba-37e5-44d1-b39c-58feb2c13473" testListId="8c84fa94-04c1-424b-9868-57a2d4851a1d" />
    <TestEntry testId="07ccd8a9-7012-4336-3241-85fce16e7ffd" executionId="4e3263ca-8896-4e42-9c1e-861b714327c8" testListId="8c84fa94-04c1-424b-9868-57a2d4851a1d" />
    <TestEntry testId="1856e557-3f39-3eb2-2ae3-40fa9d425b6a" executionId="fa89e6a1-0e62-45fc-bf94-3fe68a320837" testListId="8c84fa94-04c1-424b-9868-57a2d4851a1d" />
    <TestEntry testId="a9ed346f-ee98-f42b-38b8-ed0d6edbf355" executionId="939827cd-a1c4-4a36-b2d7-74358bea747a" testListId="8c84fa94-04c1-424b-9868-57a2d4851a1d" />
    <TestEntry testId="7aa14037-2aa3-58c3-e1e8-2a3f25010b7c" executionId="6961b00d-fbdb-4af5-8b9e-f1c0ed26d03f" testListId="8c84fa94-04c1-424b-9868-57a2d4851a1d" />
    <TestEntry testId="65bd76d9-eb19-ce9c-1e70-53627e759d91" executionId="aba3d0b9-766f-4410-b700-a508044591da" testListId="8c84fa94-04c1-424b-9868-57a2d4851a1d" />
    <TestEntry testId="accf8d54-1880-9928-6a03-39a8162eda24" executionId="e4d34e03-e768-4d71-8baf-8194232dec51" testListId="8c84fa94-04c1-424b-9868-57a2d4851a1d" />
    <TestEntry testId="b51e4a6c-8cb3-a071-34c2-ea990300bd38" executionId="94d02934-8009-4676-9d2f-40049f8e134f" testListId="8c84fa94-04c1-424b-9868-57a2d4851a1d" />
    <TestEntry testId="56ae257f-57f3-4295-20cb-077d21116783" executionId="28b5ab9d-e5dd-4319-ad2c-4c57b7173981" testListId="8c84fa94-04c1-424b-9868-57a2d4851a1d" />
    <TestEntry testId="65dd8d60-4ef5-f9bd-f32a-f6ae5ff05960" executionId="ccdb597a-4d4f-44a0-a553-a1c7108cfe1e" testListId="8c84fa94-04c1-424b-9868-57a2d4851a1d" />
    <TestEntry testId="85022a55-ed98-223e-b988-1c260722a4e7" executionId="b21be2ef-db1a-43a2-a25e-7205b45c1b9d" testListId="8c84fa94-04c1-424b-9868-57a2d4851a1d" />
    <TestEntry testId="997e245e-af40-c057-ac4e-e62806ed1e84" executionId="b21bc0ce-b680-4ce4-ad82-49ecbe44867c" testListId="8c84fa94-04c1-424b-9868-57a2d4851a1d" />
    <TestEntry testId="fc10630f-46af-594e-f2cb-7ad20af61e38" executionId="1428c684-6e39-48c0-a145-59c68c348bfc" testListId="8c84fa94-04c1-424b-9868-57a2d4851a1d" />
    <TestEntry testId="c29e9dab-d26d-5448-ee84-f73451e8bc0f" executionId="f81fe1ca-b49c-4b21-b2d0-e0f46c487e74" testListId="8c84fa94-04c1-424b-9868-57a2d4851a1d" />
    <TestEntry testId="60564d59-770c-31ef-1642-bdbcbb4c72d9" executionId="47abb9b4-f7cb-4eac-8e29-d366f2853381" testListId="8c84fa94-04c1-424b-9868-57a2d4851a1d" />
    <TestEntry testId="a5c69821-e3b8-fe4d-a341-0b1cd94eaf81" executionId="2b35201f-3c75-45fe-9e6f-3ea5a782075d" testListId="8c84fa94-04c1-424b-9868-57a2d4851a1d" />
    <TestEntry testId="c5bb6dbe-355d-dc17-c0e7-c4b1e344043f" executionId="1bd0623f-ab1d-4075-8e4e-d396f215f080" testListId="8c84fa94-04c1-424b-9868-57a2d4851a1d" />
    <TestEntry testId="3c8d61ea-02bf-dfda-494b-ac935f8355a3" executionId="5a92e46b-68aa-4561-8ff1-0be8f665736d" testListId="8c84fa94-04c1-424b-9868-57a2d4851a1d" />
    <TestEntry testId="f2c48f48-9173-988c-a2dd-38553762bbe0" executionId="2141fcc4-786e-47ac-a38c-4ac3064e48d6" testListId="8c84fa94-04c1-424b-9868-57a2d4851a1d" />
    <TestEntry testId="bbff87b1-bd93-477a-dd35-0fb9a6625916" executionId="b9dc0335-e032-4ef0-932f-cf54e58ec816" testListId="8c84fa94-04c1-424b-9868-57a2d4851a1d" />
    <TestEntry testId="dbb5a5d0-a402-f59f-f96a-9e7bc24f63b9" executionId="8e66d339-0695-4106-96b5-5b7d0c853f86" testListId="8c84fa94-04c1-424b-9868-57a2d4851a1d" />
    <TestEntry testId="c6432736-a97e-bf38-abb9-7cdbfdf6f819" executionId="cc805a16-7411-4c8d-be4f-5192be3eda63" testListId="8c84fa94-04c1-424b-9868-57a2d4851a1d" />
    <TestEntry testId="6ccac62f-3231-5871-0a22-8fa2de927470" executionId="e2c775dc-71cb-46fc-95b2-e268bc2f29f7" testListId="8c84fa94-04c1-424b-9868-57a2d4851a1d" />
    <TestEntry testId="d92d5016-da99-0d7e-6cb0-31ebd9acfd99" executionId="6b17f462-64ad-4acb-a508-5bb49f90b828" testListId="8c84fa94-04c1-424b-9868-57a2d4851a1d" />
    <TestEntry testId="757988be-385c-d13b-94f8-9535034d101c" executionId="190bbf42-fe05-47a0-a9ce-8c40a6e6f619" testListId="8c84fa94-04c1-424b-9868-57a2d4851a1d" />
    <TestEntry testId="a2449693-07ac-dee2-7768-eeba709a51c3" executionId="56574b03-913c-4470-b911-5b7811efe16e" testListId="8c84fa94-04c1-424b-9868-57a2d4851a1d" />
    <TestEntry testId="87527a90-f0b4-6545-6d34-54a250f4a256" executionId="b32d0d6e-33c3-4616-ad36-65d75f43283b" testListId="8c84fa94-04c1-424b-9868-57a2d4851a1d" />
    <TestEntry testId="661621c7-fa54-7a65-4f9c-a5ba67f6300b" executionId="1fa787bb-1411-4b5a-8a46-d8b5d160aca7" testListId="8c84fa94-04c1-424b-9868-57a2d4851a1d" />
    <TestEntry testId="305bcab9-32b4-cd9c-f3b0-33a42d555fb1" executionId="16327d97-2ab5-4866-8b6b-c77db80fc2b9" testListId="8c84fa94-04c1-424b-9868-57a2d4851a1d" />
    <TestEntry testId="c9806342-12ce-be1d-90ad-eaa5bc0abec1" executionId="c637f5c6-9327-47b9-9f19-91f7eaa46605" testListId="8c84fa94-04c1-424b-9868-57a2d4851a1d" />
    <TestEntry testId="a99461f9-e2b6-077c-d10d-958f345e40a6" executionId="cba7e750-e0a2-48b7-a45a-8ddbbf416fae" testListId="8c84fa94-04c1-424b-9868-57a2d4851a1d" />
    <TestEntry testId="c416cdc2-7307-21cb-35f9-3de52ffcbebe" executionId="f0d93d99-d84b-4d57-806a-0454588f5331" testListId="8c84fa94-04c1-424b-9868-57a2d4851a1d" />
    <TestEntry testId="3cb8913c-39b0-2d20-c119-39da584e6e5c" executionId="f7276270-253d-47ac-8ce7-9584f9fee174" testListId="8c84fa94-04c1-424b-9868-57a2d4851a1d" />
    <TestEntry testId="c83fe0b8-c882-22f7-76c3-c2f4e58b8910" executionId="419d7da8-57d3-48f1-a232-f3c6d10743b9" testListId="8c84fa94-04c1-424b-9868-57a2d4851a1d" />
    <TestEntry testId="9b3f957c-aaa4-eaa3-2f55-88cb323feaf2" executionId="e16ded91-aeb3-407b-9a86-63e730ecd1a2" testListId="8c84fa94-04c1-424b-9868-57a2d4851a1d" />
    <TestEntry testId="a54bd0a7-2c84-9517-b9e5-74ba2e66a0f8" executionId="903bc8fe-4d01-4b0f-b291-3c24b45e7d0b" testListId="8c84fa94-04c1-424b-9868-57a2d4851a1d" />
    <TestEntry testId="be9b0ff7-8124-0767-c0c6-2d0faa278d3e" executionId="e745d876-36c7-45c8-887c-b4a51002c3d2" testListId="8c84fa94-04c1-424b-9868-57a2d4851a1d" />
    <TestEntry testId="212b5f1f-3cc5-10f1-b885-9a8fd75fbb37" executionId="556fd674-0540-4363-9a87-04f992b1bdcf" testListId="8c84fa94-04c1-424b-9868-57a2d4851a1d" />
    <TestEntry testId="d1e8ea24-111f-4c6d-7e21-52a9c5eb5633" executionId="c5fe0d75-d407-4777-8f7b-1029e96e1a67" testListId="8c84fa94-04c1-424b-9868-57a2d4851a1d" />
    <TestEntry testId="52dc4952-b2e0-a2cc-c92e-f72e4e727971" executionId="99fd4a41-14a4-4111-a4e6-44d514cc3874" testListId="8c84fa94-04c1-424b-9868-57a2d4851a1d" />
    <TestEntry testId="6dedca8a-4c0d-8130-f8d3-8be7533fa879" executionId="b88cf28d-6a8d-4baf-8285-6fdbd63ffbbb" testListId="8c84fa94-04c1-424b-9868-57a2d4851a1d" />
    <TestEntry testId="1c7468a6-bc65-5648-16ef-441094f3f570" executionId="bcac96d1-7243-4cb1-94db-1323bc9e1825" testListId="8c84fa94-04c1-424b-9868-57a2d4851a1d" />
    <TestEntry testId="ec304105-6d72-639b-136b-15c4f97e544c" executionId="357f7281-bd1d-4912-bf7f-889bc7e17b88" testListId="8c84fa94-04c1-424b-9868-57a2d4851a1d" />
    <TestEntry testId="711128ef-1778-d63d-b602-504f89b9907f" executionId="d48a10aa-c95b-47c7-bbba-bbb690b37a57" testListId="8c84fa94-04c1-424b-9868-57a2d4851a1d" />
    <TestEntry testId="eb844981-f644-a5ee-07cf-148c9a561efa" executionId="0f39b6e8-60c4-4533-a5de-d244d11f9a10" testListId="8c84fa94-04c1-424b-9868-57a2d4851a1d" />
    <TestEntry testId="340c97b9-1bf6-f11b-151d-9242732eca8e" executionId="cebfabc1-1c4d-4b2f-a197-13e2aac62f77" testListId="8c84fa94-04c1-424b-9868-57a2d4851a1d" />
    <TestEntry testId="721ab91c-b172-bb53-ca8b-64dfa80b5e31" executionId="09023dd3-ac11-480e-8b02-8ca46105ae74" testListId="8c84fa94-04c1-424b-9868-57a2d4851a1d" />
    <TestEntry testId="161c4ff4-8c0e-428d-655f-9ae2af579514" executionId="826ad0d7-89d7-4729-ab49-7e6efd75d710" testListId="8c84fa94-04c1-424b-9868-57a2d4851a1d" />
    <TestEntry testId="e91010ec-1dc3-9a61-5166-32854cbdedae" executionId="db1ccd17-18b6-41b7-b012-aaa8571161c0" testListId="8c84fa94-04c1-424b-9868-57a2d4851a1d" />
    <TestEntry testId="8937d9a6-74dd-9712-d3db-1c4daa4e9015" executionId="7def8835-9528-4301-a822-a845b89384a9" testListId="8c84fa94-04c1-424b-9868-57a2d4851a1d" />
    <TestEntry testId="7d9a7be7-b2f4-6bd8-cc25-afeead615cf8" executionId="3c230d54-950f-4841-8d51-c703580280c8" testListId="8c84fa94-04c1-424b-9868-57a2d4851a1d" />
    <TestEntry testId="f799f9ec-f351-2cbd-841b-495f2b7cfc0b" executionId="d29ed7ff-a1a6-4e2a-8b3a-b651e2826069" testListId="8c84fa94-04c1-424b-9868-57a2d4851a1d" />
    <TestEntry testId="9ce779c7-ccc5-39ef-3949-a8c2d71cc38b" executionId="679cb2e2-3c62-4139-976d-762df05ea860" testListId="8c84fa94-04c1-424b-9868-57a2d4851a1d" />
    <TestEntry testId="832c4c59-4081-38ca-c400-97c81d9922fa" executionId="6dccd3af-1e2f-41bd-9290-e9836f341279" testListId="8c84fa94-04c1-424b-9868-57a2d4851a1d" />
    <TestEntry testId="398da845-aef1-07bf-3b0b-af1d71e7577b" executionId="2f05a653-22b6-4ab9-beb8-088f1b174dbf" testListId="8c84fa94-04c1-424b-9868-57a2d4851a1d" />
    <TestEntry testId="8b732221-a870-f574-d9ed-784b0bae2adc" executionId="c3f23681-edcb-4f20-874a-a9385d649201" testListId="8c84fa94-04c1-424b-9868-57a2d4851a1d" />
    <TestEntry testId="4c3cd5e3-8b83-e999-498d-06d00750d405" executionId="dc5ccafe-3261-443a-bfbf-2f85e24eb215" testListId="8c84fa94-04c1-424b-9868-57a2d4851a1d" />
    <TestEntry testId="f37be901-4337-0bf6-4ed0-cc3a4f4befeb" executionId="9c36581a-0749-49de-bc00-7be9ac4675a5" testListId="8c84fa94-04c1-424b-9868-57a2d4851a1d" />
    <TestEntry testId="a7a94e9b-0c06-9339-ce39-e0b0b2e8836e" executionId="6e974c25-c0a4-4d00-9ae2-32af99cfea7e" testListId="8c84fa94-04c1-424b-9868-57a2d4851a1d" />
    <TestEntry testId="d8de3711-d701-4e2c-78ff-aa7a311a9fcf" executionId="b12f8940-c2a4-4831-b9da-993629713746" testListId="8c84fa94-04c1-424b-9868-57a2d4851a1d" />
    <TestEntry testId="ab13466a-9d5b-6e0b-dc22-891d96fcc4ec" executionId="1606108d-03f4-47f8-9cd3-6716e026b629" testListId="8c84fa94-04c1-424b-9868-57a2d4851a1d" />
    <TestEntry testId="d50cd8de-3e9e-2225-f959-dd5e75942494" executionId="3ba0fd7e-f09c-4bd9-8d2a-42d20f41e441" testListId="8c84fa94-04c1-424b-9868-57a2d4851a1d" />
    <TestEntry testId="1e2a5398-df80-855b-d3b3-359165cfb6c3" executionId="c9c2a97f-45c1-46d6-8ec4-e38c3cb1a51b" testListId="8c84fa94-04c1-424b-9868-57a2d4851a1d" />
    <TestEntry testId="00401533-766f-01b1-2633-a8df07385320" executionId="a2a30c64-77c4-4a7e-88c1-074f6cf6a4a3" testListId="8c84fa94-04c1-424b-9868-57a2d4851a1d" />
    <TestEntry testId="6e2f1e15-d38a-f5c3-24a4-1c713e04a1d1" executionId="7e00fc22-169c-429a-b640-2ca9eacb8aa1" testListId="8c84fa94-04c1-424b-9868-57a2d4851a1d" />
    <TestEntry testId="88ee79a5-f653-552f-ac6f-6d8ddfc7bc5e" executionId="33c242c1-a2d2-4cf8-a330-9512ffeaae5e" testListId="8c84fa94-04c1-424b-9868-57a2d4851a1d" />
    <TestEntry testId="63aa20ef-3689-d74a-fbde-2340e77b14d3" executionId="0bd8da93-ec40-49b7-800e-e59d505ba4eb" testListId="8c84fa94-04c1-424b-9868-57a2d4851a1d" />
    <TestEntry testId="6c165e3c-c537-a274-2dcc-b7d8a3389e4a" executionId="18347b64-a3fb-49e0-a2f9-249bc3196967" testListId="8c84fa94-04c1-424b-9868-57a2d4851a1d" />
    <TestEntry testId="4ea38c0e-8546-9fd1-18b7-59eaeaf148fb" executionId="af29a1ff-c262-4707-ad5e-6489f2b5f35a" testListId="8c84fa94-04c1-424b-9868-57a2d4851a1d" />
    <TestEntry testId="accf8d54-1880-9928-6a03-39a8162eda24" executionId="d22b104d-fce7-4198-b237-33715e3449f0" testListId="8c84fa94-04c1-424b-9868-57a2d4851a1d" />
    <TestEntry testId="2d5f62f6-3655-6276-21b5-055b84089ad5" executionId="07b03675-1cc5-4488-a37e-3b572e3ecff0" testListId="8c84fa94-04c1-424b-9868-57a2d4851a1d" />
    <TestEntry testId="d6b8cbbd-f9f8-23e4-1341-5890db32e3a6" executionId="78b57a93-8544-401a-b367-82ccdd722ac7" testListId="8c84fa94-04c1-424b-9868-57a2d4851a1d" />
    <TestEntry testId="46f154c4-5b0e-57ad-dbed-d90f8173bdba" executionId="c39b9983-e081-4801-bc00-f0c42dddd9f3" testListId="8c84fa94-04c1-424b-9868-57a2d4851a1d" />
    <TestEntry testId="012e43ff-9817-6069-f880-1376b4b244a7" executionId="9137befe-a236-4efb-9453-cdaefb9d5c6a" testListId="8c84fa94-04c1-424b-9868-57a2d4851a1d" />
    <TestEntry testId="5c00bf49-4636-56bf-1355-43c94027aa8f" executionId="edfbc10a-4830-4f01-a3b7-5a64e132893f" testListId="8c84fa94-04c1-424b-9868-57a2d4851a1d" />
    <TestEntry testId="8b1312cd-fab7-db5a-f7b0-ce00898ea6b8" executionId="8a23cae4-9c45-4fc3-b6d0-1272277d0c89" testListId="8c84fa94-04c1-424b-9868-57a2d4851a1d" />
    <TestEntry testId="1846c07b-a2af-ab67-5317-02c83fddc025" executionId="72da9e4d-9738-4310-a193-7a1dc691fb82" testListId="8c84fa94-04c1-424b-9868-57a2d4851a1d" />
    <TestEntry testId="4166fb4e-6cdb-0735-fe5d-c6983f60f0f1" executionId="c0f8810b-b8b0-4dc3-9553-c39009bb6b40" testListId="8c84fa94-04c1-424b-9868-57a2d4851a1d" />
    <TestEntry testId="2b226ba8-06f9-379b-a204-736fd73a84ab" executionId="f5437a54-cf8e-41e3-8d9b-6106ce347e69" testListId="8c84fa94-04c1-424b-9868-57a2d4851a1d" />
    <TestEntry testId="50158d5e-0b16-2430-4f19-0c9021657441" executionId="65743a97-57da-40f4-b6d3-88e8ed668bb2" testListId="8c84fa94-04c1-424b-9868-57a2d4851a1d" />
    <TestEntry testId="8123d6bf-e974-fe4d-3dbf-8f5663f9aa0e" executionId="7a673889-bd87-488e-9759-22a913cc18ac" testListId="8c84fa94-04c1-424b-9868-57a2d4851a1d" />
    <TestEntry testId="1962875e-3337-43f2-57d2-b45c8dcea3e4" executionId="5a8ebcbb-99b3-4747-8818-ccf984e2e576" testListId="8c84fa94-04c1-424b-9868-57a2d4851a1d" />
    <TestEntry testId="a2fae589-6fea-96e9-effb-5d958d999341" executionId="1f1b25b0-a5d9-4871-a5ee-f0802e2bcff3" testListId="8c84fa94-04c1-424b-9868-57a2d4851a1d" />
    <TestEntry testId="c4f977d2-68d8-e519-c026-6a56310c8c59" executionId="bbb0880e-1f0e-4df2-b860-c44e4d2771ff" testListId="8c84fa94-04c1-424b-9868-57a2d4851a1d" />
    <TestEntry testId="daabd045-62b6-3d53-8d11-9693b29dfe8f" executionId="492758b2-a545-4527-8505-d608d5405b72" testListId="8c84fa94-04c1-424b-9868-57a2d4851a1d" />
    <TestEntry testId="ecdb03a3-41e2-2b3c-d058-df2c7078970b" executionId="fbdba412-d32b-4dd3-bde6-a1d99f5ddccf" testListId="8c84fa94-04c1-424b-9868-57a2d4851a1d" />
    <TestEntry testId="bf26441e-aa5c-e569-4063-b6deed6b3be2" executionId="e6efa213-3db1-45fa-8502-c4e5c6166e59" testListId="8c84fa94-04c1-424b-9868-57a2d4851a1d" />
    <TestEntry testId="f77ef29b-59ee-56d2-2769-856e577c8d77" executionId="062b9145-b856-494d-943c-20470f8881a1" testListId="8c84fa94-04c1-424b-9868-57a2d4851a1d" />
    <TestEntry testId="9779225b-0ae2-4ca5-1e6e-a1a71d6334cc" executionId="f573fb6a-77cd-4d7b-865d-92992c07db5c" testListId="8c84fa94-04c1-424b-9868-57a2d4851a1d" />
    <TestEntry testId="5ebeefbf-d915-2d10-bd52-c9c02628a885" executionId="60c1c782-171b-4be4-96d0-48e390f49e69" testListId="8c84fa94-04c1-424b-9868-57a2d4851a1d" />
    <TestEntry testId="cd071922-4d6f-8b30-5d09-b5bb76f047ab" executionId="d267d6bc-9d50-4f43-9cdf-5ce118cb5854" testListId="8c84fa94-04c1-424b-9868-57a2d4851a1d" />
    <TestEntry testId="314aac6f-eab4-b603-b4c5-71b12e2f739c" executionId="62babb70-7f86-4618-8b34-031040f47ce1" testListId="8c84fa94-04c1-424b-9868-57a2d4851a1d" />
    <TestEntry testId="d33a7d9d-0c45-8bdd-1e2e-774f2e63e03a" executionId="01cb07b6-2530-4492-95aa-cddae3f7355b" testListId="8c84fa94-04c1-424b-9868-57a2d4851a1d" />
    <TestEntry testId="9ee135aa-b18f-4329-5730-77d4904023be" executionId="f5c6d753-5010-47b1-95c9-71b2e6e64410" testListId="8c84fa94-04c1-424b-9868-57a2d4851a1d" />
    <TestEntry testId="5ca2167f-6b73-f327-ed24-2589b7f9d562" executionId="fa7df032-3bd9-488f-aab9-096e97f5d099" testListId="8c84fa94-04c1-424b-9868-57a2d4851a1d" />
    <TestEntry testId="285ef103-79e7-a9b7-f0ec-2d2841f5b38a" executionId="a3700b3c-f6e6-4636-b58c-0cfcd0b8724f" testListId="8c84fa94-04c1-424b-9868-57a2d4851a1d" />
    <TestEntry testId="5790fa69-9dcf-2c3d-139e-be64fc1efd3f" executionId="a91ea53b-0f79-41d4-9e89-a8e6e91f930c" testListId="8c84fa94-04c1-424b-9868-57a2d4851a1d" />
    <TestEntry testId="d0d90479-5563-25cd-61a8-8878479b8ee1" executionId="8b4d4153-37e1-42a2-90bf-aba72680ee42" testListId="8c84fa94-04c1-424b-9868-57a2d4851a1d" />
    <TestEntry testId="afb31e81-ba2a-8201-6b74-1864774e710b" executionId="2e535061-670b-4064-acd3-c647cc8417b7" testListId="8c84fa94-04c1-424b-9868-57a2d4851a1d" />
    <TestEntry testId="6cf4a130-f7c6-f366-1112-1411ba24cb9c" executionId="0c8275fd-44bc-44fc-b210-d6dbfd1c6014" testListId="8c84fa94-04c1-424b-9868-57a2d4851a1d" />
    <TestEntry testId="8d1e139b-ec07-5a12-68b5-a653345beabb" executionId="09b043c1-36fe-494a-bd67-aa0c205d19c0" testListId="8c84fa94-04c1-424b-9868-57a2d4851a1d" />
    <TestEntry testId="62a73cd6-b412-7d44-f97e-fa955592361b" executionId="fa73c4d4-6eee-4943-8155-a7065b53cd1f" testListId="8c84fa94-04c1-424b-9868-57a2d4851a1d" />
    <TestEntry testId="fadeffe5-3f25-e538-7129-f7478cd36212" executionId="9c096a90-51c5-497a-abb7-cf1b96794613" testListId="8c84fa94-04c1-424b-9868-57a2d4851a1d" />
    <TestEntry testId="da32af9a-ec93-f5a4-0024-4cd674293a8c" executionId="6eeaedf0-03ab-4f24-a588-a40fb88c2a26" testListId="8c84fa94-04c1-424b-9868-57a2d4851a1d" />
    <TestEntry testId="3a96a8d5-277f-799f-b4ae-1138f1e6c790" executionId="157846b2-1428-4956-9fe3-1d23ca003110" testListId="8c84fa94-04c1-424b-9868-57a2d4851a1d" />
  </TestEntries>
  <TestLists>
    <TestList name="Results Not in a List" id="8c84fa94-04c1-424b-9868-57a2d4851a1d" />
    <TestList name="All Loaded Results" id="19431567-8539-422a-85d7-44ee4e166bda" />
  </TestLists>
  <ResultSummary outcome="Completed">
    <Counters total="272" executed="272" passed="272" failed="0" error="0" timeout="0" aborted="0" inconclusive="0" passedButRunAborted="0" notRunnable="0" notExecuted="0" disconnected="0" warning="0" completed="0" inProgress="0" pending="0" />
    <Output>
      <StdOut>[xUnit.net 00:00:00.00] xUnit.net VSTest Adapter v2.5.3.1+6b60a9e56a (64-bit .NET 8.0.29)&#xD;
[xUnit.net 00:00:00.06]   Discovering: StockSense.Tests&#xD;
[xUnit.net 00:00:00.12]   Discovered:  StockSense.Tests&#xD;
[xUnit.net 00:00:00.12]   Starting:    StockSense.Tests&#xD;
[xUnit.net 00:00:02.85]   Finished:    StockSense.Tests&#xD;
</StdOut>
    </Output>
  </ResultSummary>
</TestRun>